[LNS] Loaded map 64x64, agents: 100
[LNS] Map:
.@...@.@........................@...@.....@...@.................
.......@.............@...@.........@.........@....@.............
......................@.........@.....................@....@....
..@.@..@...........................@@.............@.@.....@....@
......@..@.........@........@...................................
.....@.@........@@............@...@..@......@.........@.....@...
............@........@.....@..................@...@...@@......@.
..@..........................@..........@........@..............
......@.@..............@...........@....................@...@...
@@................@....@..........................@....@.......@
.....@.................@....................@....@.......@@.....
.@...........................@.............@..............@.....
.@..@.....@.................@.....@@..........................@.
.........@@......@.@.............@..........@................@..
....@....@..............@..@............@..@...@..........@.....
....@............@...........@.@...@........@.....@.............
..............................................@..@..............
..@.......@...@...............................@..........@......
......................@.@......@.....@@.......@...@.@...........
@......@..........@....@..............................@....@....
@.@..........@......@..@............@..@.......@.....@........@.
....@.....@...@..@...........@.@@@..........@@..@........@......
...............@.....@@....................@...............@....
..@.@..@@@.@.....@..............@...@.........@.................
..........@......@..............@........@.......@...@..........
..................@..................................@.@.....@..
@....@...@@...@..........@....................@.................
........@.......@.@....................................@...@.@.@
@................@.........@......@..@..............@...........
....@..@..@@............@........................@..............
..................................@..@...........@...........@..
........@..........@.........@........@.....@..............@.@..
................@...........@..............@........@........@..
...@...@...........@.......@.....................@..............
.....@.............@...................@.@................@.....
...@.....@..........@@..........@..........................@....
....@...@..............@..............@.@............@.......@..
.......@....................................@.............@.....
.................@@.....@....@................@.................
.....@..@..........@....@....@@.........@..@....@..@.........@..
..@.......@.@......@..........@.@@....................@....@....
..............@...........................@....@................
.....@...........@.............@....@........................@..
....@......@........@........@......@..........@.....@.@........
..@@....@..........@..@...............@.................@..@....
..................@.........@@.....@.................@......@...
...................@.........@...@.........@........@......@....
..@...@.....@......................................@........@...
@..............@............................@.....@...@@........
............................@............@..@......@............
.............................@.@@..........@....@......@..@.....
.....@.....@................@@@.@......................@..@@....
...@.@...@.........@............@...................@...........
....@..................@.......@@.......@..@..........@....@.@..
.....................@@...@..@...............@.......@..@......@
...................@......@......@............@................@
.......@..@..@.@..@.@..@@..@....@@..........@...................
..................@...........................@@@...@...........
...........................@....@.........@.....................
........@..........@......@........@............................
...............................@..................@.@...........
........................@....................@.......@........@.
..@..........................@..@...@.....@.@.........@.........
@@.........@@@.............@....@..................@........@.@@
[LNS] Agents (start -> goal):
  Agent 0: (42,38) -> (8,9)
  Agent 1: (52,39) -> (41,15)
  Agent 2: (6,48) -> (11,45)
  Agent 3: (62,7) -> (7,55)
  Agent 4: (10,0) -> (63,40)
  Agent 5: (22,63) -> (39,41)
  Agent 6: (35,14) -> (7,41)
  Agent 7: (33,0) -> (41,38)
  Agent 8: (15,24) -> (21,18)
  Agent 9: (45,34) -> (43,33)
  Agent 10: (10,16) -> (4,25)
  Agent 11: (53,19) -> (42,54)
  Agent 12: (4,26) -> (35,27)
  Agent 13: (8,43) -> (56,48)
  Agent 14: (5,0) -> (54,44)
  Agent 15: (39,32) -> (52,61)
  Agent 16: (18,59) -> (19,15)
  Agent 17: (62,51) -> (0,34)
  Agent 18: (33,12) -> (17,62)
  Agent 19: (37,53) -> (30,7)
  Agent 20: (62,0) -> (9,42)
  Agent 21: (5,8) -> (34,25)
  Agent 22: (44,15) -> (45,45)
  Agent 23: (9,28) -> (13,43)
  Agent 24: (8,16) -> (16,26)
  Agent 25: (13,25) -> (53,14)
  Agent 26: (41,45) -> (39,28)
  Agent 27: (44,34) -> (44,40)
  Agent 28: (51,52) -> (45,19)
  Agent 29: (52,63) -> (31,60)
  Agent 30: (46,47) -> (30,12)
  Agent 31: (49,40) -> (63,43)
  Agent 32: (0,56) -> (49,14)
  Agent 33: (48,30) -> (61,60)
  Agent 34: (23,39) -> (28,18)
  Agent 35: (19,62) -> (28,47)
  Agent 36: (59,0) -> (13,57)
  Agent 37: (12,52) -> (60,5)
  Agent 38: (10,53) -> (4,54)
  Agent 39: (2,51) -> (14,17)
  Agent 40: (15,33) -> (19,27)
  Agent 41: (10,14) -> (62,22)
  Agent 42: (2,57) -> (59,22)
  Agent 43: (50,18) -> (48,16)
  Agent 44: (50,33) -> (42,53)
  Agent 45: (54,62) -> (4,55)
  Agent 46: (1,63) -> (52,12)
  Agent 47: (49,30) -> (36,42)
  Agent 48: (35,40) -> (51,52)
  Agent 49: (55,0) -> (15,57)
  Agent 50: (55,56) -> (31,0)
  Agent 51: (53,29) -> (37,17)
  Agent 52: (28,32) -> (20,17)
  Agent 53: (48,24) -> (27,58)
  Agent 54: (50,35) -> (52,37)
  Agent 55: (34,62) -> (7,8)
  Agent 56: (59,61) -> (18,18)
  Agent 57: (55,61) -> (58,53)
  Agent 58: (25,52) -> (25,45)
  Agent 59: (38,62) -> (46,7)
  Agent 60: (61,47) -> (53,11)
  Agent 61: (34,43) -> (36,41)
  Agent 62: (5,10) -> (42,51)
  Agent 63: (23,33) -> (45,47)
  Agent 64: (6,38) -> (41,4)
  Agent 65: (31,55) -> (0,44)
  Agent 66: (63,61) -> (14,8)
  Agent 67: (32,0) -> (47,58)
  Agent 68: (16,62) -> (45,44)
  Agent 69: (16,14) -> (19,13)
  Agent 70: (2,34) -> (10,36)
  Agent 71: (22,62) -> (19,50)
  Agent 72: (50,56) -> (59,37)
  Agent 73: (35,35) -> (58,31)
  Agent 74: (57,29) -> (12,42)
  Agent 75: (16,59) -> (3,23)
  Agent 76: (4,5) -> (3,6)
  Agent 77: (63,19) -> (21,19)
  Agent 78: (60,56) -> (20,3)
  Agent 79: (27,50) -> (57,11)
  Agent 80: (27,2) -> (15,14)
  Agent 81: (52,18) -> (41,26)
  Agent 82: (52,14) -> (25,29)
  Agent 83: (43,8) -> (48,41)
  Agent 84: (49,55) -> (16,0)
  Agent 85: (4,61) -> (27,7)
  Agent 86: (36,57) -> (48,47)
  Agent 87: (43,31) -> (36,57)
  Agent 88: (63,46) -> (1,19)
  Agent 89: (46,45) -> (34,44)
  Agent 90: (29,53) -> (47,32)
  Agent 91: (58,55) -> (25,22)
  Agent 92: (57,49) -> (52,59)
  Agent 93: (49,57) -> (38,25)
  Agent 94: (20,6) -> (9,14)
  Agent 95: (60,59) -> (46,6)
  Agent 96: (25,15) -> (7,59)
  Agent 97: (1,54) -> (41,59)
  Agent 98: (0,63) -> (39,0)
  Agent 99: (41,10) -> (50,63)

[LNS] === Attempt with max_timesteps=103 ===
[LNS] Creating MDDs with shortest paths + waiting time...
[LNS] Created 100 MDDs with waiting time structure
[LNS] Built MDDs with waiting time structure for 100 agents at makespan 103
[LNS] Step 1: Sampling shortest paths and creating current solution...
[LNS] Calculating waiting times for agents...
  Agent 99 reaches goal at t=64, waiting time=39
  Agent 98 reaches goal at t=102, waiting time=1
  Agent 97 reaches goal at t=47, waiting time=56
  Agent 96 reaches goal at t=62, waiting time=41
  Agent 95 reaches goal at t=67, waiting time=36
  Agent 94 reaches goal at t=19, waiting time=84
  Agent 93 reaches goal at t=43, waiting time=60
  Agent 92 reaches goal at t=15, waiting time=88
  Agent 91 reaches goal at t=66, waiting time=37
  Agent 90 reaches goal at t=39, waiting time=64
  Agent 89 reaches goal at t=13, waiting time=90
  Agent 88 reaches goal at t=89, waiting time=14
  Agent 87 reaches goal at t=33, waiting time=70
  Agent 86 reaches goal at t=22, waiting time=81
  Agent 85 reaches goal at t=77, waiting time=26
  Agent 84 reaches goal at t=90, waiting time=13
  Agent 83 reaches goal at t=38, waiting time=65
  Agent 82 reaches goal at t=42, waiting time=61
  Agent 81 reaches goal at t=19, waiting time=84
  Agent 80 reaches goal at t=24, waiting time=79
  Agent 79 reaches goal at t=69, waiting time=34
  Agent 78 reaches goal at t=93, waiting time=10
  Agent 77 reaches goal at t=48, waiting time=55
  Agent 76 reaches goal at t=2, waiting time=101
  Agent 75 reaches goal at t=49, waiting time=54
  Agent 74 reaches goal at t=58, waiting time=45
  Agent 73 reaches goal at t=27, waiting time=76
  Agent 72 reaches goal at t=28, waiting time=75
  Agent 71 reaches goal at t=17, waiting time=86
  Agent 70 reaches goal at t=10, waiting time=93
  Agent 69 reaches goal at t=4, waiting time=99
  Agent 68 reaches goal at t=47, waiting time=56
  Agent 67 reaches goal at t=73, waiting time=30
  Agent 66 reaches goal at t=102, waiting time=1
  Agent 65 reaches goal at t=42, waiting time=61
  Agent 64 reaches goal at t=69, waiting time=34
  Agent 63 reaches goal at t=36, waiting time=67
  Agent 62 reaches goal at t=78, waiting time=25
  Agent 61 reaches goal at t=4, waiting time=99
  Agent 60 reaches goal at t=44, waiting time=59
  Agent 59 reaches goal at t=63, waiting time=40
  Agent 58 reaches goal at t=7, waiting time=96
  Agent 57 reaches goal at t=11, waiting time=92
  Agent 56 reaches goal at t=84, waiting time=19
  Agent 55 reaches goal at t=81, waiting time=22
  Agent 54 reaches goal at t=4, waiting time=99
  Agent 53 reaches goal at t=55, waiting time=48
  Agent 52 reaches goal at t=23, waiting time=80
  Agent 51 reaches goal at t=28, waiting time=75
  Agent 50 reaches goal at t=80, waiting time=23
  Agent 49 reaches goal at t=97, waiting time=6
  Agent 48 reaches goal at t=28, waiting time=75
  Agent 47 reaches goal at t=25, waiting time=78
  Agent 46 reaches goal at t=102, waiting time=1
  Agent 45 reaches goal at t=57, waiting time=46
  Agent 44 reaches goal at t=28, waiting time=75
  Agent 43 reaches goal at t=4, waiting time=99
  Agent 42 reaches goal at t=92, waiting time=11
  Agent 41 reaches goal at t=62, waiting time=41
  Agent 40 reaches goal at t=10, waiting time=93
  Agent 39 reaches goal at t=46, waiting time=57
  Agent 38 reaches goal at t=7, waiting time=96
  Agent 37 reaches goal at t=95, waiting time=8
  Agent 36 reaches goal at t=103, waiting time=0
  Agent 35 reaches goal at t=24, waiting time=79
  Agent 34 reaches goal at t=26, waiting time=77
  Agent 33 reaches goal at t=43, waiting time=60
  Agent 32 reaches goal at t=91, waiting time=12
  Agent 31 reaches goal at t=17, waiting time=86
  Agent 30 reaches goal at t=51, waiting time=52
  Agent 29 reaches goal at t=24, waiting time=79
  Agent 28 reaches goal at t=39, waiting time=64
  Agent 27 reaches goal at t=8, waiting time=95
  Agent 26 reaches goal at t=21, waiting time=82
  Agent 25 reaches goal at t=51, waiting time=52
  Agent 24 reaches goal at t=18, waiting time=85
  Agent 23 reaches goal at t=19, waiting time=84
  Agent 22 reaches goal at t=35, waiting time=68
  Agent 21 reaches goal at t=46, waiting time=57
  Agent 20 reaches goal at t=95, waiting time=8
  Agent 19 reaches goal at t=53, waiting time=50
  Agent 18 reaches goal at t=66, waiting time=37
  Agent 17 reaches goal at t=79, waiting time=24
  Agent 16 reaches goal at t=49, waiting time=54
  Agent 15 reaches goal at t=42, waiting time=61
  Agent 14 reaches goal at t=93, waiting time=10
  Agent 13 reaches goal at t=55, waiting time=48
  Agent 12 reaches goal at t=32, waiting time=71
  Agent 11 reaches goal at t=46, waiting time=57
  Agent 10 reaches goal at t=15, waiting time=88
  Agent 9 reaches goal at t=3, waiting time=100
  Agent 8 reaches goal at t=12, waiting time=91
  Agent 7 reaches goal at t=46, waiting time=57
  Agent 6 reaches goal at t=55, waiting time=48
  Agent 5 reaches goal at t=39, waiting time=64
  Agent 4 reaches goal at t=93, waiting time=10
  Agent 3 reaches goal at t=103, waiting time=0
  Agent 2 reaches goal at t=8, waiting time=95
  Agent 1 reaches goal at t=35, waiting time=68
  Agent 0 reaches goal at t=63, waiting time=40
[LNS] Waiting time calculation complete
[LNS] Created current solution with 100 agent paths and path map of size 64x64
[LNS] Step 2: Analyzing conflicts...
[LNS] Current solution: vertex collisions=148, edge collisions=21
[LNS] Step 3: Building conflict buckets...
[LNS] Building diamond bucket for conflict 0
[LNS] Building diamond bucket for conflict 1
[LNS] Building diamond bucket for conflict 3
[LNS] Building diamond bucket for conflict 4
[LNS] Building diamond bucket for conflict 5
[LNS] Building diamond bucket for conflict 6
[LNS] Building diamond bucket for conflict 8
[LNS] Building diamond bucket for conflict 9
[LNS] Building diamond bucket for conflict 10
[LNS] Building diamond bucket for conflict 11
[LNS] Building diamond bucket for conflict 12
[LNS] Building diamond bucket for conflict 13
[LNS] Building diamond bucket for conflict 15
[LNS] Building diamond bucket for conflict 18
[LNS] Building diamond bucket for conflict 19
[LNS] Building diamond bucket for conflict 22
[LNS] Building diamond bucket for conflict 24
[LNS] Building diamond bucket for conflict 25
[LNS] Building diamond bucket for conflict 30
[LNS] Building diamond bucket for conflict 31
[LNS] Building diamond bucket for conflict 32
[LNS] Building diamond bucket for conflict 34
[LNS] Building diamond bucket for conflict 37
[LNS] Building diamond bucket for conflict 40
[LNS] Building diamond bucket for conflict 43
[LNS] Building diamond bucket for conflict 45
[LNS] Building diamond bucket for conflict 53
[LNS] Building diamond bucket for conflict 56
[LNS] Building diamond bucket for conflict 57
[LNS] Building diamond bucket for conflict 59
[LNS] Building diamond bucket for conflict 60
[LNS] Building diamond bucket for conflict 67
[LNS] Building diamond bucket for conflict 69
[LNS] Building diamond bucket for conflict 72
[LNS] Building diamond bucket for conflict 74
[LNS] Building diamond bucket for conflict 75
[LNS] Building diamond bucket for conflict 76
[LNS] Building diamond bucket for conflict 78
[LNS] Building diamond bucket for conflict 83
[LNS] Building diamond bucket for conflict 88
[LNS] Building diamond bucket for conflict 94
[LNS] Building diamond bucket for conflict 96
[LNS] Building diamond bucket for conflict 97
[LNS] Building diamond bucket for conflict 99
[LNS] Building diamond bucket for conflict 101
[LNS] Building diamond bucket for conflict 107
[LNS] Building diamond bucket for conflict 108
[LNS] Building diamond bucket for conflict 111
[LNS] Building diamond bucket for conflict 112
[LNS] Building diamond bucket for conflict 115
[LNS] Building diamond bucket for conflict 116
[LNS] Building diamond bucket for conflict 117
[LNS] Building diamond bucket for conflict 120
[LNS] Building diamond bucket for conflict 125
[LNS] Building diamond bucket for conflict 126
[LNS] Building diamond bucket for conflict 127
[LNS] Building diamond bucket for conflict 129
[LNS] Building diamond bucket for conflict 132
[LNS] Building diamond bucket for conflict 134
[LNS] Building diamond bucket for conflict 135
[LNS] Building diamond bucket for conflict 137
[LNS] Building diamond bucket for conflict 138
[LNS] Building diamond bucket for conflict 139
[LNS] Building diamond bucket for conflict 141
[LNS] Building diamond bucket for conflict 147
[LNS] Building diamond bucket for conflict 148
[LNS] Building diamond bucket for conflict 158
[LNS] Building diamond bucket for conflict 160
[LNS] Building diamond bucket for conflict 162
[LNS] Building diamond bucket for conflict 176
[LNS] Building diamond bucket for conflict 184
[LNS] Building diamond bucket for conflict 186
[LNS] Formed 72 diamond-shaped conflict bucket(s).
  Diamond Bucket 0: positions=7, conflicts=2
  Diamond Bucket 1: positions=7, conflicts=4
  Diamond Bucket 2: positions=5, conflicts=1
  Diamond Bucket 3: positions=9, conflicts=3
  Diamond Bucket 4: positions=13, conflicts=4
  Diamond Bucket 5: positions=57, conflicts=35
  Diamond Bucket 6: positions=5, conflicts=1
  Diamond Bucket 7: positions=6, conflicts=3
  Diamond Bucket 8: positions=19, conflicts=7
  Diamond Bucket 9: positions=8, conflicts=2
  Diamond Bucket 10: positions=5, conflicts=1
  Diamond Bucket 11: positions=5, conflicts=1
  Diamond Bucket 12: positions=4, conflicts=1
  Diamond Bucket 13: positions=5, conflicts=1
  Diamond Bucket 14: positions=8, conflicts=4
  Diamond Bucket 15: positions=13, conflicts=4
  Diamond Bucket 16: positions=4, conflicts=1
  Diamond Bucket 17: positions=5, conflicts=1
  Diamond Bucket 18: positions=5, conflicts=1
  Diamond Bucket 19: positions=5, conflicts=4
  Diamond Bucket 20: positions=5, conflicts=1
  Diamond Bucket 21: positions=8, conflicts=2
  Diamond Bucket 22: positions=4, conflicts=1
  Diamond Bucket 23: positions=5, conflicts=1
  Diamond Bucket 24: positions=9, conflicts=3
  Diamond Bucket 25: positions=5, conflicts=4
  Diamond Bucket 26: positions=7, conflicts=3
  Diamond Bucket 27: positions=5, conflicts=2
  Diamond Bucket 28: positions=3, conflicts=1
  Diamond Bucket 29: positions=6, conflicts=3
  Diamond Bucket 30: positions=5, conflicts=1
  Diamond Bucket 31: positions=8, conflicts=3
  Diamond Bucket 32: positions=5, conflicts=1
  Diamond Bucket 33: positions=8, conflicts=3
  Diamond Bucket 34: positions=5, conflicts=1
  Diamond Bucket 35: positions=16, conflicts=9
  Diamond Bucket 36: positions=5, conflicts=2
  Diamond Bucket 37: positions=4, conflicts=2
  Diamond Bucket 38: positions=5, conflicts=1
  Diamond Bucket 39: positions=5, conflicts=1
  Diamond Bucket 40: positions=14, conflicts=5
  Diamond Bucket 41: positions=5, conflicts=1
  Diamond Bucket 42: positions=3, conflicts=1
  Diamond Bucket 43: positions=3, conflicts=1
  Diamond Bucket 44: positions=13, conflicts=4
  Diamond Bucket 45: positions=7, conflicts=2
  Diamond Bucket 46: positions=5, conflicts=1
  Diamond Bucket 47: positions=5, conflicts=1
  Diamond Bucket 48: positions=4, conflicts=1
  Diamond Bucket 49: positions=5, conflicts=1
  Diamond Bucket 50: positions=5, conflicts=3
  Diamond Bucket 51: positions=5, conflicts=2
  Diamond Bucket 52: positions=5, conflicts=1
  Diamond Bucket 53: positions=5, conflicts=1
  Diamond Bucket 54: positions=7, conflicts=5
  Diamond Bucket 55: positions=5, conflicts=1
  Diamond Bucket 56: positions=5, conflicts=1
  Diamond Bucket 57: positions=5, conflicts=1
  Diamond Bucket 58: positions=5, conflicts=1
  Diamond Bucket 59: positions=6, conflicts=3
  Diamond Bucket 60: positions=9, conflicts=3
  Diamond Bucket 61: positions=4, conflicts=2
  Diamond Bucket 62: positions=5, conflicts=1
  Diamond Bucket 63: positions=10, conflicts=4
  Diamond Bucket 64: positions=5, conflicts=1
  Diamond Bucket 65: positions=8, conflicts=2
  Diamond Bucket 66: positions=7, conflicts=2
  Diamond Bucket 67: positions=6, conflicts=2
  Diamond Bucket 68: positions=7, conflicts=2
  Diamond Bucket 69: positions=8, conflicts=2
  Diamond Bucket 70: positions=8, conflicts=2
  Diamond Bucket 71: positions=13, conflicts=4
[LNS] Step 4: Selecting most relevant bucket...
[LNS] Selected most relevant diamond bucket 5 with 35 conflicts and 57 positions.
[LNS] Step 5: Creating map crop for selected bucket...
[LNS] Step 6: Computing conflict time window and extracting local paths...
[LNS] Conflict 6 agents: 73 and 0
[LNS] Conflict 6 timestep: 6
[LNS] Conflict 6 positions: 40,34
[LNS] Conflict 20 agents: 30 and 15
[LNS] Conflict 20 timestep: 11
[LNS] Conflict 20 positions: 42,40
[LNS] Conflict 36 agents: 93 and 84
[LNS] Conflict 36 timestep: 19
[LNS] Conflict 36 positions: 42,45
[LNS] Conflict 38 agents: 93 and 84
[LNS] Conflict 38 timestep: 20
[LNS] Conflict 38 positions: 42,44
[LNS] Conflict 41 agents: 93 and 84
[LNS] Conflict 41 timestep: 21
[LNS] Conflict 41 positions: 42,43
[LNS] Conflict 42 agents: 93 and 84
[LNS] Conflict 42 timestep: 22
[LNS] Conflict 42 positions: 42,42
[LNS] Conflict 44 agents: 93 and 84
[LNS] Conflict 44 timestep: 23
[LNS] Conflict 44 positions: 42,41
[LNS] Conflict 46 agents: 90 and 59
[LNS] Conflict 46 timestep: 23
[LNS] Conflict 46 positions: 40,41
[LNS] Conflict 47 agents: 93 and 84
[LNS] Conflict 47 timestep: 24
[LNS] Conflict 47 positions: 41,41
[LNS] Conflict 48 agents: 93 and 59
[LNS] Conflict 48 timestep: 24
[LNS] Conflict 48 positions: 41,41
[LNS] Conflict 49 agents: 84 and 59
[LNS] Conflict 49 timestep: 24
[LNS] Conflict 49 positions: 41,41
[LNS] Conflict 52 agents: 93 and 84
[LNS] Conflict 52 timestep: 25
[LNS] Conflict 52 positions: 41,40
[LNS] Conflict 54 agents: 93 and 59
[LNS] Conflict 54 timestep: 25
[LNS] Conflict 54 positions: 41,40
[LNS] Conflict 55 agents: 84 and 59
[LNS] Conflict 55 timestep: 25
[LNS] Conflict 55 positions: 41,40
[LNS] Conflict 58 agents: 93 and 59
[LNS] Conflict 58 timestep: 26
[LNS] Conflict 58 positions: 41,39
[LNS] Conflict 61 agents: 93 and 90
[LNS] Conflict 61 timestep: 27
[LNS] Conflict 61 positions: 41,38
[LNS] Conflict 62 agents: 93 and 59
[LNS] Conflict 62 timestep: 27
[LNS] Conflict 62 positions: 41,38
[LNS] Conflict 63 agents: 90 and 59
[LNS] Conflict 63 timestep: 27
[LNS] Conflict 63 positions: 41,38
[LNS] Conflict 64 agents: 93 and 90
[LNS] Conflict 64 timestep: 28
[LNS] Conflict 64 positions: 41,37
[LNS] Conflict 65 agents: 93 and 59
[LNS] Conflict 65 timestep: 28
[LNS] Conflict 65 positions: 41,37
[LNS] Conflict 66 agents: 90 and 59
[LNS] Conflict 66 timestep: 28
[LNS] Conflict 66 positions: 41,37
[LNS] Conflict 68 agents: 93 and 59
[LNS] Conflict 68 timestep: 29
[LNS] Conflict 68 positions: 41,36
[LNS] Conflict 70 agents: 91 and 17
[LNS] Conflict 70 timestep: 29
[LNS] Conflict 70 positions: 43,41
[LNS] Conflict 71 agents: 90 and 11
[LNS] Conflict 71 timestep: 29
[LNS] Conflict 71 positions: 42,37
[LNS] Conflict 73 agents: 93 and 59
[LNS] Conflict 73 timestep: 30
[LNS] Conflict 73 positions: 41,35
[LNS] Conflict 77 agents: 93 and 59
[LNS] Conflict 77 timestep: 31
[LNS] Conflict 77 positions: 41,34
[LNS] Conflict 79 agents: 93 and 59
[LNS] Conflict 79 timestep: 32
[LNS] Conflict 79 positions: 41,33
[LNS] Conflict 80 agents: 93 and 59
[LNS] Conflict 80 timestep: 33
[LNS] Conflict 80 positions: 41,32
[LNS] Conflict 81 agents: 78 and 11
[LNS] Conflict 81 timestep: 33
[LNS] Conflict 81 positions: 42,41
[LNS] Conflict 84 agents: 93 and 59
[LNS] Conflict 84 timestep: 34
[LNS] Conflict 84 positions: 41,31
[LNS] Conflict 90 agents: 93 and 59
[LNS] Conflict 90 timestep: 35
[LNS] Conflict 90 positions: 41,30
[LNS] Conflict 92 agents: 93 and 67
[LNS] Conflict 92 timestep: 37
[LNS] Conflict 92 positions: 41,28
[LNS] Conflict 113 agents: 67 and 66
[LNS] Conflict 113 timestep: 46
[LNS] Conflict 113 positions: 41,37
[LNS] Conflict 172 agents: 93 and 7
[LNS] Conflict 172 timestep: 36
[LNS] Conflict 172 positions: 41,29 and 41,28
[LNS] Conflict 173 agents: 93 and 7
[LNS] Conflict 173 timestep: 36
[LNS] Conflict 173 positions: 41,29 and 41,28
[LNS] Conflict time window: [5, 47]
[LNS] Agents in zone within window: 33
[LNS] Agent 0 entered the zone at timestep 5
[LNS] Agent 0 exited the zone at timestep 8
[LNS] Agent 0 exited the zone at timestep 7
  Agent 0 local segment t=[5,7] len=3
[LNS] Agent 1 entered the zone at timestep 16
[LNS] Agent 1 exited the zone at timestep 24
[LNS] Agent 1 exited the zone at timestep 23
  Agent 1 local segment t=[16,23] len=8
[LNS] Agent 5 entered the zone at timestep 39
[LNS] Agent 5 exited the zone at timestep 47
  Agent 5 local segment t=[39,47] len=9
[LNS] Agent 7 entered the zone at timestep 35
[LNS] Agent 7 exited the zone at timestep 47
  Agent 7 local segment t=[35,47] len=13
[LNS] Agent 11 entered the zone at timestep 28
[LNS] Agent 11 exited the zone at timestep 39
[LNS] Agent 11 exited the zone at timestep 38
  Agent 11 local segment t=[28,38] len=11
[LNS] Agent 13 entered the zone at timestep 37
[LNS] Agent 13 exited the zone at timestep 38
[LNS] Agent 13 entered the zone at timestep 39
[LNS] Agent 13 exited the zone at timestep 40
[LNS] Agent 13 exited the zone at timestep 39
[LNS] Agent 13 returned to the zone 1 times within time window
[LNS] NEED TO HANDLE RETURNING AGENTS AS PSEUDO AGENTS
[LNS] Agent 13 returned to the zone 1 times within time window
[LNS] Agent 13 can reach the new exit position from the original entry position
  Agent 13 local segment t=[37,39] len=3
[LNS] Agent 15 entered the zone at timestep 8
[LNS] Agent 15 exited the zone at timestep 18
[LNS] Agent 15 exited the zone at timestep 17
  Agent 15 local segment t=[8,17] len=10
[LNS] Agent 17 entered the zone at timestep 28
[LNS] Agent 17 exited the zone at timestep 34
[LNS] Agent 17 exited the zone at timestep 33
  Agent 17 local segment t=[28,33] len=6
[LNS] Agent 26 entered the zone at timestep 5
[LNS] Agent 26 exited the zone at timestep 21
[LNS] Agent 26 exited the zone at timestep 20
  Agent 26 local segment t=[5,20] len=16
[LNS] Agent 30 entered the zone at timestep 5
[LNS] Agent 30 exited the zone at timestep 21
[LNS] Agent 30 exited the zone at timestep 20
  Agent 30 local segment t=[5,20] len=16
[LNS] Agent 37 entered the zone at timestep 45
[LNS] Agent 37 exited the zone at timestep 46
[LNS] Agent 37 exited the zone at timestep 45
  Agent 37 local segment t=[45,45] len=1
[LNS] Agent 44 entered the zone at timestep 14
[LNS] Agent 44 exited the zone at timestep 15
[LNS] Agent 44 entered the zone at timestep 19
[LNS] Agent 44 exited the zone at timestep 20
[LNS] Agent 44 entered the zone at timestep 21
[LNS] Agent 44 exited the zone at timestep 22
[LNS] Agent 44 exited the zone at timestep 21
[LNS] Agent 44 returned to the zone 2 times within time window
[LNS] NEED TO HANDLE RETURNING AGENTS AS PSEUDO AGENTS
[LNS] Agent 44 returned to the zone 2 times within time window
[LNS] Agent 44 can reach the new exit position from the original entry position
  Agent 44 local segment t=[14,21] len=8
[LNS] Agent 47 entered the zone at timestep 16
[LNS] Agent 47 exited the zone at timestep 22
[LNS] Agent 47 exited the zone at timestep 21
  Agent 47 local segment t=[16,21] len=6
[LNS] Agent 48 entered the zone at timestep 11
[LNS] Agent 48 exited the zone at timestep 14
[LNS] Agent 48 exited the zone at timestep 13
  Agent 48 local segment t=[11,13] len=3
[LNS] Agent 50 entered the zone at timestep 26
[LNS] Agent 50 exited the zone at timestep 34
[LNS] Agent 50 exited the zone at timestep 33
  Agent 50 local segment t=[26,33] len=8
[LNS] Agent 53 entered the zone at timestep 10
[LNS] Agent 53 exited the zone at timestep 13
[LNS] Agent 53 exited the zone at timestep 12
  Agent 53 local segment t=[10,12] len=3
[LNS] Agent 56 entered the zone at timestep 34
[LNS] Agent 56 exited the zone at timestep 43
[LNS] Agent 56 exited the zone at timestep 42
  Agent 56 local segment t=[34,42] len=9
[LNS] Agent 59 entered the zone at timestep 22
[LNS] Agent 59 exited the zone at timestep 39
[LNS] Agent 59 exited the zone at timestep 38
  Agent 59 local segment t=[22,38] len=17
[LNS] Agent 63 entered the zone at timestep 32
[LNS] Agent 63 exited the zone at timestep 33
[LNS] Agent 63 exited the zone at timestep 32
  Agent 63 local segment t=[32,32] len=1
[LNS] Agent 66 entered the zone at timestep 44
[LNS] Agent 66 exited the zone at timestep 47
  Agent 66 local segment t=[44,47] len=4
[LNS] Agent 67 entered the zone at timestep 36
[LNS] Agent 67 exited the zone at timestep 47
  Agent 67 local segment t=[36,47] len=12
[LNS] Agent 68 entered the zone at timestep 43
[LNS] Agent 68 exited the zone at timestep 46
[LNS] Agent 68 exited the zone at timestep 45
  Agent 68 local segment t=[43,45] len=3
[LNS] Agent 73 entered the zone at timestep 5
[LNS] Agent 73 exited the zone at timestep 9
[LNS] Agent 73 exited the zone at timestep 8
  Agent 73 local segment t=[5,8] len=4
[LNS] Agent 74 entered the zone at timestep 25
[LNS] Agent 74 exited the zone at timestep 31
[LNS] Agent 74 exited the zone at timestep 30
  Agent 74 local segment t=[25,30] len=6
[LNS] Agent 78 entered the zone at timestep 31
[LNS] Agent 78 exited the zone at timestep 40
[LNS] Agent 78 exited the zone at timestep 39
  Agent 78 local segment t=[31,39] len=9
[LNS] Agent 79 entered the zone at timestep 24
[LNS] Agent 79 exited the zone at timestep 28
[LNS] Agent 79 entered the zone at timestep 29
[LNS] Agent 79 exited the zone at timestep 30
[LNS] Agent 79 exited the zone at timestep 29
[LNS] Agent 79 returned to the zone 1 times within time window
[LNS] NEED TO HANDLE RETURNING AGENTS AS PSEUDO AGENTS
[LNS] Agent 79 returned to the zone 1 times within time window
[LNS] Agent 79 can reach the new exit position from the original entry position
  Agent 79 local segment t=[24,29] len=6
[LNS] Agent 84 entered the zone at timestep 18
[LNS] Agent 84 exited the zone at timestep 29
[LNS] Agent 84 exited the zone at timestep 28
  Agent 84 local segment t=[18,28] len=11
[LNS] Agent 87 entered the zone at timestep 5
[LNS] Agent 87 exited the zone at timestep 10
[LNS] Agent 87 exited the zone at timestep 9
  Agent 87 local segment t=[5,9] len=5
[LNS] Agent 88 entered the zone at timestep 41
[LNS] Agent 88 exited the zone at timestep 42
[LNS] Agent 88 exited the zone at timestep 41
  Agent 88 local segment t=[41,41] len=1
[LNS] Agent 89 entered the zone at timestep 5
[LNS] Agent 89 exited the zone at timestep 6
[LNS] Agent 89 exited the zone at timestep 5
  Agent 89 local segment t=[5,5] len=1
[LNS] Agent 90 entered the zone at timestep 22
[LNS] Agent 90 exited the zone at timestep 31
[LNS] Agent 90 exited the zone at timestep 30
  Agent 90 local segment t=[22,30] len=9
[LNS] Agent 91 entered the zone at timestep 27
[LNS] Agent 91 exited the zone at timestep 31
[LNS] Agent 91 entered the zone at timestep 32
[LNS] Agent 91 exited the zone at timestep 38
[LNS] Agent 91 entered the zone at timestep 40
[LNS] Agent 91 exited the zone at timestep 41
[LNS] Agent 91 exited the zone at timestep 40
[LNS] Agent 91 returned to the zone 2 times within time window
[LNS] NEED TO HANDLE RETURNING AGENTS AS PSEUDO AGENTS
[LNS] Agent 91 returned to the zone 2 times within time window
[LNS] Agent 91 can reach the new exit position from the original entry position
  Agent 91 local segment t=[27,40] len=14
[LNS] Agent 93 entered the zone at timestep 18
[LNS] Agent 93 exited the zone at timestep 39
[LNS] Agent 93 exited the zone at timestep 38
  Agent 93 local segment t=[18,38] len=21
[LNS] Step 8: Creating aligned MDDs for local problem...
[LNS] Zone MDD length: 43 (from t=5 to t=47)
  Agent 93 MDD: start=(42,46) goal=(41,27) path_length=21 active levels=[13,33] of 43
  Agent 91 MDD: start=(43,43) goal=(39,34) path_length=14 active levels=[22,35] of 43
  Agent 90 MDD: start=(39,41) goal=(43,37) path_length=9 active levels=[17,25] of 43
  Agent 47 MDD: start=(44,41) goal=(39,41) path_length=6 active levels=[11,16] of 43
  Agent 89 MDD: start=(41,45) goal=(41,45) path_length=1 active levels=[0,0] of 43
  Agent 30 MDD: start=(43,45) goal=(39,34) path_length=16 active levels=[0,15] of 43
  Agent 1 MDD: start=(42,33) goal=(41,27) path_length=8 active levels=[11,18] of 43
  Agent 88 MDD: start=(41,27) goal=(41,27) path_length=1 active levels=[36,36] of 43
  Agent 17 MDD: start=(44,41) goal=(39,41) path_length=6 active levels=[23,28] of 43
  Agent 44 MDD: start=(44,41) goal=(42,46) path_length=8 active levels=[9,16] of 43
  Agent 73 MDD: start=(39,34) goal=(42,34) path_length=4 active levels=[0,3] of 43
  Agent 37 MDD: start=(39,34) goal=(39,34) path_length=1 active levels=[40,40] of 43
  Agent 11 MDD: start=(43,37) goal=(42,46) path_length=11 active levels=[23,33] of 43
  Agent 66 MDD: start=(43,37) goal=(41,36) path_length=4 active levels=[39,42] of 43
  Agent 7 MDD: start=(41,27) goal=(41,38) path_length=13 active levels=[30,42] of 43
  Agent 5 MDD: start=(39,41) goal=(39,41) path_length=9 active levels=[34,42] of 43
  Agent 63 MDD: start=(42,46) goal=(42,46) path_length=1 active levels=[27,27] of 43
  Agent 26 MDD: start=(42,41) goal=(40,28) path_length=16 active levels=[0,15] of 43
  Agent 84 MDD: start=(43,45) goal=(40,38) path_length=11 active levels=[13,23] of 43
  Agent 13 MDD: start=(41,45) goal=(42,46) path_length=3 active levels=[32,34] of 43
  Agent 59 MDD: start=(40,42) goal=(42,28) path_length=17 active levels=[17,33] of 43
  Agent 0 MDD: start=(40,35) goal=(39,34) path_length=3 active levels=[0,2] of 43
  Agent 87 MDD: start=(41,34) goal=(40,37) path_length=5 active levels=[0,4] of 43
  Agent 48 MDD: start=(41,45) goal=(43,45) path_length=3 active levels=[6,8] of 43
  Agent 50 MDD: start=(43,42) goal=(40,38) path_length=8 active levels=[21,28] of 43
  Agent 79 MDD: start=(40,39) goal=(43,37) path_length=6 active levels=[19,24] of 43
  Agent 53 MDD: start=(42,28) goal=(40,28) path_length=3 active levels=[5,7] of 43
  Agent 56 MDD: start=(43,43) goal=(40,38) path_length=9 active levels=[29,37] of 43
  Agent 67 MDD: start=(41,27) goal=(42,37) path_length=12 active levels=[31,42] of 43
  Agent 68 MDD: start=(41,44) goal=(43,44) path_length=3 active levels=[38,40] of 43
  Agent 15 MDD: start=(40,39) goal=(43,45) path_length=10 active levels=[3,12] of 43
  Agent 74 MDD: start=(43,40) goal=(39,41) path_length=6 active levels=[20,25] of 43
  Agent 78 MDD: start=(43,42) goal=(40,37) path_length=9 active levels=[26,34] of 43
[LNS] Created 33 local MDDs
[LNS] Step 9: Creating CNF for local problem...
[LNS] Created lazy CNF with 951 clauses and 422 variables
[LNS] Step 9b: Extracting collision clauses...
[LNS] Conflict 6 agents: 73 and 0
[LNS] Conflict 6 timestep: 6
[LNS] Conflict 6 positions: 40,34
[LNS] Conflict 20 agents: 30 and 15
[LNS] Conflict 20 timestep: 11
[LNS] Conflict 20 positions: 42,40
[LNS] Conflict 36 agents: 93 and 84
[LNS] Conflict 36 timestep: 19
[LNS] Conflict 36 positions: 42,45
[LNS] Conflict 38 agents: 93 and 84
[LNS] Conflict 38 timestep: 20
[LNS] Conflict 38 positions: 42,44
[LNS] Conflict 41 agents: 93 and 84
[LNS] Conflict 41 timestep: 21
[LNS] Conflict 41 positions: 42,43
[LNS] Conflict 42 agents: 93 and 84
[LNS] Conflict 42 timestep: 22
[LNS] Conflict 42 positions: 42,42
[LNS] Conflict 44 agents: 93 and 84
[LNS] Conflict 44 timestep: 23
[LNS] Conflict 44 positions: 42,41
[LNS] Conflict 46 agents: 90 and 59
[LNS] Conflict 46 timestep: 23
[LNS] Conflict 46 positions: 40,41
[LNS] Conflict 47 agents: 93 and 84
[LNS] Conflict 47 timestep: 24
[LNS] Conflict 47 positions: 41,41
[LNS] Conflict 48 agents: 93 and 59
[LNS] Conflict 48 timestep: 24
[LNS] Conflict 48 positions: 41,41
[LNS] Conflict 49 agents: 84 and 59
[LNS] Conflict 49 timestep: 24
[LNS] Conflict 49 positions: 41,41
[LNS] Conflict 52 agents: 93 and 84
[LNS] Conflict 52 timestep: 25
[LNS] Conflict 52 positions: 41,40
[LNS] Conflict 54 agents: 93 and 59
[LNS] Conflict 54 timestep: 25
[LNS] Conflict 54 positions: 41,40
[LNS] Conflict 55 agents: 84 and 59
[LNS] Conflict 55 timestep: 25
[LNS] Conflict 55 positions: 41,40
[LNS] Conflict 58 agents: 93 and 59
[LNS] Conflict 58 timestep: 26
[LNS] Conflict 58 positions: 41,39
[LNS] Conflict 61 agents: 93 and 90
[LNS] Conflict 61 timestep: 27
[LNS] Conflict 61 positions: 41,38
[LNS] Conflict 62 agents: 93 and 59
[LNS] Conflict 62 timestep: 27
[LNS] Conflict 62 positions: 41,38
[LNS] Conflict 63 agents: 90 and 59
[LNS] Conflict 63 timestep: 27
[LNS] Conflict 63 positions: 41,38
[LNS] Conflict 64 agents: 93 and 90
[LNS] Conflict 64 timestep: 28
[LNS] Conflict 64 positions: 41,37
[LNS] Conflict 65 agents: 93 and 59
[LNS] Conflict 65 timestep: 28
[LNS] Conflict 65 positions: 41,37
[LNS] Conflict 66 agents: 90 and 59
[LNS] Conflict 66 timestep: 28
[LNS] Conflict 66 positions: 41,37
[LNS] Conflict 68 agents: 93 and 59
[LNS] Conflict 68 timestep: 29
[LNS] Conflict 68 positions: 41,36
[LNS] Conflict 70 agents: 91 and 17
[LNS] Conflict 70 timestep: 29
[LNS] Conflict 70 positions: 43,41
[LNS] Conflict 71 agents: 90 and 11
[LNS] Conflict 71 timestep: 29
[LNS] Conflict 71 positions: 42,37
[LNS] Conflict 73 agents: 93 and 59
[LNS] Conflict 73 timestep: 30
[LNS] Conflict 73 positions: 41,35
[LNS] Conflict 77 agents: 93 and 59
[LNS] Conflict 77 timestep: 31
[LNS] Conflict 77 positions: 41,34
[LNS] Conflict 79 agents: 93 and 59
[LNS] Conflict 79 timestep: 32
[LNS] Conflict 79 positions: 41,33
[LNS] Conflict 80 agents: 93 and 59
[LNS] Conflict 80 timestep: 33
[LNS] Conflict 80 positions: 41,32
[LNS] Conflict 81 agents: 78 and 11
[LNS] Conflict 81 timestep: 33
[LNS] Conflict 81 positions: 42,41
[LNS] Conflict 84 agents: 93 and 59
[LNS] Conflict 84 timestep: 34
[LNS] Conflict 84 positions: 41,31
[LNS] Conflict 90 agents: 93 and 59
[LNS] Conflict 90 timestep: 35
[LNS] Conflict 90 positions: 41,30
[LNS] Conflict 92 agents: 93 and 67
[LNS] Conflict 92 timestep: 37
[LNS] Conflict 92 positions: 41,28
[LNS] Conflict 113 agents: 67 and 66
[LNS] Conflict 113 timestep: 46
[LNS] Conflict 113 positions: 41,37
[LNS] Conflict 172 agents: 93 and 7
[LNS] Conflict 172 timestep: 36
[LNS] Conflict 172 positions: 41,29 and 41,28
[LNS] Conflict 173 agents: 93 and 7
[LNS] Conflict 173 timestep: 36
[LNS] Conflict 173 positions: 41,29 and 41,28
[LNS] Extracted 33 vertex collision clauses
[LNS] Extracted 1 edge collision clauses
[LNS] Final local CNF: 951 total clauses
[LNS] Step 10: Starting lazy solving of conflict zone...
[LNS] Starting lazy solving of conflict zone...
[LNS] Adding 33 pre-discovered vertex collisions...
[LNS] Adding 1 pre-discovered edge collisions...
[LNS] Discovered edge collisions: 
[LNS] Lazy solving iteration 1...
DEBUG: CNF has 985 clauses
DEBUG: First clause: 1 
DEBUG: Adding 985 clauses to MiniSAT
[LNS] Local problem is unsatisfiable after 1 iterations
[LNS] No Solution found -> Safety run solving without assignment
[LNS] Lazy solving iteration 2...
DEBUG: CNF has 985 clauses
DEBUG: First clause: 1 
DEBUG: Adding 985 clauses to MiniSAT
[LNS] Local problem is unsatisfiable after 2 iterations
[LNS] No Solution found + Safety run failed -> UNSAT
[LNS] Failed to find local solution after 1000000 iterations
[LNS] Local problem appears to be unsatisfiable in current zone
[LNS] Local problem appears to be unsatisfiable in current zone
[LNS] Attempting resolution with expansion factor 0...
[LNS] Trying waiting time strategy with original bucket...
[LNS] Starting waiting time strategy...
[LNS] Chosen agents involved in conflicts: 11 15 59 67 73 90 91 93 
[LNS] Found 8 agents in conflicts with, all with waiting time:
[LNS] Waiting time attempt 1...
[LNS] Will expand MDD for 8 chosen agents involved in 34 conflicts
  Agent 11 used 1 waiting timesteps, 56 remaining
[LNS] Expanding MDD for agent 11 by 1 timestep
[LNS] Updated agent 11 entry/exit time: [28, 39]
  Agent 15 used 1 waiting timesteps, 60 remaining
[LNS] Expanding MDD for agent 15 by 1 timestep
[LNS] Updated agent 15 entry/exit time: [8, 18]
  Agent 59 used 1 waiting timesteps, 39 remaining
[LNS] Expanding MDD for agent 59 by 1 timestep
[LNS] Updated agent 59 entry/exit time: [22, 39]
  Agent 67 used 1 waiting timesteps, 29 remaining
[LNS] Expanding MDD for agent 67 by 1 timestep
[LNS] Updated agent 67 entry/exit time: [36, 48]
  Agent 73 used 1 waiting timesteps, 75 remaining
[LNS] Expanding MDD for agent 73 by 1 timestep
[LNS] Updated agent 73 entry/exit time: [5, 9]
  Agent 90 used 1 waiting timesteps, 63 remaining
[LNS] Expanding MDD for agent 90 by 1 timestep
[LNS] Updated agent 90 entry/exit time: [22, 31]
  Agent 91 used 1 waiting timesteps, 36 remaining
[LNS] Expanding MDD for agent 91 by 1 timestep
[LNS] Updated agent 91 entry/exit time: [27, 41]
  Agent 93 used 1 waiting timesteps, 59 remaining
[LNS] Expanding MDD for agent 93 by 1 timestep
[LNS] Updated agent 93 entry/exit time: [18, 39]
[LNS] Time window extended: [5, 47] -> [5, 48]
[LNS] Found 4 new agents in extended time window: 5 7 66 67 
[LNS] Local zone agents: 93 91 90 47 89 30 1 88 17 44 73 37 11 66 7 5 63 26 84 13 59 0 87 48 50 79 53 56 67 68 15 74 78 
[LNS] New agents already in local zone: 5 7 66 67 
[LNS] New agent 5 was present at the previous last timestep
[LNS] New agent 5 is a continuing agent
[LNS] Agent 5 entered the zone at timestep 39
[LNS] Agent 5 exited the zone at timestep 48
[LNS] New agent 5 local segment t=[39,48] len=10
[LNS] Created MDD for new agent 5
[LNS] New agent 7 was present at the previous last timestep
[LNS] New agent 7 is a continuing agent
[LNS] Agent 7 entered the zone at timestep 35
[LNS] Agent 7 exited the zone at timestep 48
[LNS] New agent 7 local segment t=[35,48] len=14
[LNS] Created MDD for new agent 7
[LNS] New agent 66 was present at the previous last timestep
[LNS] New agent 66 is a continuing agent
[LNS] Agent 66 entered the zone at timestep 44
[LNS] Agent 66 exited the zone at timestep 48
[LNS] New agent 66 local segment t=[44,48] len=5
[LNS] Created MDD for new agent 66
[LNS] Recreating local CNF with expanded MDDs
[LNS] WARNING: MDD level 62 exceeds time window length 49; truncating.
[LNS] WARNING: MDD level 63 exceeds time window length 49; truncating.
[LNS] WARNING: MDD level 64 exceeds time window length 49; truncating.
[LNS] WARNING: MDD level 65 exceeds time window length 49; truncating.
[LNS] WARNING: MDD level 66 exceeds time window length 49; truncating.
[LNS] WARNING: MDD level 67 exceeds time window length 49; truncating.
[LNS] WARNING: MDD level 68 exceeds time window length 49; truncating.
[LNS] WARNING: MDD level 69 exceeds time window length 49; truncating.
[LNS] WARNING: MDD level 70 exceeds time window length 49; truncating.
[LNS] WARNING: MDD level 50 exceeds time window length 49; truncating.
[LNS] WARNING: MDD level 51 exceeds time window length 49; truncating.
[LNS] WARNING: MDD level 52 exceeds time window length 49; truncating.
[LNS] WARNING: MDD level 53 exceeds time window length 49; truncating.
[LNS] WARNING: MDD level 54 exceeds time window length 49; truncating.
[LNS] WARNING: MDD level 55 exceeds time window length 49; truncating.
[LNS] WARNING: MDD level 86 exceeds time window length 49; truncating.
[LNS] WARNING: MDD level 87 exceeds time window length 49; truncating.
[LNS] WARNING: MDD level 88 exceeds time window length 49; truncating.
[LNS] WARNING: MDD level 82 exceeds time window length 49; truncating.
[LNS] WARNING: MDD level 56 exceeds time window length 49; truncating.
[LNS] WARNING: MDD level 57 exceeds time window length 49; truncating.
[LNS] WARNING: MDD level 58 exceeds time window length 49; truncating.
[LNS] WARNING: MDD level 59 exceeds time window length 49; truncating.
[LNS] WARNING: MDD level 60 exceeds time window length 49; truncating.
[LNS] WARNING: MDD level 61 exceeds time window length 49; truncating.
[LNS] WARNING: MDD level 90 exceeds time window length 49; truncating.
[LNS] WARNING: MDD level 64 exceeds time window length 49; truncating.
[LNS] WARNING: MDD level 74 exceeds time window length 49; truncating.
[LNS] WARNING: MDD level 75 exceeds time window length 49; truncating.
[LNS] WARNING: MDD level 76 exceeds time window length 49; truncating.
[LNS] WARNING: MDD level 52 exceeds time window length 49; truncating.
[LNS] WARNING: MDD level 53 exceeds time window length 49; truncating.
[LNS] WARNING: MDD level 54 exceeds time window length 49; truncating.
[LNS] WARNING: MDD level 55 exceeds time window length 49; truncating.
[LNS] WARNING: MDD level 56 exceeds time window length 49; truncating.
[LNS] WARNING: MDD level 57 exceeds time window length 49; truncating.
[LNS] WARNING: MDD level 58 exceeds time window length 49; truncating.
[LNS] WARNING: MDD level 59 exceeds time window length 49; truncating.
[LNS] WARNING: MDD level 49 exceeds time window length 49; truncating.
[LNS] WARNING: MDD level 50 exceeds time window length 49; truncating.
[LNS] WARNING: MDD level 51 exceeds time window length 49; truncating.
[LNS] WARNING: MDD level 52 exceeds time window length 49; truncating.
[LNS] WARNING: MDD level 53 exceeds time window length 49; truncating.
[LNS] WARNING: MDD level 68 exceeds time window length 49; truncating.
[LNS] WARNING: MDD level 69 exceeds time window length 49; truncating.
[LNS] WARNING: MDD level 70 exceeds time window length 49; truncating.
[LNS] WARNING: MDD level 71 exceeds time window length 49; truncating.
[LNS] WARNING: MDD level 72 exceeds time window length 49; truncating.
[LNS] WARNING: MDD level 73 exceeds time window length 49; truncating.
[LNS] WARNING: MDD level 74 exceeds time window length 49; truncating.
[LNS] WARNING: MDD level 75 exceeds time window length 49; truncating.
[LNS] WARNING: MDD level 76 exceeds time window length 49; truncating.
[LNS] Attempting lazy solving with expanded MDD...
[LNS] Starting lazy solving of conflict zone...
[LNS] Adding 33 pre-discovered vertex collisions...
[LNS] Adding 1 pre-discovered edge collisions...
[LNS] Discovered edge collisions: 
[LNS] Lazy solving iteration 1...
DEBUG: CNF has 1448 clauses
DEBUG: First clause: 1 
DEBUG: Adding 1448 clauses to MiniSAT
DEBUG: Clause load summary: input=1448, added=1448, tautologies_skipped=0, duplicates_skipped=0, unit_clauses=71, empties=0, intra_clause_literals_removed=0, added_but_db_unchanged=71
DEBUG: After adding clauses, solver has 1306 clauses and 533 variables
DEBUG: MiniSAT found 533 variables
DEBUG: Assignment size: 533
DEBUG: First few assignment values: 1 0 1 0 0 1 0 0 0 1 
[LNS] Found solution with 533 variable assignments

=== DEBUG: cnf_assignment_to_paths ===
Input assignment size: 533
Input assignment: 1 0 1 0 0 1 0 0 0 1 0 0 0 0 1 0 0 0 1 0 0 0 1 0 0 0 1 0 0 0 1 0 0 0 1 0 0 1 1 1 1 0 1 0 1 0 1 0 1 1 1 1 0 1 0 1 0 1 1 1 0 1 1 1 1 1 1 1 1 0 1 0 1 0 1 0 1 0 1 0 1 0 1 0 1 0 1 0 1 1 1 0 1 0 1 0 1 0 1 0 1 0 1 0 0 1 0 0 1 0 0 1 0 1 0 1 0 1 0 1 1 1 1 1 1 1 1 1 1 0 1 0 0 1 0 0 1 0 0 0 1 0 0 0 0 0 1 0 0 0 0 0 1 0 0 0 0 1 0 0 1 1 1 1 0 0 1 0 0 0 1 0 0 0 1 0 0 0 1 0 0 0 0 1 0 0 0 0 0 1 0 0 0 0 0 1 0 0 0 0 1 0 0 0 1 0 0 0 1 0 0 0 1 0 0 1 0 1 1 1 0 1 0 1 0 1 0 1 0 0 0 1 0 1 0 0 0 1 0 0 0 1 0 0 0 1 0 0 1 0 1 0 1 0 1 0 1 0 1 0 1 0 1 0 1 0 1 1 1 1 1 1 1 1 1 0 1 0 0 0 0 1 0 0 0 0 1 0 0 0 1 0 0 0 1 0 0 0 1 0 0 0 1 0 0 0 0 1 0 0 0 0 1 0 0 0 1 0 0 0 0 1 0 0 0 0 1 1 1 0 1 0 0 0 0 1 0 0 0 0 0 0 0 1 0 0 0 0 0 0 0 0 0 0 0 0 1 0 0 0 0 0 0 0 0 0 0 0 0 1 0 0 0 0 0 0 0 1 0 0 0 0 1 0 1 1 1 0 1 0 1 0 1 0 1 1 1 1 1 1 1 1 1 1 0 1 1 1 0 1 0 1 0 1 0 1 0 1 0 1 0 0 1 0 0 1 0 1 1 1 0 1 0 0 1 0 0 0 1 0 0 0 1 0 0 0 1 0 0 0 1 0 0 0 1 0 0 0 1 0 0 1 0 1 0 1 0 1 0 1 0 0 1 0 0 0 1 0 0 1 1 1 1 1 1 0 1 0 1 0 1 1 1 1 1 1 1 1 1 1 0 1 0 1 0 1 0 1 0 1 0 1 0 1 0 1 0 0 1 0 1 1 0 0 0 0 0 0 0 0 0 0 0 
=== END DEBUG ===
[LNS] Extracted paths for 23 agents
[LNS] Adjusting collisions by start_t: 5
[LNS] Found 14 vertex collisions and 7 edge collisions
[LNS] Adding collision clauses and solving again...
[DEBUG] Missing variable(s) for agent 44 expecting pos2=(42,44)@t=19, pos1=(42,45)@t=20. var3=-1, var4=-1
[DEBUG] Variable map for agent 44:
  Var 40: agent 44, pos (43,41), t=29
  Var 42: agent 44, pos (43,42), t=30
  Var 44: agent 44, pos (43,43), t=31
  Var 39: agent 44, pos (44,41), t=28
  Var 43: agent 44, pos (42,42), t=31
  Var 41: agent 44, pos (42,41), t=30
  Var 45: agent 44, pos (42,43), t=32
  Var 46: agent 44, pos (43,44), t=32
  Var 48: agent 44, pos (43,45), t=33
  Var 47: agent 44, pos (42,44), t=33
  Var 50: agent 44, pos (42,46), t=35
  Var 49: agent 44, pos (42,45), t=34
terminate called after throwing an instance of 'std::runtime_error'
  what():  Invalid edge collision clause: agent1=93, agent2=44, pos1=(42,45), pos2=(42,44), timestep=19
