[LNS] Loaded map 32x32, agents: 50
[LNS] Map:
................................
................................
................................
................................
................................
................................
................................
................................
................................
................................
................................
................................
................................
................................
................................
................................
................................
................................
................................
................................
................................
................................
................................
................................
................................
................................
................................
................................
................................
................................
................................
................................
[LNS] Agents (start -> goal):
  Agent 0: (11,25) -> (20,30)
  Agent 1: (14,31) -> (23,16)
  Agent 2: (5,23) -> (5,11)
  Agent 3: (13,13) -> (28,27)
  Agent 4: (3,27) -> (13,2)
  Agent 5: (16,3) -> (0,22)
  Agent 6: (24,25) -> (22,23)
  Agent 7: (18,22) -> (27,2)
  Agent 8: (28,8) -> (11,7)
  Agent 9: (7,3) -> (12,28)
  Agent 10: (5,0) -> (2,10)
  Agent 11: (14,7) -> (26,28)
  Agent 12: (23,8) -> (24,22)
  Agent 13: (9,20) -> (20,20)
  Agent 14: (26,14) -> (31,17)
  Agent 15: (19,10) -> (28,28)
  Agent 16: (9,25) -> (26,2)
  Agent 17: (22,1) -> (0,19)
  Agent 18: (18,24) -> (10,14)
  Agent 19: (3,4) -> (11,30)
  Agent 20: (1,26) -> (30,18)
  Agent 21: (11,27) -> (30,30)
  Agent 22: (31,10) -> (6,6)
  Agent 23: (12,16) -> (21,9)
  Agent 24: (8,9) -> (26,13)
  Agent 25: (13,14) -> (17,12)
  Agent 26: (0,3) -> (28,5)
  Agent 27: (31,8) -> (31,18)
  Agent 28: (30,17) -> (28,21)
  Agent 29: (6,17) -> (0,29)
  Agent 30: (26,19) -> (6,26)
  Agent 31: (15,0) -> (2,3)
  Agent 32: (12,5) -> (29,7)
  Agent 33: (17,25) -> (12,0)
  Agent 34: (25,1) -> (19,20)
  Agent 35: (26,18) -> (16,17)
  Agent 36: (29,22) -> (26,0)
  Agent 37: (10,11) -> (8,23)
  Agent 38: (14,13) -> (24,13)
  Agent 39: (3,21) -> (15,2)
  Agent 40: (3,11) -> (2,30)
  Agent 41: (16,10) -> (21,18)
  Agent 42: (29,14) -> (5,15)
  Agent 43: (13,31) -> (22,29)
  Agent 44: (16,30) -> (29,15)
  Agent 45: (19,27) -> (9,13)
  Agent 46: (29,13) -> (30,0)
  Agent 47: (4,19) -> (24,11)
  Agent 48: (13,10) -> (8,17)
  Agent 49: (17,11) -> (21,5)

[LNS] === Attempt with max_timesteps=40 ===
[LNS] Creating MDDs with shortest paths + waiting time...
[LNS] Created 50 MDDs with waiting time structure
[LNS] Built MDDs with waiting time structure for 50 agents at makespan 40
[LNS] Step 1: Sampling shortest paths and creating current solution...
[LNS] Calculating waiting times for agents...
  Agent 49 reaches goal at t=10, waiting time=30
  Agent 48 reaches goal at t=12, waiting time=28
  Agent 47 reaches goal at t=28, waiting time=12
  Agent 46 reaches goal at t=14, waiting time=26
  Agent 45 reaches goal at t=24, waiting time=16
  Agent 44 reaches goal at t=28, waiting time=12
  Agent 43 reaches goal at t=11, waiting time=29
  Agent 42 reaches goal at t=25, waiting time=15
  Agent 41 reaches goal at t=13, waiting time=27
  Agent 40 reaches goal at t=20, waiting time=20
  Agent 39 reaches goal at t=31, waiting time=9
  Agent 38 reaches goal at t=10, waiting time=30
  Agent 37 reaches goal at t=14, waiting time=26
  Agent 36 reaches goal at t=25, waiting time=15
  Agent 35 reaches goal at t=11, waiting time=29
  Agent 34 reaches goal at t=25, waiting time=15
  Agent 33 reaches goal at t=30, waiting time=10
  Agent 32 reaches goal at t=19, waiting time=21
  Agent 31 reaches goal at t=16, waiting time=24
  Agent 30 reaches goal at t=27, waiting time=13
  Agent 29 reaches goal at t=18, waiting time=22
  Agent 28 reaches goal at t=6, waiting time=34
  Agent 27 reaches goal at t=10, waiting time=30
  Agent 26 reaches goal at t=30, waiting time=10
  Agent 25 reaches goal at t=6, waiting time=34
  Agent 24 reaches goal at t=22, waiting time=18
  Agent 23 reaches goal at t=16, waiting time=24
  Agent 22 reaches goal at t=29, waiting time=11
  Agent 21 reaches goal at t=22, waiting time=18
  Agent 20 reaches goal at t=37, waiting time=3
  Agent 19 reaches goal at t=34, waiting time=6
  Agent 18 reaches goal at t=18, waiting time=22
  Agent 17 reaches goal at t=40, waiting time=0
  Agent 16 reaches goal at t=40, waiting time=0
  Agent 15 reaches goal at t=27, waiting time=13
  Agent 14 reaches goal at t=8, waiting time=32
  Agent 13 reaches goal at t=11, waiting time=29
  Agent 12 reaches goal at t=15, waiting time=25
  Agent 11 reaches goal at t=33, waiting time=7
  Agent 10 reaches goal at t=13, waiting time=27
  Agent 9 reaches goal at t=30, waiting time=10
  Agent 8 reaches goal at t=18, waiting time=22
  Agent 7 reaches goal at t=29, waiting time=11
  Agent 6 reaches goal at t=4, waiting time=36
  Agent 5 reaches goal at t=35, waiting time=5
  Agent 4 reaches goal at t=35, waiting time=5
  Agent 3 reaches goal at t=29, waiting time=11
  Agent 2 reaches goal at t=12, waiting time=28
  Agent 1 reaches goal at t=24, waiting time=16
  Agent 0 reaches goal at t=14, waiting time=26
[LNS] Waiting time calculation complete
[LNS] Created current solution with 50 agent paths and path map of size 32x32
[LNS] Step 2: Analyzing conflicts...
[LNS] Current solution: vertex collisions=28, edge collisions=5
[LNS] Step 3: Building conflict buckets...
[LNS] Building diamond bucket for conflict 0
[LNS] Building diamond bucket for conflict 1
[LNS] Building diamond bucket for conflict 2
[LNS] Building diamond bucket for conflict 5
[LNS] Building diamond bucket for conflict 7
[LNS] Building diamond bucket for conflict 8
[LNS] Building diamond bucket for conflict 9
[LNS] Building diamond bucket for conflict 10
[LNS] Building diamond bucket for conflict 11
[LNS] Building diamond bucket for conflict 13
[LNS] Building diamond bucket for conflict 14
[LNS] Building diamond bucket for conflict 20
[LNS] Building diamond bucket for conflict 21
[LNS] Building diamond bucket for conflict 27
[LNS] Building diamond bucket for conflict 30
[LNS] Formed 15 diamond-shaped conflict bucket(s).
  Diamond Bucket 0: positions=9, conflicts=1
  Diamond Bucket 1: positions=13, conflicts=1
  Diamond Bucket 2: positions=78, conflicts=15
  Diamond Bucket 3: positions=18, conflicts=2
  Diamond Bucket 4: positions=13, conflicts=1
  Diamond Bucket 5: positions=13, conflicts=1
  Diamond Bucket 6: positions=29, conflicts=5
  Diamond Bucket 7: positions=18, conflicts=2
  Diamond Bucket 8: positions=13, conflicts=1
  Diamond Bucket 9: positions=9, conflicts=1
  Diamond Bucket 10: positions=13, conflicts=1
  Diamond Bucket 11: positions=13, conflicts=1
  Diamond Bucket 12: positions=13, conflicts=1
  Diamond Bucket 13: positions=21, conflicts=3
  Diamond Bucket 14: positions=18, conflicts=2
[LNS] Step 4: Selecting most relevant bucket...
[LNS] Selected most relevant diamond bucket 2 with 15 conflicts and 78 positions.
[LNS] Step 5: Creating map crop for selected bucket...
[LNS] Step 6: Computing conflict time window and extracting local paths...
[LNS] Conflict time window: [0, 26]
[LNS] Agents in zone within window: 23
  Agent 3 local segment t=[0,5] len=6
  Agent 4 local segment t=[20,26] len=7
  Agent 5 local segment t=[5,17] len=13
  Agent 8 local segment t=[15,26] len=12
  Agent 9 local segment t=[6,18] len=13
  Agent 11 local segment t=[0,0] len=1
  Agent 17 local segment t=[18,24] len=7
  Agent 18 local segment t=[15,26] len=12
  Agent 19 local segment t=[15,20] len=6
  Agent 22 local segment t=[21,25] len=5
  Agent 23 local segment t=[0,6] len=7
  Agent 24 local segment t=[2,11] len=10
  Agent 25 local segment t=[0,4] len=5
  Agent 26 local segment t=[13,15] len=3
  Agent 32 local segment t=[0,4] len=5
  Agent 33 local segment t=[14,26] len=13
  Agent 37 local segment t=[0,2] len=3
  Agent 38 local segment t=[0,1] len=2
  Agent 39 local segment t=[11,26] len=16
  Agent 42 local segment t=[14,22] len=9
  Agent 45 local segment t=[21,26] len=6
  Agent 47 local segment t=[8,18] len=11
  Agent 48 local segment t=[0,10] len=11
[LNS] Step 8: Creating aligned MDDs for local problem...
[LNS] Zone MDD length: 27 (from t=0 to t=26)
  Agent 45 MDD: start=(9,16) goal=(9,13) path_length=6 active levels=[21,26] of 27
  Agent 42 MDD: start=(16,15) goal=(8,15) path_length=9 active levels=[14,22] of 27
  Agent 39 MDD: start=(9,16) goal=(13,5) path_length=16 active levels=[11,26] of 27
  Agent 26 MDD: start=(11,5) goal=(13,5) path_length=3 active levels=[13,15] of 27
  Agent 32 MDD: start=(12,5) goal=(14,7) path_length=5 active levels=[0,4] of 27
  Agent 3 MDD: start=(13,13) goal=(15,16) path_length=6 active levels=[0,5] of 27
  Agent 33 MDD: start=(12,16) goal=(12,4) path_length=13 active levels=[14,26] of 27
  Agent 4 MDD: start=(13,17) goal=(13,11) path_length=7 active levels=[20,26] of 27
  Agent 17 MDD: start=(15,12) goal=(14,17) path_length=7 active levels=[18,24] of 27
  Agent 5 MDD: start=(13,5) goal=(9,13) path_length=13 active levels=[5,17] of 27
  Agent 47 MDD: start=(8,15) goal=(14,11) path_length=11 active levels=[8,18] of 27
  Agent 18 MDD: start=(10,17) goal=(10,14) path_length=12 active levels=[15,26] of 27
  Agent 37 MDD: start=(10,11) goal=(8,11) path_length=3 active levels=[0,2] of 27
  Agent 8 MDD: start=(14,7) goal=(11,7) path_length=12 active levels=[15,26] of 27
  Agent 38 MDD: start=(14,13) goal=(15,13) path_length=2 active levels=[0,1] of 27
  Agent 9 MDD: start=(10,6) goal=(12,16) path_length=13 active levels=[6,18] of 27
  Agent 22 MDD: start=(14,6) goal=(10,6) path_length=5 active levels=[21,25] of 27
  Agent 11 MDD: start=(14,7) goal=(14,7) path_length=1 active levels=[0,0] of 27
  Agent 24 MDD: start=(9,10) goal=(15,13) path_length=10 active levels=[2,11] of 27
  Agent 48 MDD: start=(13,10) goal=(9,16) path_length=11 active levels=[0,10] of 27
  Agent 19 MDD: start=(9,13) goal=(11,16) path_length=6 active levels=[15,20] of 27
  Agent 23 MDD: start=(12,16) goal=(15,13) path_length=7 active levels=[0,6] of 27
  Agent 25 MDD: start=(13,14) goal=(15,12) path_length=5 active levels=[0,4] of 27
[LNS] Created 23 local MDDs
[LNS] Step 9: Creating CNF for local problem...
[LNS] Created lazy CNF with 4397 clauses and 671 variables
[LNS] Step 9b: Extracting vertex collision clauses...
[LNS] Extracted 11 vertex collision clauses
[LNS] Step 9c: Extracting edge collision clauses...
[LNS] Extracted 2 edge collision clauses
[LNS] Final local CNF: 4397 total clauses
[LNS] Step 10: Starting lazy solving of conflict zone...
[LNS] Starting lazy solving of conflict zone...
[LNS] Adding 11 pre-discovered vertex collisions...
[LNS] Adding 2 pre-discovered edge collisions...
[LNS] Known edge collisions: 
[LNS] Adding edge collision: 25, 3, (13,14) <-> (13,13), t=0
[LNS] Adding edge collision: 19, 18, (10,14) <-> (10,15), t=17
[LNS] Lazy solving iteration 1...
DEBUG: CNF has 4410 clauses
DEBUG: First clause: 1 
DEBUG: Adding 4410 clauses to MiniSAT
DEBUG: Clause load summary: input=4410, added=4410, tautologies_skipped=0, duplicates_skipped=0, unit_clauses=74, empties=0, intra_clause_literals_removed=0, added_but_db_unchanged=81
DEBUG: After adding clauses, solver has 4255 clauses and 671 variables
DEBUG: MiniSAT found 671 variables
DEBUG: Assignment size: 671
DEBUG: First few assignment values: 1 0 1 0 1 0 1 0 1 1 
[LNS] Found solution with 671 variable assignments

=== DEBUG: cnf_assignment_to_paths ===
Input assignment size: 671
Input assignment: 1 0 1 0 1 0 1 0 1 1 1 0 1 0 0 1 0 0 0 1 0 0 1 0 1 1 1 0 1 0 0 1 0 0 1 0 1 1 1 0 1 0 0 1 0 0 0 1 0 0 0 0 1 0 0 0 0 1 0 0 0 0 1 0 0 0 1 0 0 1 0 1 1 1 0 1 0 0 1 0 0 0 1 0 0 0 1 0 0 0 1 0 0 1 0 1 0 1 1 1 1 1 1 1 1 1 0 0 1 0 0 1 0 0 1 0 0 1 0 0 1 0 0 1 0 0 1 0 0 1 0 0 1 0 1 0 1 1 1 1 1 0 0 1 0 0 0 0 1 0 0 0 0 1 0 0 0 1 1 1 1 1 1 1 1 1 1 1 1 0 1 0 1 0 1 1 1 0 1 0 0 1 0 0 1 0 1 1 1 0 1 0 0 1 0 0 0 1 0 0 0 0 1 0 0 0 0 1 0 0 0 0 1 0 0 0 1 0 0 0 1 0 0 0 1 0 0 0 1 0 0 0 1 0 0 1 0 0 1 0 1 1 1 1 1 1 1 1 1 1 1 1 1 1 1 1 1 1 1 1 1 1 1 1 1 1 0 1 0 1 0 1 0 1 1 1 1 0 1 0 0 1 0 0 1 0 0 0 1 0 0 0 1 0 0 0 1 0 0 0 1 0 0 0 1 0 0 0 1 0 0 1 0 1 1 1 0 1 0 0 0 0 1 0 0 0 0 0 0 0 0 1 0 0 0 0 0 0 0 0 0 0 0 0 0 0 1 0 0 0 0 0 0 0 0 0 0 0 0 0 0 0 0 0 0 0 0 0 0 1 0 0 0 0 0 0 0 0 0 0 0 0 0 0 0 0 0 0 0 0 0 0 0 0 0 0 1 0 0 0 0 0 0 0 0 0 0 0 0 0 0 0 0 0 0 0 0 0 0 0 0 0 0 0 0 0 0 1 0 0 0 0 0 0 0 0 0 0 0 0 0 0 0 0 0 0 0 0 0 0 1 0 0 0 0 0 0 0 0 0 0 0 0 1 0 0 0 0 1 1 1 0 1 0 1 0 0 1 0 0 0 1 0 0 0 0 1 0 0 0 0 1 0 0 0 1 0 0 1 0 1 1 1 0 0 0 1 0 0 0 0 0 0 0 1 0 0 0 0 0 0 0 0 0 0 0 0 0 1 0 0 0 0 0 0 0 0 0 0 0 0 0 0 0 0 0 0 0 0 1 0 0 0 0 0 0 0 0 0 0 0 0 0 0 0 0 0 0 0 0 0 0 0 0 0 0 1 0 0 0 0 0 0 0 0 0 0 0 0 0 0 0 0 0 0 0 0 0 0 0 0 0 0 0 1 0 0 0 0 0 0 0 0 0 0 0 0 0 0 0 0 0 0 0 0 0 0 0 0 0 0 1 0 0 0 0 0 0 0 0 0 0 0 0 0 0 0 0 0 0 1 0 0 0 0 0 0 0 0 0 0 0 1 0 0 0 0 1 1 1 1 
=== END DEBUG ===
[LNS] Extracted paths for 23 agents
[LNS] Adjusting collisions by start_t: 0
[LNS] Found 8 vertex collisions and 0 edge collisions
[LNS] Adding collision clauses and solving again...
  Vertex collision: 24, 48, (10,10), t=3
  Vertex collision: 3, 23, (15,15), t=4
  Vertex collision: 48, 47, (9,15), t=9
  Vertex collision: 33, 39, (12,16), t=14
  Vertex collision: 42, 19, (11,15), t=19
  Vertex collision: 18, 45, (9,16), t=21
  Vertex collision: 18, 45, (10,16), t=22
  Vertex collision: 18, 45, (9,16), t=23
[LNS] Lazy solving iteration 2...
DEBUG: CNF has 4418 clauses
DEBUG: First clause: 1 
DEBUG: Adding 4418 clauses to MiniSAT
DEBUG: Clause load summary: input=4418, added=4418, tautologies_skipped=0, duplicates_skipped=0, unit_clauses=74, empties=0, intra_clause_literals_removed=0, added_but_db_unchanged=84
DEBUG: After adding clauses, solver has 4260 clauses and 671 variables
DEBUG: MiniSAT found 671 variables
DEBUG: Assignment size: 671
DEBUG: First few assignment values: 1 0 1 0 1 0 1 0 1 1 
[LNS] Found solution with 671 variable assignments

=== DEBUG: cnf_assignment_to_paths ===
Input assignment size: 671
Input assignment: 1 0 1 0 1 0 1 0 1 1 1 0 1 0 0 0 1 0 0 0 1 0 1 0 1 1 1 0 0 1 0 0 1 0 0 1 1 1 1 0 1 0 0 0 1 0 0 0 1 0 0 0 0 1 0 0 0 0 1 0 0 0 0 1 0 0 0 1 0 0 1 1 1 1 0 1 0 0 1 0 0 0 1 0 0 0 1 0 0 0 1 0 0 1 0 1 0 1 1 1 1 1 1 1 1 1 0 0 1 0 0 1 0 0 1 0 0 1 0 0 1 0 0 1 0 0 1 0 0 1 0 0 1 0 1 0 1 1 1 1 0 1 0 0 1 0 0 0 1 0 0 0 0 1 0 0 0 1 1 1 1 1 1 1 1 1 1 1 1 0 1 0 1 0 1 1 1 0 1 0 0 1 0 0 1 0 1 1 1 0 1 0 0 0 1 0 0 0 1 0 0 0 1 0 0 0 0 1 0 0 0 0 1 0 0 0 1 0 0 0 1 0 0 0 1 0 0 0 1 0 0 0 1 0 0 1 0 0 1 0 1 1 1 1 1 1 1 1 1 1 1 1 1 1 1 1 1 1 1 1 1 1 1 1 1 1 0 1 0 1 0 1 0 1 1 1 1 0 1 0 0 1 0 0 1 0 0 0 1 0 0 0 1 0 0 0 1 0 0 0 1 0 0 0 1 0 0 0 1 0 0 1 0 1 1 1 0 1 0 0 0 0 1 0 0 0 0 0 0 0 0 1 0 0 0 0 0 0 0 0 0 0 0 0 0 0 1 0 0 0 0 0 0 0 0 0 0 0 0 0 0 0 0 0 0 0 0 0 0 0 1 0 0 0 0 0 0 0 0 0 0 0 0 0 0 0 0 0 0 0 0 0 0 0 0 0 1 0 0 0 0 0 0 0 0 0 0 0 0 0 0 0 0 0 0 0 0 0 0 0 0 0 0 0 0 0 0 1 0 0 0 0 0 0 0 0 0 0 0 0 0 0 0 0 0 0 0 0 0 0 1 0 0 0 0 0 0 0 0 0 0 0 0 1 0 0 0 0 1 1 1 0 1 0 1 0 0 1 0 0 0 1 0 0 0 0 1 0 0 0 0 1 0 0 0 1 0 0 1 0 1 1 1 0 0 0 1 0 0 0 0 0 0 0 1 0 0 0 0 0 0 0 0 0 0 0 0 0 1 0 0 0 0 0 0 0 0 0 0 0 0 0 0 0 0 0 0 0 0 1 0 0 0 0 0 0 0 0 0 0 0 0 0 0 0 0 0 0 0 0 0 0 0 0 0 0 1 0 0 0 0 0 0 0 0 0 0 0 0 0 0 0 0 0 0 0 0 0 0 0 0 0 0 0 1 0 0 0 0 0 0 0 0 0 0 0 0 0 0 0 0 0 0 0 0 0 0 0 0 0 0 1 0 0 0 0 0 0 0 0 0 0 0 0 0 0 0 0 0 0 1 0 0 0 0 0 0 0 0 0 0 0 1 0 0 0 0 1 1 1 1 
=== END DEBUG ===
[LNS] Extracted paths for 23 agents
[LNS] Adjusting collisions by start_t: 0
[LNS] Found 1 vertex collisions and 0 edge collisions
[LNS] Adding collision clauses and solving again...
  Vertex collision: 33, 39, (12,15), t=15
[LNS] Lazy solving iteration 3...
DEBUG: CNF has 4419 clauses
DEBUG: First clause: 1 
DEBUG: Adding 4419 clauses to MiniSAT
DEBUG: Clause load summary: input=4419, added=4419, tautologies_skipped=0, duplicates_skipped=0, unit_clauses=74, empties=0, intra_clause_literals_removed=0, added_but_db_unchanged=85
DEBUG: After adding clauses, solver has 4260 clauses and 671 variables
DEBUG: MiniSAT found 671 variables
DEBUG: Assignment size: 671
DEBUG: First few assignment values: 1 0 1 0 0 1 0 1 1 1 
[LNS] Found solution with 671 variable assignments

=== DEBUG: cnf_assignment_to_paths ===
Input assignment size: 671
Input assignment: 1 0 1 0 0 1 0 1 1 1 1 0 0 1 0 0 0 1 0 0 0 1 0 1 1 1 1 0 0 1 0 0 1 0 0 1 1 1 1 0 1 0 0 0 1 0 0 0 1 0 0 0 0 1 0 0 0 0 1 0 0 0 0 1 0 0 0 1 0 0 1 1 1 1 0 1 0 0 1 0 0 0 1 0 0 0 1 0 0 0 1 0 0 1 0 1 0 1 1 1 1 1 1 1 1 1 0 0 1 0 0 1 0 0 1 0 0 1 0 0 1 0 0 1 0 0 1 0 0 1 0 0 1 0 1 0 1 1 1 1 0 1 0 0 1 0 0 0 1 0 0 0 0 1 0 0 0 1 1 1 1 1 1 1 1 1 1 1 1 0 1 0 1 0 1 1 1 0 1 0 0 1 0 0 1 0 1 1 1 0 0 1 0 0 0 1 0 0 0 1 0 0 0 1 0 0 0 1 0 0 0 0 1 0 0 0 1 0 0 0 1 0 0 0 1 0 0 0 1 0 0 0 1 0 0 1 0 0 1 0 1 1 1 1 1 1 1 1 1 1 1 1 1 1 1 1 1 1 1 1 1 1 1 1 1 1 0 1 0 1 0 1 0 1 1 1 1 0 1 0 0 1 0 0 1 0 0 0 1 0 0 0 1 0 0 0 1 0 0 0 1 0 0 0 1 0 0 0 1 0 0 1 0 1 1 1 0 1 0 0 0 0 1 0 0 0 0 0 0 0 0 1 0 0 0 0 0 0 0 0 0 0 0 0 0 0 1 0 0 0 0 0 0 0 0 0 0 0 0 0 0 0 0 0 0 0 0 0 0 0 1 0 0 0 0 0 0 0 0 0 0 0 0 0 0 0 0 0 0 0 0 0 0 0 0 0 1 0 0 0 0 0 0 0 0 0 0 0 0 0 0 0 0 0 0 0 0 0 0 0 0 0 0 0 0 0 0 1 0 0 0 0 0 0 0 0 0 0 0 0 0 0 0 0 0 0 0 0 0 0 1 0 0 0 0 0 0 0 0 0 0 0 0 1 0 0 0 0 1 1 1 0 1 0 1 0 0 1 0 0 0 1 0 0 0 0 1 0 0 0 0 1 0 0 0 1 0 0 1 0 1 1 1 0 0 0 1 0 0 0 0 0 0 0 1 0 0 0 0 0 0 0 0 0 0 0 0 0 1 0 0 0 0 0 0 0 0 0 0 0 0 0 0 0 0 0 0 0 0 1 0 0 0 0 0 0 0 0 0 0 0 0 0 0 0 0 0 0 0 0 0 0 0 0 0 0 1 0 0 0 0 0 0 0 0 0 0 0 0 0 0 0 0 0 0 0 0 0 0 0 0 0 0 0 1 0 0 0 0 0 0 0 0 0 0 0 0 0 0 0 0 0 0 0 0 0 0 0 0 0 0 1 0 0 0 0 0 0 0 0 0 0 0 0 0 0 0 0 0 0 1 0 0 0 0 0 0 0 0 0 0 0 1 0 0 0 0 1 1 1 1 
=== END DEBUG ===
[LNS] Extracted paths for 23 agents
[LNS] Adjusting collisions by start_t: 0
[LNS] Found 2 vertex collisions and 0 edge collisions
[LNS] Adding collision clauses and solving again...
  Vertex collision: 9, 39, (11,14), t=15
  Vertex collision: 33, 39, (12,14), t=16
[LNS] Lazy solving iteration 4...
DEBUG: CNF has 4421 clauses
DEBUG: First clause: 1 
DEBUG: Adding 4421 clauses to MiniSAT
DEBUG: Clause load summary: input=4421, added=4421, tautologies_skipped=0, duplicates_skipped=0, unit_clauses=74, empties=0, intra_clause_literals_removed=0, added_but_db_unchanged=86
DEBUG: After adding clauses, solver has 4261 clauses and 671 variables
DEBUG: MiniSAT found 671 variables
DEBUG: Assignment size: 671
DEBUG: First few assignment values: 1 0 1 0 0 1 0 1 1 1 
[LNS] Found solution with 671 variable assignments

=== DEBUG: cnf_assignment_to_paths ===
Input assignment size: 671
Input assignment: 1 0 1 0 0 1 0 1 1 1 1 0 0 1 0 0 0 1 0 0 0 1 0 1 1 1 1 0 0 1 0 0 1 0 0 1 1 1 1 0 1 0 0 0 1 0 0 0 0 1 0 0 0 1 0 0 0 0 1 0 0 0 0 1 0 0 0 1 0 0 1 1 1 1 0 1 0 0 1 0 0 0 1 0 0 0 0 1 0 0 1 0 0 1 0 1 0 1 1 1 1 1 1 1 1 1 0 0 1 0 0 1 0 0 1 0 0 1 0 0 1 0 0 1 0 0 1 0 0 1 0 0 1 0 1 0 1 1 1 1 0 1 0 0 1 0 0 0 1 0 0 0 0 1 0 0 0 1 1 1 1 1 1 1 1 1 1 1 1 0 1 0 1 0 1 1 1 0 1 0 0 1 0 0 1 0 1 1 0 1 0 0 1 0 0 0 1 0 0 0 1 0 0 0 1 0 0 0 1 0 0 0 1 0 0 0 1 0 0 0 1 0 0 0 1 0 0 0 1 0 0 0 1 0 0 1 0 0 1 0 1 1 1 1 1 1 1 1 1 1 1 1 1 1 1 1 1 1 1 1 1 1 1 1 1 1 0 1 0 1 0 1 0 1 1 1 1 0 1 0 0 1 0 0 1 0 0 0 1 0 0 0 1 0 0 0 1 0 0 0 1 0 0 0 1 0 0 0 1 0 0 1 0 1 1 1 0 1 0 0 0 0 1 0 0 0 0 0 0 0 0 1 0 0 0 0 0 0 0 0 0 0 0 0 0 0 1 0 0 0 0 0 0 0 0 0 0 0 0 0 0 0 0 0 0 0 0 0 0 0 1 0 0 0 0 0 0 0 0 0 0 0 0 0 0 0 0 0 0 0 0 0 0 0 0 0 1 0 0 0 0 0 0 0 0 0 0 0 0 0 0 0 0 0 0 0 0 0 0 0 0 0 0 0 0 0 0 1 0 0 0 0 0 0 0 0 0 0 0 0 0 0 0 0 0 0 0 0 0 0 1 0 0 0 0 0 0 0 0 0 0 0 0 1 0 0 0 0 1 1 1 0 1 0 1 0 0 1 0 0 0 1 0 0 0 0 1 0 0 0 0 1 0 0 0 1 0 0 1 0 1 1 1 0 0 0 1 0 0 0 0 0 0 0 1 0 0 0 0 0 0 0 0 0 0 0 0 0 1 0 0 0 0 0 0 0 0 0 0 0 0 0 0 0 0 0 0 0 0 1 0 0 0 0 0 0 0 0 0 0 0 0 0 0 0 0 0 0 0 0 0 0 0 0 0 0 1 0 0 0 0 0 0 0 0 0 0 0 0 0 0 0 0 0 0 0 0 0 0 0 0 0 0 0 1 0 0 0 0 0 0 0 0 0 0 0 0 0 0 0 0 0 0 0 0 0 0 0 0 0 0 1 0 0 0 0 0 0 0 0 0 0 0 0 0 0 0 0 0 0 1 0 0 0 0 0 0 0 0 0 0 0 1 0 0 0 0 1 1 1 1 
=== END DEBUG ===
[LNS] Extracted paths for 23 agents
[LNS] Adjusting collisions by start_t: 0
[LNS] Found 1 vertex collisions and 0 edge collisions
[LNS] Adding collision clauses and solving again...
  Vertex collision: 33, 39, (12,13), t=17
[LNS] Lazy solving iteration 5...
DEBUG: CNF has 4422 clauses
DEBUG: First clause: 1 
DEBUG: Adding 4422 clauses to MiniSAT
DEBUG: Clause load summary: input=4422, added=4422, tautologies_skipped=0, duplicates_skipped=0, unit_clauses=74, empties=0, intra_clause_literals_removed=0, added_but_db_unchanged=87
DEBUG: After adding clauses, solver has 4261 clauses and 671 variables
DEBUG: MiniSAT found 671 variables
DEBUG: Assignment size: 671
DEBUG: First few assignment values: 1 0 1 0 0 1 0 1 1 1 
[LNS] Found solution with 671 variable assignments

=== DEBUG: cnf_assignment_to_paths ===
Input assignment size: 671
Input assignment: 1 0 1 0 0 1 0 1 1 1 1 0 0 1 0 0 0 1 0 0 0 1 0 1 1 1 1 0 0 1 0 0 1 0 0 1 1 1 1 0 0 1 0 0 0 1 0 0 0 0 1 0 0 0 1 0 0 0 1 0 0 0 0 1 0 0 0 1 0 0 1 1 1 1 0 1 0 0 1 0 0 0 0 1 0 0 0 0 1 0 0 1 0 1 0 1 0 1 1 1 1 1 1 1 1 1 0 0 1 0 0 1 0 0 1 0 0 1 0 0 1 0 0 1 0 0 1 0 0 1 0 0 1 0 1 0 1 1 1 1 0 1 0 0 1 0 0 0 1 0 0 0 0 1 0 0 0 1 1 1 1 1 1 1 1 1 1 1 1 0 1 0 1 0 1 1 1 0 1 0 0 1 0 0 1 0 1 1 0 1 0 0 1 0 0 0 1 0 0 0 0 1 0 0 0 1 0 0 0 1 0 0 0 1 0 0 1 0 0 0 1 0 0 0 1 0 0 0 1 0 0 0 1 0 0 1 0 0 1 0 1 1 1 1 1 1 1 1 1 1 1 1 1 1 1 1 1 1 1 1 1 1 1 1 1 1 0 1 0 1 0 1 0 1 1 1 1 0 1 0 0 1 0 0 1 0 0 0 1 0 0 0 1 0 0 0 1 0 0 0 1 0 0 0 1 0 0 0 1 0 0 1 0 1 1 1 0 1 0 0 0 0 1 0 0 0 0 0 0 0 0 1 0 0 0 0 0 0 0 0 0 0 0 0 0 0 1 0 0 0 0 0 0 0 0 0 0 0 0 0 0 0 0 0 0 0 0 0 0 0 1 0 0 0 0 0 0 0 0 0 0 0 0 0 0 0 0 0 0 0 0 0 0 0 0 0 1 0 0 0 0 0 0 0 0 0 0 0 0 0 0 0 0 0 0 0 0 0 0 0 0 0 0 0 0 0 0 1 0 0 0 0 0 0 0 0 0 0 0 0 0 0 0 0 0 0 0 0 0 0 1 0 0 0 0 0 0 0 0 0 0 0 0 1 0 0 0 0 1 1 1 0 1 0 1 0 0 1 0 0 0 1 0 0 0 0 1 0 0 0 0 1 0 0 0 1 0 0 1 0 1 1 1 0 0 0 1 0 0 0 0 0 0 0 1 0 0 0 0 0 0 0 0 0 0 0 0 0 1 0 0 0 0 0 0 0 0 0 0 0 0 0 0 0 0 0 0 0 0 1 0 0 0 0 0 0 0 0 0 0 0 0 0 0 0 0 0 0 0 0 0 0 0 0 0 0 1 0 0 0 0 0 0 0 0 0 0 0 0 0 0 0 0 0 0 0 0 0 0 0 0 0 0 0 1 0 0 0 0 0 0 0 0 0 0 0 0 0 0 0 0 0 0 0 0 0 0 0 0 0 0 1 0 0 0 0 0 0 0 0 0 0 0 0 0 0 0 0 0 0 1 0 0 0 0 0 0 0 0 0 0 0 1 0 0 0 0 1 1 1 1 
=== END DEBUG ===
[LNS] Extracted paths for 23 agents
[LNS] Adjusting collisions by start_t: 0
[LNS] Found 1 vertex collisions and 0 edge collisions
[LNS] Adding collision clauses and solving again...
  Vertex collision: 33, 39, (12,12), t=18
[LNS] Lazy solving iteration 6...
DEBUG: CNF has 4423 clauses
DEBUG: First clause: 1 
DEBUG: Adding 4423 clauses to MiniSAT
DEBUG: Clause load summary: input=4423, added=4423, tautologies_skipped=0, duplicates_skipped=0, unit_clauses=74, empties=0, intra_clause_literals_removed=0, added_but_db_unchanged=88
DEBUG: After adding clauses, solver has 4261 clauses and 671 variables
DEBUG: MiniSAT found 671 variables
DEBUG: Assignment size: 671
DEBUG: First few assignment values: 1 0 1 0 1 0 1 0 1 1 
[LNS] Found solution with 671 variable assignments

=== DEBUG: cnf_assignment_to_paths ===
Input assignment size: 671
Input assignment: 1 0 1 0 1 0 1 0 1 1 1 0 1 0 0 1 0 0 0 1 0 0 1 0 1 1 0 1 0 1 0 0 1 0 0 1 1 1 1 0 0 1 0 0 0 1 0 0 0 0 1 0 0 0 0 1 0 0 0 1 0 0 0 1 0 0 0 1 0 0 1 1 1 1 0 1 0 0 1 0 0 0 1 0 0 0 1 0 0 0 1 0 0 1 0 1 0 1 1 1 1 1 1 1 1 1 0 0 1 0 0 1 0 0 1 0 0 1 0 0 1 0 0 1 0 0 1 0 0 1 0 0 1 0 1 0 1 1 1 1 0 1 0 0 1 0 0 0 1 0 0 0 0 1 0 0 0 1 1 1 1 1 1 1 1 1 1 1 1 0 1 0 1 0 1 1 1 0 0 1 0 0 1 0 0 1 1 1 0 1 0 0 1 0 0 0 1 0 0 0 0 1 0 0 0 0 1 0 0 0 0 1 0 0 0 1 0 0 0 1 0 0 0 1 0 0 0 1 0 0 0 1 0 0 1 0 0 1 0 1 1 1 1 1 1 1 1 1 1 1 1 1 1 1 1 1 1 1 1 1 1 1 1 1 1 1 0 1 0 1 0 1 0 1 1 1 1 0 1 0 0 1 0 0 1 0 0 0 1 0 0 0 1 0 0 0 1 0 0 0 1 0 0 0 1 0 0 0 1 0 0 1 0 1 1 1 0 1 0 0 0 0 1 0 0 0 0 0 0 0 0 1 0 0 0 0 0 0 0 0 0 0 0 0 0 0 1 0 0 0 0 0 0 0 0 0 0 0 0 0 0 0 0 0 0 0 0 0 0 0 1 0 0 0 0 0 0 0 0 0 0 0 0 0 0 0 0 0 0 0 0 0 0 0 0 0 1 0 0 0 0 0 0 0 0 0 0 0 0 0 0 0 0 0 0 0 0 0 0 0 0 0 0 0 0 0 0 1 0 0 0 0 0 0 0 0 0 0 0 0 0 0 0 0 0 0 0 0 0 0 1 0 0 0 0 0 0 0 0 0 0 0 0 1 0 0 0 0 1 1 1 0 1 0 1 0 0 1 0 0 0 1 0 0 0 0 1 0 0 0 0 1 0 0 0 1 0 0 1 0 1 1 1 0 0 0 1 0 0 0 0 0 0 0 1 0 0 0 0 0 0 0 0 0 0 0 0 0 1 0 0 0 0 0 0 0 0 0 0 0 0 0 0 0 0 0 0 0 0 1 0 0 0 0 0 0 0 0 0 0 0 0 0 0 0 0 0 0 0 0 0 0 0 0 0 0 1 0 0 0 0 0 0 0 0 0 0 0 0 0 0 0 0 0 0 0 0 0 0 0 0 0 0 0 1 0 0 0 0 0 0 0 0 0 0 0 0 0 0 0 0 0 0 0 0 0 0 0 0 0 0 1 0 0 0 0 0 0 0 0 0 0 0 0 0 0 0 0 0 0 1 0 0 0 0 0 0 0 0 0 0 0 1 0 0 0 0 1 1 1 1 
=== END DEBUG ===
[LNS] Extracted paths for 23 agents
[LNS] Adjusting collisions by start_t: 0
[LNS] Found 2 vertex collisions and 1 edge collisions
[LNS] Adding collision clauses and solving again...
  Vertex collision: 8, 39, (10,7), t=21
  Vertex collision: 33, 39, (12,5), t=25
  Edge collision: 5, 39, (9,11) <-> (9,12), t=15
[LNS] Lazy solving iteration 7...
DEBUG: CNF has 4426 clauses
DEBUG: First clause: 1 
DEBUG: Adding 4426 clauses to MiniSAT
[LNS] Local problem is unsatisfiable after 7 iterations
[LNS] No Solution found -> Safety run solving without assignment
[LNS] Lazy solving iteration 8...
DEBUG: CNF has 4426 clauses
DEBUG: First clause: 1 
DEBUG: Adding 4426 clauses to MiniSAT
[LNS] Local problem is unsatisfiable after 8 iterations
[LNS] No Solution found + Safety run failed -> UNSAT
[LNS] Failed to find local solution after 1000000 iterations
[LNS] Local problem appears to be unsatisfiable in current zone
[LNS] Local problem appears to be unsatisfiable in current zone
[LNS] Attempting resolution with expansion factor 0...
[LNS] Trying waiting time strategy with original bucket...
[LNS] Starting waiting time strategy...
[LNS] Chosen agents involved in conflicts: 8 9 18 23 33 39 42 48 
[LNS] Found 8 agents in conflicts with, all with waiting time:
[LNS] Waiting time attempt 1...
[LNS] Will expand MDD for 8 chosen agents involved in 16 conflicts
  Agent 8 used 1 waiting timesteps, 21 remaining
[LNS] Expanding MDD for agent 8 by 1 timestep
[LNS] WARNING: MDD level 27 exceeds time window length 27; truncating.
[LNS] Updated agent 8 entry/exit time: [15, 27]
[LNS] Time window extended: [0, 26] -> [0, 27]
[LNS] Found 4 new agents in extended time window: 4 8 18 45 
[LNS] New agent 4 is a returning agent
[LNS] New agent 8 is a returning agent
[LNS] New agent 18 is a returning agent
[LNS] New agent 45 is a returning agent
  Agent 9 used 1 waiting timesteps, 9 remaining
[LNS] Expanding MDD for agent 9 by 1 timestep
[LNS] Updated agent 9 entry/exit time: [6, 19]
[LNS] Time window unchanged: [0, 26] (agent exit at 19)
  Agent 18 used 1 waiting timesteps, 21 remaining
[LNS] Expanding MDD for agent 18 by 1 timestep
[LNS] WARNING: MDD level 27 exceeds time window length 27; truncating.
[LNS] Updated agent 18 entry/exit time: [15, 27]
[LNS] Time window unchanged: [0, 26] (agent exit at 27)
  Agent 23 used 1 waiting timesteps, 23 remaining
[LNS] Expanding MDD for agent 23 by 1 timestep
[LNS] Updated agent 23 entry/exit time: [0, 7]
[LNS] Time window unchanged: [0, 26] (agent exit at 7)
  Agent 33 used 1 waiting timesteps, 9 remaining
[LNS] Expanding MDD for agent 33 by 1 timestep
[LNS] WARNING: MDD level 27 exceeds time window length 27; truncating.
[LNS] Updated agent 33 entry/exit time: [14, 27]
[LNS] Time window unchanged: [0, 26] (agent exit at 27)
  Agent 39 used 1 waiting timesteps, 8 remaining
[LNS] Expanding MDD for agent 39 by 1 timestep
[LNS] WARNING: MDD level 27 exceeds time window length 27; truncating.
[LNS] Updated agent 39 entry/exit time: [11, 27]
[LNS] Time window unchanged: [0, 26] (agent exit at 27)
  Agent 42 used 1 waiting timesteps, 14 remaining
[LNS] Expanding MDD for agent 42 by 1 timestep
[LNS] Updated agent 42 entry/exit time: [14, 23]
[LNS] Time window unchanged: [0, 26] (agent exit at 23)
  Agent 48 used 1 waiting timesteps, 27 remaining
[LNS] Expanding MDD for agent 48 by 1 timestep
[LNS] Updated agent 48 entry/exit time: [0, 11]
[LNS] Time window unchanged: [0, 26] (agent exit at 11)
[LNS] Recreating local CNF with expanded MDDs
[LNS] Attempting lazy solving with expanded MDD...
[LNS] Starting lazy solving of conflict zone...
[LNS] Adding 15 pre-discovered vertex collisions...
[LNS] Adding 1 pre-discovered edge collisions...
[LNS] Known edge collisions: 
[LNS] Adding edge collision: 5, 39, (9,11) <-> (9,12), t=15
[LNS] Lazy solving iteration 1...
DEBUG: CNF has 6391 clauses
DEBUG: First clause: 1 
DEBUG: Adding 6391 clauses to MiniSAT
DEBUG: Clause load summary: input=6391, added=6391, tautologies_skipped=0, duplicates_skipped=0, unit_clauses=55, empties=0, intra_clause_literals_removed=0, added_but_db_unchanged=54
DEBUG: After adding clauses, solver has 6282 clauses and 898 variables
DEBUG: MiniSAT found 898 variables
DEBUG: Assignment size: 898
DEBUG: First few assignment values: 1 0 1 0 0 1 0 1 1 1 
[LNS] Found solution with 898 variable assignments

=== DEBUG: cnf_assignment_to_paths ===
Input assignment size: 898
Input assignment: 1 0 1 0 0 1 0 1 1 1 1 0 0 0 1 0 0 0 0 0 0 1 0 0 0 0 0 1 0 0 0 0 1 0 0 0 0 1 0 0 1 1 1 0 0 1 0 0 1 0 0 1 1 1 0 1 0 0 0 0 1 0 0 0 0 0 0 1 0 0 0 0 0 0 0 0 1 0 0 0 0 0 0 0 1 0 0 0 0 0 0 0 1 0 0 0 0 0 0 0 1 0 0 0 0 0 0 0 0 1 0 0 0 0 0 0 1 0 0 1 0 0 1 1 1 0 1 0 0 1 0 0 0 1 0 0 0 1 0 0 0 1 0 0 1 0 0 1 1 1 1 1 1 1 1 1 1 0 0 0 1 0 0 0 0 0 1 0 0 0 1 0 0 0 0 0 1 0 0 0 0 0 1 0 0 0 0 0 1 0 0 0 0 0 1 0 0 0 0 0 1 0 0 0 0 0 1 0 0 0 0 0 1 0 0 0 0 1 0 0 1 1 1 1 0 1 0 0 1 0 0 0 1 0 0 0 0 1 0 0 0 1 1 1 1 0 1 0 1 0 1 0 1 0 1 0 1 0 1 0 1 1 1 0 1 0 1 0 1 1 1 0 1 0 0 1 0 0 1 0 1 1 0 1 0 0 0 0 1 0 0 0 0 0 0 1 0 0 0 0 0 0 0 0 1 0 0 0 0 0 0 0 1 0 0 0 0 0 0 0 0 0 1 0 0 0 0 0 0 0 1 0 0 0 0 0 0 1 0 0 0 0 0 1 0 0 0 0 0 0 0 1 0 0 0 0 0 0 0 1 0 0 0 0 0 0 0 1 0 0 0 0 0 0 1 0 0 0 0 0 1 0 0 0 0 1 0 0 1 1 1 1 1 0 1 0 1 0 1 0 1 0 1 0 1 0 1 0 1 0 1 0 1 0 1 0 1 1 1 1 1 1 1 1 1 1 0 1 0 1 0 1 0 1 1 1 1 0 1 0 0 1 0 0 1 0 0 0 1 0 0 0 1 0 0 0 1 0 0 0 1 0 0 0 1 0 0 0 1 0 0 1 0 1 1 1 0 1 0 0 0 0 1 0 0 0 0 0 0 0 0 1 0 0 0 0 0 0 0 0 0 0 0 0 0 0 1 0 0 0 0 0 0 0 0 0 0 0 0 0 0 0 0 0 0 0 0 0 0 0 1 0 0 0 0 0 0 0 0 0 0 0 0 0 0 0 0 0 0 0 0 0 0 0 0 0 0 0 1 0 0 0 0 0 0 0 0 0 0 0 0 0 0 0 0 0 0 0 0 0 0 0 0 0 0 0 0 0 0 0 0 1 0 0 0 0 0 0 0 0 0 0 0 0 0 0 0 0 0 0 0 0 0 0 0 0 0 0 0 0 0 0 1 0 0 0 0 0 0 0 0 0 0 0 0 0 0 0 0 0 0 0 0 0 0 1 0 0 0 0 0 0 0 0 0 0 0 0 1 0 0 0 0 1 1 0 1 0 1 0 0 1 0 0 0 1 0 0 0 0 1 0 0 0 0 1 0 0 0 1 0 0 1 0 1 1 1 0 0 0 1 0 0 0 0 0 0 0 1 0 0 0 0 0 0 0 0 0 0 0 0 0 1 0 0 0 0 0 0 0 0 0 0 0 0 0 0 0 0 0 0 0 0 1 0 0 0 0 0 0 0 0 0 0 0 0 0 0 0 0 0 0 0 0 0 0 0 0 0 0 0 1 0 0 0 0 0 0 0 0 0 0 0 0 0 0 0 0 0 0 0 0 0 0 0 0 0 0 0 0 0 1 0 0 0 0 0 0 0 0 0 0 0 0 0 0 0 0 0 0 0 0 0 0 0 0 0 0 0 0 0 1 0 0 0 0 0 0 0 0 0 0 0 0 0 0 0 0 0 0 0 0 0 0 0 0 0 0 1 0 0 0 0 0 0 0 0 0 0 0 0 0 0 0 0 0 0 1 0 0 0 0 0 0 0 0 0 0 0 1 0 0 0 0 1 1 1 1 
=== END DEBUG ===
[LNS] Extracted paths for 23 agents
[LNS] Adjusting collisions by start_t: 0
[LNS] Found 4 vertex collisions and 0 edge collisions
[LNS] Adding collision clauses and solving again...
  Vertex collision: 48, 25, (13,12), t=2
  Vertex collision: 48, 39, (9,16), t=11
  Vertex collision: 9, 33, (12,14), t=16
  Vertex collision: 33, 39, (12,11), t=19
[LNS] Lazy solving iteration 2...
DEBUG: CNF has 6395 clauses
DEBUG: First clause: 1 
DEBUG: Adding 6395 clauses to MiniSAT
[LNS] Local problem is unsatisfiable after 2 iterations
[LNS] No Solution found -> Safety run solving without assignment
[LNS] Lazy solving iteration 3...
DEBUG: CNF has 6395 clauses
DEBUG: First clause: 1 
DEBUG: Adding 6395 clauses to MiniSAT
[LNS] Local problem is unsatisfiable after 3 iterations
[LNS] No Solution found + Safety run failed -> UNSAT
[LNS] Failed to find local solution after 10000 iterations
[LNS] Local problem appears to be unsatisfiable in current zone
[LNS] Expanded MDD did not resolve conflicts, trying next agent...
[LNS] Updated collision tracking: 19 vertex collisions, 1 edge collisions
[LNS] Waiting time attempt 2...
[LNS] Will expand MDD for 4 chosen agents involved in 4 conflicts
  Agent 9 used 1 waiting timesteps, 8 remaining
[LNS] Expanding MDD for agent 9 by 1 timestep
[LNS] Updated agent 9 entry/exit time: [6, 20]
[LNS] Time window unchanged: [0, 26] (agent exit at 20)
  Agent 25 used 1 waiting timesteps, 33 remaining
[LNS] Expanding MDD for agent 25 by 1 timestep
[LNS] Updated agent 25 entry/exit time: [0, 5]
[LNS] Time window unchanged: [0, 26] (agent exit at 5)
  Agent 33 used 1 waiting timesteps, 8 remaining
[LNS] Expanding MDD for agent 33 by 1 timestep
[LNS] WARNING: MDD level 27 exceeds time window length 27; truncating.
[LNS] WARNING: MDD level 28 exceeds time window length 27; truncating.
[LNS] Updated agent 33 entry/exit time: [14, 28]
[LNS] Time window extended: [0, 26] -> [0, 28]
[LNS] Found 4 new agents in extended time window: 4 8 18 45 
[LNS] New agent 4 is a returning agent
[LNS] New agent 8 is a returning agent
[LNS] New agent 18 is a returning agent
[LNS] New agent 45 is a returning agent
  Agent 48 used 1 waiting timesteps, 26 remaining
[LNS] Expanding MDD for agent 48 by 1 timestep
[LNS] Updated agent 48 entry/exit time: [0, 12]
[LNS] Time window unchanged: [0, 26] (agent exit at 12)
[LNS] Recreating local CNF with expanded MDDs
[LNS] Attempting lazy solving with expanded MDD...
[LNS] Starting lazy solving of conflict zone...
[LNS] Adding 19 pre-discovered vertex collisions...
[LNS] Adding 1 pre-discovered edge collisions...
[LNS] Known edge collisions: 
[LNS] Adding edge collision: 5, 39, (9,11) <-> (9,12), t=15
[LNS] Lazy solving iteration 1...
DEBUG: CNF has 7510 clauses
DEBUG: First clause: 1 
DEBUG: Adding 7510 clauses to MiniSAT
DEBUG: Clause load summary: input=7510, added=7510, tautologies_skipped=0, duplicates_skipped=0, unit_clauses=59, empties=0, intra_clause_literals_removed=0, added_but_db_unchanged=57
DEBUG: After adding clauses, solver has 7394 clauses and 1051 variables
DEBUG: MiniSAT found 1051 variables
DEBUG: Assignment size: 1051
DEBUG: First few assignment values: 1 0 0 1 0 0 1 0 0 0 
[LNS] Found solution with 1051 variable assignments

=== DEBUG: cnf_assignment_to_paths ===
Input assignment size: 1051
Input assignment: 1 0 0 1 0 0 1 0 0 0 0 0 1 0 0 1 0 1 1 0 1 0 0 1 0 0 0 0 1 0 0 0 0 0 0 0 1 0 0 0 0 1 0 0 0 0 1 0 0 1 1 1 0 0 1 0 0 1 0 0 1 1 1 1 0 0 0 0 1 0 0 0 0 0 0 0 0 0 0 0 1 0 0 0 0 0 0 0 1 0 0 0 0 0 0 0 0 0 0 0 0 1 0 0 0 0 0 0 0 0 0 0 0 0 0 0 1 0 0 0 0 0 0 0 0 0 0 0 0 0 0 0 0 1 0 0 0 0 0 0 0 0 0 0 0 0 0 0 0 1 0 0 0 0 0 0 0 0 0 0 0 1 0 0 0 0 0 0 0 0 0 1 0 0 0 0 0 0 0 1 0 0 1 1 1 0 1 0 0 1 0 0 0 1 0 0 0 1 0 0 0 1 0 0 1 0 1 0 1 1 1 1 1 1 1 1 1 0 0 1 0 0 0 0 0 0 1 0 0 0 0 0 0 0 0 0 1 0 0 0 0 0 0 0 0 0 1 0 0 0 0 0 0 0 0 0 0 1 0 0 0 0 0 0 0 0 0 0 1 0 0 0 0 0 0 0 0 0 0 1 0 0 0 0 0 0 0 0 0 0 1 0 0 0 0 0 0 0 0 0 0 1 0 0 0 0 0 0 0 0 0 0 1 0 0 0 0 0 0 0 0 0 0 1 0 0 0 0 0 0 1 0 0 0 1 1 1 1 0 1 0 0 1 0 0 0 1 0 0 0 0 1 0 0 0 1 1 1 1 1 0 1 0 1 0 1 0 1 0 1 0 1 0 1 0 1 1 1 0 1 0 1 0 1 1 1 0 1 0 0 1 0 0 1 0 1 1 1 0 0 1 0 0 0 0 0 1 0 0 0 0 0 0 1 0 0 0 0 0 0 0 1 0 0 0 0 0 0 0 0 0 1 0 0 0 0 0 0 0 0 0 1 0 0 0 0 0 0 0 0 1 0 0 0 0 0 0 0 1 0 0 0 0 0 0 0 1 0 0 0 0 0 0 0 1 0 0 0 0 0 0 0 1 0 0 0 0 0 0 1 0 0 0 0 0 1 0 0 0 0 1 0 0 1 1 1 1 1 0 0 0 1 0 0 0 0 1 0 0 0 0 1 0 0 0 0 1 0 0 0 0 1 0 0 0 0 1 0 0 0 0 1 0 0 0 0 1 0 0 0 0 1 0 0 0 0 1 0 0 0 0 1 0 0 0 0 1 1 1 1 1 1 1 1 1 1 1 0 1 0 1 0 1 0 1 1 1 1 0 1 0 0 1 0 0 1 0 0 0 1 0 0 0 1 0 0 0 1 0 0 0 1 0 0 0 1 0 0 0 1 0 0 1 0 1 1 1 0 1 0 0 0 0 1 0 0 0 0 0 0 0 0 1 0 0 0 0 0 0 0 0 0 0 0 0 0 0 1 0 0 0 0 0 0 0 0 0 0 0 0 0 0 0 0 0 0 0 0 0 0 0 1 0 0 0 0 0 0 0 0 0 0 0 0 0 0 0 0 0 0 0 0 0 0 0 0 0 0 0 1 0 0 0 0 0 0 0 0 0 0 0 0 0 0 0 0 0 0 0 0 0 0 0 0 0 0 0 0 0 0 0 0 1 0 0 0 0 0 0 0 0 0 0 0 0 0 0 0 0 0 0 0 0 0 0 0 0 0 0 0 0 0 0 1 0 0 0 0 0 0 0 0 0 0 0 0 0 0 0 0 0 0 0 0 0 0 1 0 0 0 0 0 0 0 0 0 0 0 0 1 0 0 0 0 1 1 1 0 1 0 1 0 0 1 0 0 0 1 0 0 0 0 1 0 0 0 0 1 0 0 0 1 0 0 1 0 1 1 1 0 0 0 1 0 0 0 0 0 0 0 1 0 0 0 0 0 0 0 0 0 0 0 0 0 1 0 0 0 0 0 0 0 0 0 0 0 0 0 0 0 0 0 0 0 0 1 0 0 0 0 0 0 0 0 0 0 0 0 0 0 0 0 0 0 0 0 0 0 0 0 0 0 0 1 0 0 0 0 0 0 0 0 0 0 0 0 0 0 0 0 0 0 0 0 0 0 0 0 0 0 0 0 0 1 0 0 0 0 0 0 0 0 0 0 0 0 0 0 0 0 0 0 0 0 0 0 0 0 0 0 0 0 0 1 0 0 0 0 0 0 0 0 0 0 0 0 0 0 0 0 0 0 0 0 0 0 0 0 0 0 1 0 0 0 0 0 0 0 0 0 0 0 0 0 0 0 0 0 0 1 0 0 0 0 0 0 0 0 0 0 0 1 0 0 0 0 1 1 1 1 1 
=== END DEBUG ===
[LNS] Extracted paths for 23 agents
[LNS] Adjusting collisions by start_t: 0
[LNS] Found 2 vertex collisions and 1 edge collisions
[LNS] Adding collision clauses and solving again...
  Vertex collision: 24, 48, (11,10), t=4
  Vertex collision: 9, 33, (12,14), t=18
  Edge collision: 9, 5, (10,6) <-> (11,6), t=8
[LNS] Lazy solving iteration 2...
DEBUG: CNF has 7513 clauses
DEBUG: First clause: 1 
DEBUG: Adding 7513 clauses to MiniSAT
DEBUG: Clause load summary: input=7513, added=7513, tautologies_skipped=0, duplicates_skipped=0, unit_clauses=59, empties=0, intra_clause_literals_removed=0, added_but_db_unchanged=57
DEBUG: After adding clauses, solver has 7397 clauses and 1051 variables
DEBUG: MiniSAT found 1051 variables
DEBUG: Assignment size: 1051
DEBUG: First few assignment values: 1 0 1 0 0 1 0 0 0 1 
[LNS] Found solution with 1051 variable assignments

=== DEBUG: cnf_assignment_to_paths ===
Input assignment size: 1051
Input assignment: 1 0 1 0 0 1 0 0 0 1 0 0 0 0 1 0 0 1 1 1 0 0 1 0 0 0 0 0 1 0 0 0 0 0 0 0 1 0 0 0 0 1 0 0 0 0 1 0 0 1 1 1 0 0 1 0 0 1 0 0 1 1 1 1 0 0 0 0 1 0 0 0 0 0 0 0 0 0 1 0 0 0 0 0 0 0 0 0 0 1 0 0 0 0 0 0 0 0 0 0 0 1 0 0 0 0 0 0 0 0 0 0 0 0 0 0 1 0 0 0 0 0 0 0 0 0 0 0 0 0 0 0 0 1 0 0 0 0 0 0 0 0 0 0 0 0 0 0 0 1 0 0 0 0 0 0 0 0 0 0 0 1 0 0 0 0 0 0 0 0 0 1 0 0 0 0 0 0 0 1 0 0 1 1 1 0 1 0 0 1 0 0 0 1 0 0 0 1 0 0 0 1 0 0 1 0 1 0 1 1 1 1 1 1 1 1 1 0 0 0 1 0 0 0 0 0 1 0 0 0 0 0 0 0 0 0 0 1 0 0 0 0 0 0 0 0 0 1 0 0 0 0 0 0 0 0 0 0 1 0 0 0 0 0 0 0 0 0 0 1 0 0 0 0 0 0 0 0 0 0 1 0 0 0 0 0 0 0 0 0 0 1 0 0 0 0 0 0 0 0 0 0 1 0 0 0 0 0 0 0 0 0 0 1 0 0 0 0 0 0 0 0 0 0 1 0 0 0 0 0 1 0 0 0 1 1 1 1 0 1 0 0 1 0 0 0 1 0 0 0 0 1 0 0 0 1 1 1 1 1 0 1 0 1 0 1 0 1 0 1 0 1 0 1 0 1 1 1 0 1 0 1 0 1 1 1 0 1 0 0 1 0 0 1 0 1 1 1 0 0 1 0 0 0 0 0 1 0 0 0 0 0 0 1 0 0 0 0 0 0 0 1 0 0 0 0 0 0 0 0 0 1 0 0 0 0 0 0 0 0 0 1 0 0 0 0 0 0 0 0 1 0 0 0 0 0 0 0 1 0 0 0 0 0 0 0 1 0 0 0 0 0 0 0 1 0 0 0 0 0 0 0 1 0 0 0 0 0 0 1 0 0 0 0 0 1 0 0 0 0 1 0 0 1 1 1 1 1 0 0 0 1 0 0 0 0 1 0 0 0 0 1 0 0 0 0 1 0 0 0 0 1 0 0 0 0 1 0 0 0 0 1 0 0 0 0 1 0 0 0 0 1 0 0 0 0 1 0 0 0 0 1 0 0 0 0 1 1 1 1 1 1 1 1 1 1 1 0 1 0 1 0 1 0 1 1 1 1 0 1 0 0 1 0 0 1 0 0 0 1 0 0 0 1 0 0 0 1 0 0 0 1 0 0 0 1 0 0 0 1 0 0 1 0 1 1 1 0 1 0 0 0 0 1 0 0 0 0 0 0 0 0 1 0 0 0 0 0 0 0 0 0 0 0 0 0 0 1 0 0 0 0 0 0 0 0 0 0 0 0 0 0 0 0 0 0 0 0 0 0 0 1 0 0 0 0 0 0 0 0 0 0 0 0 0 0 0 0 0 0 0 0 0 0 0 0 0 0 0 1 0 0 0 0 0 0 0 0 0 0 0 0 0 0 0 0 0 0 0 0 0 0 0 0 0 0 0 0 0 0 0 0 1 0 0 0 0 0 0 0 0 0 0 0 0 0 0 0 0 0 0 0 0 0 0 0 0 0 0 0 0 0 0 1 0 0 0 0 0 0 0 0 0 0 0 0 0 0 0 0 0 0 0 0 0 0 1 0 0 0 0 0 0 0 0 0 0 0 0 1 0 0 0 0 1 1 1 0 1 0 1 0 0 1 0 0 0 1 0 0 0 0 1 0 0 0 0 1 0 0 0 1 0 0 1 0 1 1 1 0 0 0 1 0 0 0 0 0 0 0 1 0 0 0 0 0 0 0 0 0 0 0 0 0 1 0 0 0 0 0 0 0 0 0 0 0 0 0 0 0 0 0 0 0 0 1 0 0 0 0 0 0 0 0 0 0 0 0 0 0 0 0 0 0 0 0 0 0 0 0 0 0 0 1 0 0 0 0 0 0 0 0 0 0 0 0 0 0 0 0 0 0 0 0 0 0 0 0 0 0 0 0 0 1 0 0 0 0 0 0 0 0 0 0 0 0 0 0 0 0 0 0 0 0 0 0 0 0 0 0 0 0 0 1 0 0 0 0 0 0 0 0 0 0 0 0 0 0 0 0 0 0 0 0 0 0 0 0 0 0 1 0 0 0 0 0 0 0 0 0 0 0 0 0 0 0 0 0 0 1 0 0 0 0 0 0 0 0 0 0 0 1 0 0 0 0 1 1 1 1 1 
=== END DEBUG ===
[LNS] Extracted paths for 23 agents
[LNS] Adjusting collisions by start_t: 0
[LNS] Found 0 vertex collisions and 1 edge collisions
[LNS] Adding collision clauses and solving again...
  Edge collision: 42, 9, (12,15) <-> (11,15), t=18
[LNS] Lazy solving iteration 3...
DEBUG: CNF has 7514 clauses
DEBUG: First clause: 1 
DEBUG: Adding 7514 clauses to MiniSAT
DEBUG: Clause load summary: input=7514, added=7514, tautologies_skipped=0, duplicates_skipped=0, unit_clauses=59, empties=0, intra_clause_literals_removed=0, added_but_db_unchanged=57
DEBUG: After adding clauses, solver has 7398 clauses and 1051 variables
DEBUG: MiniSAT found 1051 variables
DEBUG: Assignment size: 1051
DEBUG: First few assignment values: 1 0 1 0 0 1 0 0 0 1 
[LNS] Found solution with 1051 variable assignments

=== DEBUG: cnf_assignment_to_paths ===
Input assignment size: 1051
Input assignment: 1 0 1 0 0 1 0 0 0 1 0 0 0 0 1 0 0 1 1 1 0 0 1 0 0 0 0 0 1 0 0 0 0 0 0 0 1 0 0 0 0 1 0 0 0 0 1 0 0 1 1 1 0 0 1 0 0 1 0 0 1 1 1 1 0 0 0 0 1 0 0 0 0 0 0 0 0 0 1 0 0 0 0 0 0 0 0 0 0 1 0 0 0 0 0 0 0 0 0 0 0 1 0 0 0 0 0 0 0 0 0 0 0 0 0 0 1 0 0 0 0 0 0 0 0 0 0 0 0 0 0 0 0 1 0 0 0 0 0 0 0 0 0 0 0 0 0 0 0 1 0 0 0 0 0 0 0 0 0 0 0 1 0 0 0 0 0 0 0 0 0 1 0 0 0 0 0 0 0 1 0 0 1 1 1 0 1 0 0 1 0 0 0 1 0 0 0 1 0 0 0 1 0 0 1 0 1 0 1 1 1 1 1 1 1 1 1 0 0 0 1 0 0 0 0 0 0 0 1 0 0 0 0 0 0 0 0 0 0 1 0 0 0 0 0 0 0 0 0 1 0 0 0 0 0 0 0 0 0 0 1 0 0 0 0 0 0 0 0 0 0 1 0 0 0 0 0 0 0 0 0 0 1 0 0 0 0 0 0 0 0 0 0 1 0 0 0 0 0 0 0 0 0 0 1 0 0 0 0 0 0 0 0 0 0 1 0 0 0 0 0 0 0 0 0 0 1 0 0 0 1 0 0 0 1 1 1 1 0 1 0 0 1 0 0 0 1 0 0 0 0 1 0 0 0 1 1 1 1 1 0 1 0 1 0 1 0 1 0 1 0 1 0 1 0 1 1 1 0 1 0 1 0 1 1 1 0 1 0 0 1 0 0 1 0 1 1 1 0 0 1 0 0 0 0 0 1 0 0 0 0 0 0 1 0 0 0 0 0 0 0 1 0 0 0 0 0 0 0 0 0 1 0 0 0 0 0 0 0 0 0 1 0 0 0 0 0 0 0 0 1 0 0 0 0 0 0 0 1 0 0 0 0 0 0 0 1 0 0 0 0 0 0 0 1 0 0 0 0 0 0 0 1 0 0 0 0 0 0 1 0 0 0 0 0 1 0 0 0 0 1 0 0 1 1 1 1 1 0 0 0 1 0 0 0 0 1 0 0 0 0 1 0 0 0 0 1 0 0 0 0 1 0 0 0 0 1 0 0 0 0 1 0 0 0 0 1 0 0 0 0 1 0 0 0 0 1 0 0 0 0 1 0 0 0 0 1 1 1 1 1 1 1 1 1 1 1 0 1 0 1 0 1 0 1 1 1 1 0 1 0 0 1 0 0 1 0 0 0 1 0 0 0 1 0 0 0 1 0 0 0 1 0 0 0 1 0 0 0 1 0 0 1 0 1 1 1 0 1 0 0 0 0 1 0 0 0 0 0 0 0 0 1 0 0 0 0 0 0 0 0 0 0 0 0 0 0 1 0 0 0 0 0 0 0 0 0 0 0 0 0 0 0 0 0 0 0 0 0 0 0 1 0 0 0 0 0 0 0 0 0 0 0 0 0 0 0 0 0 0 0 0 0 0 0 0 0 0 0 1 0 0 0 0 0 0 0 0 0 0 0 0 0 0 0 0 0 0 0 0 0 0 0 0 0 0 0 0 0 0 0 0 1 0 0 0 0 0 0 0 0 0 0 0 0 0 0 0 0 0 0 0 0 0 0 0 0 0 0 0 0 0 0 1 0 0 0 0 0 0 0 0 0 0 0 0 0 0 0 0 0 0 0 0 0 0 1 0 0 0 0 0 0 0 0 0 0 0 0 1 0 0 0 0 1 1 1 0 1 0 1 0 0 1 0 0 0 1 0 0 0 0 1 0 0 0 0 1 0 0 0 1 0 0 1 0 1 1 1 0 0 0 1 0 0 0 0 0 0 0 1 0 0 0 0 0 0 0 0 0 0 0 0 0 1 0 0 0 0 0 0 0 0 0 0 0 0 0 0 0 0 0 0 0 0 1 0 0 0 0 0 0 0 0 0 0 0 0 0 0 0 0 0 0 0 0 0 0 0 0 0 0 0 1 0 0 0 0 0 0 0 0 0 0 0 0 0 0 0 0 0 0 0 0 0 0 0 0 0 0 0 0 0 1 0 0 0 0 0 0 0 0 0 0 0 0 0 0 0 0 0 0 0 0 0 0 0 0 0 0 0 0 0 1 0 0 0 0 0 0 0 0 0 0 0 0 0 0 0 0 0 0 0 0 0 0 0 0 0 0 1 0 0 0 0 0 0 0 0 0 0 0 0 0 0 0 0 0 0 1 0 0 0 0 0 0 0 0 0 0 0 1 0 0 0 0 1 1 1 1 1 
=== END DEBUG ===
[LNS] Extracted paths for 23 agents
[LNS] Adjusting collisions by start_t: 0
[LNS] Found 1 vertex collisions and 0 edge collisions
[LNS] Adding collision clauses and solving again...
  Vertex collision: 9, 39, (13,14), t=17
[LNS] Lazy solving iteration 4...
DEBUG: CNF has 7515 clauses
DEBUG: First clause: 1 
DEBUG: Adding 7515 clauses to MiniSAT
DEBUG: Clause load summary: input=7515, added=7515, tautologies_skipped=0, duplicates_skipped=0, unit_clauses=59, empties=0, intra_clause_literals_removed=0, added_but_db_unchanged=57
DEBUG: After adding clauses, solver has 7399 clauses and 1051 variables
DEBUG: MiniSAT found 1051 variables
DEBUG: Assignment size: 1051
DEBUG: First few assignment values: 1 0 1 0 0 1 0 0 0 1 
[LNS] Found solution with 1051 variable assignments

=== DEBUG: cnf_assignment_to_paths ===
Input assignment size: 1051
Input assignment: 1 0 1 0 0 1 0 0 0 1 0 0 0 0 1 0 0 1 1 1 0 0 1 0 0 0 0 0 1 0 0 0 0 0 0 0 1 0 0 0 0 1 0 0 0 0 1 0 0 1 1 1 0 0 1 0 0 1 0 0 1 1 1 1 0 0 0 0 1 0 0 0 0 0 0 0 0 0 1 0 0 0 0 0 0 0 0 0 0 1 0 0 0 0 0 0 0 0 0 0 0 1 0 0 0 0 0 0 0 0 0 0 0 0 0 0 1 0 0 0 0 0 0 0 0 0 0 0 0 0 0 0 0 1 0 0 0 0 0 0 0 0 0 0 0 0 0 0 0 1 0 0 0 0 0 0 0 0 0 0 0 1 0 0 0 0 0 0 0 0 0 1 0 0 0 0 0 0 0 1 0 0 1 1 1 0 1 0 0 1 0 0 0 1 0 0 0 1 0 0 0 1 0 0 1 0 1 0 1 1 1 1 1 1 1 1 1 0 0 0 1 0 0 0 0 0 0 0 0 0 1 0 0 0 0 0 0 0 0 0 1 0 0 0 0 0 0 0 0 0 1 0 0 0 0 0 0 0 0 0 0 1 0 0 0 0 0 0 0 0 0 0 1 0 0 0 0 0 0 0 0 0 0 1 0 0 0 0 0 0 0 0 0 0 1 0 0 0 0 0 0 0 0 0 0 1 0 0 0 0 0 0 0 0 0 0 1 0 0 0 0 0 0 0 0 0 1 0 0 0 1 0 0 0 1 1 1 1 0 1 0 0 1 0 0 0 1 0 0 0 0 1 0 0 0 1 1 1 1 1 0 1 0 1 0 1 0 1 0 1 0 1 0 1 0 1 1 1 0 1 0 1 0 1 1 1 0 1 0 0 1 0 0 1 0 1 1 1 0 0 1 0 0 0 0 0 1 0 0 0 0 0 0 1 0 0 0 0 0 0 0 1 0 0 0 0 0 0 0 0 0 1 0 0 0 0 0 0 0 0 0 1 0 0 0 0 0 0 0 0 1 0 0 0 0 0 0 0 1 0 0 0 0 0 0 0 1 0 0 0 0 0 0 0 1 0 0 0 0 0 0 0 1 0 0 0 0 0 0 1 0 0 0 0 0 1 0 0 0 0 1 0 0 1 1 1 1 1 0 0 0 1 0 0 0 0 1 0 0 0 0 1 0 0 0 0 1 0 0 0 0 1 0 0 0 0 1 0 0 0 0 1 0 0 0 0 1 0 0 0 0 1 0 0 0 0 1 0 0 0 0 1 0 0 0 0 1 1 1 1 1 1 1 1 1 1 1 0 1 0 1 0 1 0 1 1 1 1 0 1 0 0 1 0 0 1 0 0 0 1 0 0 0 1 0 0 0 1 0 0 0 1 0 0 0 1 0 0 0 1 0 0 1 0 1 1 1 0 1 0 0 0 0 1 0 0 0 0 0 0 0 0 1 0 0 0 0 0 0 0 0 0 0 0 0 0 0 1 0 0 0 0 0 0 0 0 0 0 0 0 0 0 0 0 0 0 0 0 0 0 0 1 0 0 0 0 0 0 0 0 0 0 0 0 0 0 0 0 0 0 0 0 0 0 0 0 0 0 0 1 0 0 0 0 0 0 0 0 0 0 0 0 0 0 0 0 0 0 0 0 0 0 0 0 0 0 0 0 0 0 0 0 1 0 0 0 0 0 0 0 0 0 0 0 0 0 0 0 0 0 0 0 0 0 0 0 0 0 0 0 0 0 0 1 0 0 0 0 0 0 0 0 0 0 0 0 0 0 0 0 0 0 0 0 0 0 1 0 0 0 0 0 0 0 0 0 0 0 0 1 0 0 0 0 1 1 1 0 1 0 1 0 0 1 0 0 0 1 0 0 0 0 1 0 0 0 0 1 0 0 0 1 0 0 1 0 1 1 1 0 0 0 1 0 0 0 0 0 0 0 1 0 0 0 0 0 0 0 0 0 0 0 0 0 1 0 0 0 0 0 0 0 0 0 0 0 0 0 0 0 0 0 0 0 0 1 0 0 0 0 0 0 0 0 0 0 0 0 0 0 0 0 0 0 0 0 0 0 0 0 0 0 0 1 0 0 0 0 0 0 0 0 0 0 0 0 0 0 0 0 0 0 0 0 0 0 0 0 0 0 0 0 0 1 0 0 0 0 0 0 0 0 0 0 0 0 0 0 0 0 0 0 0 0 0 0 0 0 0 0 0 0 0 1 0 0 0 0 0 0 0 0 0 0 0 0 0 0 0 0 0 0 0 0 0 0 0 0 0 0 1 0 0 0 0 0 0 0 0 0 0 0 0 0 0 0 0 0 0 1 0 0 0 0 0 0 0 0 0 0 0 1 0 0 0 0 1 1 1 1 1 
=== END DEBUG ===
[LNS] Extracted paths for 23 agents
[LNS] Adjusting collisions by start_t: 0
[LNS] Found 1 vertex collisions and 1 edge collisions
[LNS] Adding collision clauses and solving again...
  Vertex collision: 9, 33, (12,15), t=17
  Edge collision: 42, 9, (13,15) <-> (12,15), t=17
[LNS] Lazy solving iteration 5...
DEBUG: CNF has 7517 clauses
DEBUG: First clause: 1 
DEBUG: Adding 7517 clauses to MiniSAT
DEBUG: Clause load summary: input=7517, added=7517, tautologies_skipped=0, duplicates_skipped=0, unit_clauses=59, empties=0, intra_clause_literals_removed=0, added_but_db_unchanged=57
DEBUG: After adding clauses, solver has 7401 clauses and 1051 variables
DEBUG: MiniSAT found 1051 variables
DEBUG: Assignment size: 1051
DEBUG: First few assignment values: 1 0 1 0 0 1 0 0 0 1 
[LNS] Found solution with 1051 variable assignments

=== DEBUG: cnf_assignment_to_paths ===
Input assignment size: 1051
Input assignment: 1 0 1 0 0 1 0 0 0 1 0 0 0 0 1 0 0 1 1 1 0 0 1 0 0 0 0 0 1 0 0 0 0 0 0 0 1 0 0 0 0 1 0 0 0 0 1 0 0 1 1 1 0 0 1 0 0 1 0 0 1 1 1 1 0 0 0 0 1 0 0 0 0 0 0 0 0 0 1 0 0 0 0 0 0 0 0 0 0 1 0 0 0 0 0 0 0 0 0 0 0 1 0 0 0 0 0 0 0 0 0 0 0 0 0 0 1 0 0 0 0 0 0 0 0 0 0 0 0 0 0 0 0 1 0 0 0 0 0 0 0 0 0 0 0 0 0 0 0 1 0 0 0 0 0 0 0 0 0 0 0 1 0 0 0 0 0 0 0 0 0 1 0 0 0 0 0 0 0 1 0 0 1 1 1 0 1 0 0 1 0 0 0 1 0 0 0 1 0 0 0 1 0 0 1 0 1 0 1 1 1 1 1 1 1 1 1 0 0 0 0 0 1 0 0 0 0 0 0 0 0 0 1 0 0 0 0 0 0 0 0 0 1 0 0 0 0 0 0 0 0 0 1 0 0 0 0 0 0 0 0 0 0 1 0 0 0 0 0 0 0 0 0 0 1 0 0 0 0 0 0 0 0 0 0 1 0 0 0 0 0 0 0 0 0 0 1 0 0 0 0 0 0 0 0 0 0 1 0 0 0 0 0 0 0 0 0 0 1 0 0 0 0 0 0 0 0 1 0 0 1 0 0 0 1 1 1 1 0 1 0 0 1 0 0 0 1 0 0 0 0 1 0 0 0 1 1 1 1 1 0 1 0 1 0 1 0 1 0 1 0 1 0 1 0 1 1 1 0 1 0 1 0 1 1 1 0 1 0 0 1 0 0 1 0 1 1 1 0 0 1 0 0 0 0 0 1 0 0 0 0 0 0 1 0 0 0 0 0 0 0 1 0 0 0 0 0 0 0 0 0 1 0 0 0 0 0 0 0 0 0 1 0 0 0 0 0 0 0 0 1 0 0 0 0 0 0 0 1 0 0 0 0 0 0 0 1 0 0 0 0 0 0 0 1 0 0 0 0 0 0 0 1 0 0 0 0 0 0 1 0 0 0 0 0 1 0 0 0 0 1 0 0 1 1 1 1 1 0 0 0 1 0 0 0 0 1 0 0 0 0 1 0 0 0 0 1 0 0 0 0 1 0 0 0 0 1 0 0 0 0 1 0 0 0 0 1 0 0 0 0 1 0 0 0 0 1 0 0 0 0 1 0 0 0 0 1 1 1 1 1 1 1 1 1 1 1 0 1 0 1 0 1 0 1 1 1 1 0 1 0 0 1 0 0 1 0 0 0 1 0 0 0 1 0 0 0 1 0 0 0 1 0 0 0 1 0 0 0 1 0 0 1 0 1 1 1 0 1 0 0 0 0 1 0 0 0 0 0 0 0 0 1 0 0 0 0 0 0 0 0 0 0 0 0 0 0 1 0 0 0 0 0 0 0 0 0 0 0 0 0 0 0 0 0 0 0 0 0 0 0 1 0 0 0 0 0 0 0 0 0 0 0 0 0 0 0 0 0 0 0 0 0 0 0 0 0 0 0 1 0 0 0 0 0 0 0 0 0 0 0 0 0 0 0 0 0 0 0 0 0 0 0 0 0 0 0 0 0 0 0 0 1 0 0 0 0 0 0 0 0 0 0 0 0 0 0 0 0 0 0 0 0 0 0 0 0 0 0 0 0 0 0 1 0 0 0 0 0 0 0 0 0 0 0 0 0 0 0 0 0 0 0 0 0 0 1 0 0 0 0 0 0 0 0 0 0 0 0 1 0 0 0 0 1 1 1 0 1 0 1 0 0 1 0 0 0 1 0 0 0 0 1 0 0 0 0 1 0 0 0 1 0 0 1 0 1 1 1 0 0 0 1 0 0 0 0 0 0 0 1 0 0 0 0 0 0 0 0 0 0 0 0 0 1 0 0 0 0 0 0 0 0 0 0 0 0 0 0 0 0 0 0 0 0 1 0 0 0 0 0 0 0 0 0 0 0 0 0 0 0 0 0 0 0 0 0 0 0 0 0 0 0 1 0 0 0 0 0 0 0 0 0 0 0 0 0 0 0 0 0 0 0 0 0 0 0 0 0 0 0 0 0 1 0 0 0 0 0 0 0 0 0 0 0 0 0 0 0 0 0 0 0 0 0 0 0 0 0 0 0 0 0 1 0 0 0 0 0 0 0 0 0 0 0 0 0 0 0 0 0 0 0 0 0 0 0 0 0 0 1 0 0 0 0 0 0 0 0 0 0 0 0 0 0 0 0 0 0 1 0 0 0 0 0 0 0 0 0 0 0 1 0 0 0 0 1 1 1 1 1 
=== END DEBUG ===
[LNS] Extracted paths for 23 agents
[LNS] Adjusting collisions by start_t: 0
[LNS] Found 0 vertex collisions and 0 edge collisions
[LNS] Found collision-free local solution!
[LNS] Successfully resolved conflicts using waiting time strategy!
[LNS] Updating global solution with local paths (waiting time) ...
[ERROR] Agent 8 local path len (14) != expected (13)
[ERROR] Agent 4 local path len (9) != expected (7)
[ERROR] Agent 33 local path len (13) != expected (15)
[ERROR] Agent 39 local path len (16) != expected (17)
[ERROR] Agent 45 local path len (8) != expected (6)
[LNS] Successfully updated global solution with waiting-time local paths!
[LNS] Successfully resolved conflicts using waiting time strategy!
[LNS] Updated global collision tracking: 19 vertex collisions, 1 edge collisions
[LNS] All expansion strategies exhausted without hitting 100% coverage.
[LNS] This suggests the problem is too constrained at current makespan.
[LNS] Breaking out of current makespan attempt to try with higher makespan...
[LNS] THIS SHOULD NOT HAPPEN, SOMETHING IS WRONG WITH THE EXPANSION STRATEGY
