[LNS] Loaded map 48x48, agents: 100
[LNS] Map:
................................................
................................................
................................................
................................................
................................................
................................................
................................................
................................................
................................................
................................................
................................................
................................................
................................................
................................................
................................................
................................................
................................................
................................................
................................................
................................................
................................................
................................................
................................................
................................................
................................................
................................................
................................................
................................................
................................................
................................................
................................................
................................................
................................................
................................................
................................................
................................................
................................................
................................................
................................................
................................................
................................................
................................................
................................................
................................................
................................................
................................................
................................................
................................................
[LNS] Agents (start -> goal):
  Agent 0: (42,15) -> (25,22)
  Agent 1: (3,40) -> (2,27)
  Agent 2: (0,32) -> (37,2)
  Agent 3: (5,15) -> (3,27)
  Agent 4: (28,4) -> (23,27)
  Agent 5: (1,37) -> (29,20)
  Agent 6: (24,9) -> (44,5)
  Agent 7: (8,11) -> (17,42)
  Agent 8: (16,0) -> (20,15)
  Agent 9: (31,10) -> (33,31)
  Agent 10: (39,37) -> (40,40)
  Agent 11: (26,19) -> (12,10)
  Agent 12: (25,28) -> (21,11)
  Agent 13: (6,42) -> (23,30)
  Agent 14: (26,21) -> (16,33)
  Agent 15: (19,38) -> (3,21)
  Agent 16: (29,10) -> (19,33)
  Agent 17: (42,27) -> (10,26)
  Agent 18: (39,42) -> (10,7)
  Agent 19: (30,19) -> (0,37)
  Agent 20: (27,1) -> (41,38)
  Agent 21: (44,41) -> (25,1)
  Agent 22: (7,31) -> (20,23)
  Agent 23: (34,11) -> (34,31)
  Agent 24: (21,16) -> (34,42)
  Agent 25: (41,19) -> (23,46)
  Agent 26: (25,9) -> (47,41)
  Agent 27: (47,29) -> (22,16)
  Agent 28: (1,28) -> (22,45)
  Agent 29: (45,35) -> (13,1)
  Agent 30: (38,6) -> (8,23)
  Agent 31: (33,0) -> (46,6)
  Agent 32: (15,22) -> (0,8)
  Agent 33: (22,13) -> (24,43)
  Agent 34: (44,14) -> (37,34)
  Agent 35: (27,16) -> (13,3)
  Agent 36: (28,19) -> (26,27)
  Agent 37: (36,9) -> (21,41)
  Agent 38: (38,3) -> (4,8)
  Agent 39: (12,21) -> (3,42)
  Agent 40: (14,41) -> (30,26)
  Agent 41: (1,20) -> (11,31)
  Agent 42: (34,23) -> (1,43)
  Agent 43: (18,14) -> (27,29)
  Agent 44: (35,31) -> (39,16)
  Agent 45: (11,32) -> (36,39)
  Agent 46: (31,1) -> (43,35)
  Agent 47: (15,27) -> (24,10)
  Agent 48: (17,23) -> (25,3)
  Agent 49: (27,39) -> (44,12)
  Agent 50: (23,8) -> (22,23)
  Agent 51: (44,23) -> (12,41)
  Agent 52: (32,16) -> (22,44)
  Agent 53: (8,45) -> (25,25)
  Agent 54: (4,9) -> (13,14)
  Agent 55: (14,3) -> (45,1)
  Agent 56: (36,45) -> (14,4)
  Agent 57: (16,27) -> (6,23)
  Agent 58: (46,11) -> (11,18)
  Agent 59: (34,25) -> (28,30)
  Agent 60: (16,44) -> (26,44)
  Agent 61: (2,46) -> (36,24)
  Agent 62: (13,33) -> (15,13)
  Agent 63: (19,15) -> (2,35)
  Agent 64: (29,17) -> (27,28)
  Agent 65: (22,39) -> (0,11)
  Agent 66: (40,28) -> (5,9)
  Agent 67: (39,15) -> (19,47)
  Agent 68: (16,12) -> (5,45)
  Agent 69: (44,17) -> (4,28)
  Agent 70: (38,30) -> (9,40)
  Agent 71: (43,42) -> (36,4)
  Agent 72: (35,41) -> (18,32)
  Agent 73: (1,19) -> (23,6)
  Agent 74: (3,0) -> (29,30)
  Agent 75: (27,34) -> (11,24)
  Agent 76: (6,20) -> (40,45)
  Agent 77: (31,32) -> (19,44)
  Agent 78: (40,16) -> (30,4)
  Agent 79: (0,22) -> (3,46)
  Agent 80: (6,28) -> (30,17)
  Agent 81: (3,28) -> (28,9)
  Agent 82: (5,29) -> (39,5)
  Agent 83: (26,12) -> (33,22)
  Agent 84: (15,30) -> (44,16)
  Agent 85: (38,19) -> (11,10)
  Agent 86: (34,39) -> (45,23)
  Agent 87: (26,26) -> (31,15)
  Agent 88: (21,7) -> (6,34)
  Agent 89: (18,12) -> (41,39)
  Agent 90: (2,2) -> (0,23)
  Agent 91: (38,42) -> (33,7)
  Agent 92: (21,30) -> (47,27)
  Agent 93: (10,23) -> (33,26)
  Agent 94: (16,28) -> (45,34)
  Agent 95: (20,19) -> (23,16)
  Agent 96: (44,6) -> (47,13)
  Agent 97: (1,15) -> (20,32)
  Agent 98: (31,26) -> (34,28)
  Agent 99: (25,26) -> (22,35)

[LNS] === Attempt with max_timesteps=67 ===
[LNS] Creating MDDs with shortest paths + waiting time...
[LNS] Created 100 MDDs with waiting time structure
[LNS] Built MDDs with waiting time structure for 100 agents at makespan 67
[LNS] Step 1: Sampling shortest paths and creating current solution...
[LNS] Calculating waiting times for agents...
  Agent 99 reaches goal at t=12, waiting time=55
  Agent 98 reaches goal at t=5, waiting time=62
  Agent 97 reaches goal at t=36, waiting time=31
  Agent 96 reaches goal at t=10, waiting time=57
  Agent 95 reaches goal at t=6, waiting time=61
  Agent 94 reaches goal at t=35, waiting time=32
  Agent 93 reaches goal at t=26, waiting time=41
  Agent 92 reaches goal at t=29, waiting time=38
  Agent 91 reaches goal at t=40, waiting time=27
  Agent 90 reaches goal at t=23, waiting time=44
  Agent 89 reaches goal at t=50, waiting time=17
  Agent 88 reaches goal at t=42, waiting time=25
  Agent 87 reaches goal at t=16, waiting time=51
  Agent 86 reaches goal at t=27, waiting time=40
  Agent 85 reaches goal at t=36, waiting time=31
  Agent 84 reaches goal at t=43, waiting time=24
  Agent 83 reaches goal at t=17, waiting time=50
  Agent 82 reaches goal at t=58, waiting time=9
  Agent 81 reaches goal at t=44, waiting time=23
  Agent 80 reaches goal at t=35, waiting time=32
  Agent 79 reaches goal at t=27, waiting time=40
  Agent 78 reaches goal at t=22, waiting time=45
  Agent 77 reaches goal at t=24, waiting time=43
  Agent 76 reaches goal at t=59, waiting time=8
  Agent 75 reaches goal at t=26, waiting time=41
  Agent 74 reaches goal at t=56, waiting time=11
  Agent 73 reaches goal at t=35, waiting time=32
  Agent 72 reaches goal at t=26, waiting time=41
  Agent 71 reaches goal at t=45, waiting time=22
  Agent 70 reaches goal at t=39, waiting time=28
  Agent 69 reaches goal at t=51, waiting time=16
  Agent 68 reaches goal at t=44, waiting time=23
  Agent 67 reaches goal at t=52, waiting time=15
  Agent 66 reaches goal at t=54, waiting time=13
  Agent 65 reaches goal at t=50, waiting time=17
  Agent 64 reaches goal at t=13, waiting time=54
  Agent 63 reaches goal at t=37, waiting time=30
  Agent 62 reaches goal at t=22, waiting time=45
  Agent 61 reaches goal at t=56, waiting time=11
  Agent 60 reaches goal at t=10, waiting time=57
  Agent 59 reaches goal at t=11, waiting time=56
  Agent 58 reaches goal at t=42, waiting time=25
  Agent 57 reaches goal at t=14, waiting time=53
  Agent 56 reaches goal at t=63, waiting time=4
  Agent 55 reaches goal at t=33, waiting time=34
  Agent 54 reaches goal at t=14, waiting time=53
  Agent 53 reaches goal at t=37, waiting time=30
  Agent 52 reaches goal at t=38, waiting time=29
  Agent 51 reaches goal at t=50, waiting time=17
  Agent 50 reaches goal at t=16, waiting time=51
  Agent 49 reaches goal at t=44, waiting time=23
  Agent 48 reaches goal at t=28, waiting time=39
  Agent 47 reaches goal at t=26, waiting time=41
  Agent 46 reaches goal at t=46, waiting time=21
  Agent 45 reaches goal at t=32, waiting time=35
  Agent 44 reaches goal at t=19, waiting time=48
  Agent 43 reaches goal at t=24, waiting time=43
  Agent 42 reaches goal at t=53, waiting time=14
  Agent 41 reaches goal at t=21, waiting time=46
  Agent 40 reaches goal at t=31, waiting time=36
  Agent 39 reaches goal at t=30, waiting time=37
  Agent 38 reaches goal at t=39, waiting time=28
  Agent 37 reaches goal at t=47, waiting time=20
  Agent 36 reaches goal at t=10, waiting time=57
  Agent 35 reaches goal at t=27, waiting time=40
  Agent 34 reaches goal at t=27, waiting time=40
  Agent 33 reaches goal at t=32, waiting time=35
  Agent 32 reaches goal at t=29, waiting time=38
  Agent 31 reaches goal at t=19, waiting time=48
  Agent 30 reaches goal at t=47, waiting time=20
  Agent 29 reaches goal at t=66, waiting time=1
  Agent 28 reaches goal at t=38, waiting time=29
  Agent 27 reaches goal at t=38, waiting time=29
  Agent 26 reaches goal at t=54, waiting time=13
  Agent 25 reaches goal at t=45, waiting time=22
  Agent 24 reaches goal at t=39, waiting time=28
  Agent 23 reaches goal at t=20, waiting time=47
  Agent 22 reaches goal at t=21, waiting time=46
  Agent 21 reaches goal at t=59, waiting time=8
  Agent 20 reaches goal at t=51, waiting time=16
  Agent 19 reaches goal at t=48, waiting time=19
  Agent 18 reaches goal at t=64, waiting time=3
  Agent 17 reaches goal at t=33, waiting time=34
  Agent 16 reaches goal at t=33, waiting time=34
  Agent 15 reaches goal at t=33, waiting time=34
  Agent 14 reaches goal at t=22, waiting time=45
  Agent 13 reaches goal at t=29, waiting time=38
  Agent 12 reaches goal at t=21, waiting time=46
  Agent 11 reaches goal at t=23, waiting time=44
  Agent 10 reaches goal at t=4, waiting time=63
  Agent 9 reaches goal at t=23, waiting time=44
  Agent 8 reaches goal at t=19, waiting time=48
  Agent 7 reaches goal at t=40, waiting time=27
  Agent 6 reaches goal at t=24, waiting time=43
  Agent 5 reaches goal at t=45, waiting time=22
  Agent 4 reaches goal at t=28, waiting time=39
  Agent 3 reaches goal at t=14, waiting time=53
  Agent 2 reaches goal at t=67, waiting time=0
  Agent 1 reaches goal at t=14, waiting time=53
  Agent 0 reaches goal at t=24, waiting time=43
[LNS] Waiting time calculation complete
[LNS] Created current solution with 100 agent paths and path map of size 48x48
[LNS] Step 2: Analyzing conflicts...
[LNS] Current solution: vertex collisions=109, edge collisions=11
[LNS] Step 3: Building conflict buckets...
[LNS] Building diamond bucket for conflict 0
[LNS] Building diamond bucket for conflict 1
[LNS] Building diamond bucket for conflict 2
[LNS] Building diamond bucket for conflict 3
[LNS] Building diamond bucket for conflict 4
[LNS] Building diamond bucket for conflict 5
[LNS] Building diamond bucket for conflict 6
[LNS] Building diamond bucket for conflict 7
[LNS] Building diamond bucket for conflict 8
[LNS] Building diamond bucket for conflict 9
[LNS] Building diamond bucket for conflict 10
[LNS] Building diamond bucket for conflict 11
[LNS] Building diamond bucket for conflict 15
[LNS] Building diamond bucket for conflict 17
[LNS] Building diamond bucket for conflict 20
[LNS] Building diamond bucket for conflict 21
[LNS] Building diamond bucket for conflict 24
[LNS] Building diamond bucket for conflict 27
[LNS] Building diamond bucket for conflict 31
[LNS] Building diamond bucket for conflict 33
[LNS] Building diamond bucket for conflict 34
[LNS] Building diamond bucket for conflict 35
[LNS] Building diamond bucket for conflict 36
[LNS] Building diamond bucket for conflict 37
[LNS] Building diamond bucket for conflict 40
[LNS] Building diamond bucket for conflict 42
[LNS] Building diamond bucket for conflict 45
[LNS] Building diamond bucket for conflict 47
[LNS] Building diamond bucket for conflict 50
[LNS] Building diamond bucket for conflict 51
[LNS] Building diamond bucket for conflict 52
[LNS] Building diamond bucket for conflict 54
[LNS] Building diamond bucket for conflict 59
[LNS] Building diamond bucket for conflict 63
[LNS] Building diamond bucket for conflict 65
[LNS] Building diamond bucket for conflict 69
[LNS] Building diamond bucket for conflict 70
[LNS] Building diamond bucket for conflict 75
[LNS] Building diamond bucket for conflict 76
[LNS] Building diamond bucket for conflict 82
[LNS] Building diamond bucket for conflict 83
[LNS] Building diamond bucket for conflict 85
[LNS] Building diamond bucket for conflict 90
[LNS] Building diamond bucket for conflict 91
[LNS] Building diamond bucket for conflict 92
[LNS] Building diamond bucket for conflict 94
[LNS] Building diamond bucket for conflict 98
[LNS] Building diamond bucket for conflict 99
[LNS] Building diamond bucket for conflict 100
[LNS] Building diamond bucket for conflict 101
[LNS] Building diamond bucket for conflict 106
[LNS] Building diamond bucket for conflict 107
[LNS] Building diamond bucket for conflict 108
[LNS] Building diamond bucket for conflict 115
[LNS] Building diamond bucket for conflict 127
[LNS] Formed 55 diamond-shaped conflict bucket(s).
  Diamond Bucket 0: positions=5, conflicts=2
  Diamond Bucket 1: positions=5, conflicts=1
  Diamond Bucket 2: positions=5, conflicts=1
  Diamond Bucket 3: positions=8, conflicts=2
  Diamond Bucket 4: positions=12, conflicts=12
  Diamond Bucket 5: positions=5, conflicts=1
  Diamond Bucket 6: positions=8, conflicts=3
  Diamond Bucket 7: positions=5, conflicts=1
  Diamond Bucket 8: positions=8, conflicts=2
  Diamond Bucket 9: positions=5, conflicts=1
  Diamond Bucket 10: positions=5, conflicts=1
  Diamond Bucket 11: positions=8, conflicts=2
  Diamond Bucket 12: positions=26, conflicts=16
  Diamond Bucket 13: positions=5, conflicts=1
  Diamond Bucket 14: positions=14, conflicts=5
  Diamond Bucket 15: positions=5, conflicts=3
  Diamond Bucket 16: positions=5, conflicts=3
  Diamond Bucket 17: positions=10, conflicts=4
  Diamond Bucket 18: positions=5, conflicts=1
  Diamond Bucket 19: positions=5, conflicts=1
  Diamond Bucket 20: positions=5, conflicts=1
  Diamond Bucket 21: positions=14, conflicts=6
  Diamond Bucket 22: positions=11, conflicts=3
  Diamond Bucket 23: positions=5, conflicts=1
  Diamond Bucket 24: positions=5, conflicts=1
  Diamond Bucket 25: positions=5, conflicts=1
  Diamond Bucket 26: positions=5, conflicts=1
  Diamond Bucket 27: positions=17, conflicts=8
  Diamond Bucket 28: positions=5, conflicts=2
  Diamond Bucket 29: positions=5, conflicts=1
  Diamond Bucket 30: positions=5, conflicts=1
  Diamond Bucket 31: positions=8, conflicts=5
  Diamond Bucket 32: positions=17, conflicts=7
  Diamond Bucket 33: positions=5, conflicts=1
  Diamond Bucket 34: positions=5, conflicts=1
  Diamond Bucket 35: positions=5, conflicts=1
  Diamond Bucket 36: positions=5, conflicts=2
  Diamond Bucket 37: positions=5, conflicts=1
  Diamond Bucket 38: positions=5, conflicts=1
  Diamond Bucket 39: positions=8, conflicts=2
  Diamond Bucket 40: positions=5, conflicts=1
  Diamond Bucket 41: positions=5, conflicts=1
  Diamond Bucket 42: positions=5, conflicts=1
  Diamond Bucket 43: positions=5, conflicts=1
  Diamond Bucket 44: positions=5, conflicts=2
  Diamond Bucket 45: positions=4, conflicts=1
  Diamond Bucket 46: positions=5, conflicts=1
  Diamond Bucket 47: positions=5, conflicts=1
  Diamond Bucket 48: positions=5, conflicts=1
  Diamond Bucket 49: positions=14, conflicts=4
  Diamond Bucket 50: positions=5, conflicts=1
  Diamond Bucket 51: positions=5, conflicts=1
  Diamond Bucket 52: positions=5, conflicts=1
  Diamond Bucket 53: positions=8, conflicts=2
  Diamond Bucket 54: positions=8, conflicts=2
[LNS] Step 4: Selecting most relevant bucket...
[LNS] Selected most relevant diamond bucket 12 with 16 conflicts and 26 positions.
[LNS] Step 5: Creating map crop for selected bucket...
[LNS] Step 6: Computing conflict time window and extracting local paths...
[LNS] Conflict time window: [8, 32]
[LNS] Agents in zone within window: 13
  Agent 2 local segment t=[17,24] len=8
  Agent 5 local segment t=[20,26] len=7
  Agent 15 local segment t=[20,26] len=7
  Agent 17 local segment t=[32,32] len=1
  Agent 22 local segment t=[8,15] len=8
  Agent 57 local segment t=[8,12] len=5
  Agent 61 local segment t=[28,32] len=5
  Agent 68 local segment t=[12,20] len=9
  Agent 75 local segment t=[24,32] len=9
  Agent 80 local segment t=[8,11] len=4
  Agent 81 local segment t=[9,17] len=9
  Agent 82 local segment t=[8,16] len=9
  Agent 88 local segment t=[22,30] len=9
[LNS] Step 8: Creating aligned MDDs for local problem...
[LNS] Zone MDD length: 25 (from t=8 to t=32)
  Agent 88 MDD: start=(13,21) goal=(9,25) path_length=9 active levels=[14,22] of 25
  Agent 75 MDD: start=(13,24) goal=(11,24) path_length=9 active levels=[16,24] of 25
  Agent 81 MDD: start=(8,24) goal=(14,22) path_length=9 active levels=[1,9] of 25
  Agent 68 MDD: start=(14,22) goal=(10,26) path_length=9 active levels=[4,12] of 25
  Agent 61 MDD: start=(9,25) goal=(12,24) path_length=5 active levels=[20,24] of 25
  Agent 22 MDD: start=(10,26) goal=(14,23) path_length=8 active levels=[0,7] of 25
  Agent 82 MDD: start=(8,24) goal=(13,21) path_length=9 active levels=[0,8] of 25
  Agent 17 MDD: start=(11,26) goal=(11,26) path_length=1 active levels=[24,24] of 25
  Agent 57 MDD: start=(11,24) goal=(8,23) path_length=5 active levels=[0,4] of 25
  Agent 5 MDD: start=(9,25) goal=(12,22) path_length=7 active levels=[12,18] of 25
  Agent 80 MDD: start=(11,25) goal=(13,24) path_length=4 active levels=[0,3] of 25
  Agent 15 MDD: start=(12,25) goal=(8,23) path_length=7 active levels=[12,18] of 25
  Agent 2 MDD: start=(11,26) goal=(13,21) path_length=8 active levels=[9,16] of 25
[LNS] Created 13 local MDDs
[LNS] Step 9: Creating CNF for local problem...
[LNS] Created lazy CNF with 948 clauses and 237 variables
[LNS] Step 9b: Extracting vertex collision clauses...
[LNS] Extracted 12 vertex collision clauses
[LNS] Step 9c: Extracting edge collision clauses...
[LNS] Extracted 2 edge collision clauses
[LNS] Final local CNF: 948 total clauses
[LNS] Step 10: Starting lazy solving of conflict zone...
[LNS] Starting lazy solving of conflict zone...
[LNS] Adding 12 pre-discovered vertex collisions...
[LNS] Adding 2 pre-discovered edge collisions...
[LNS] Known edge collisions: 
[LNS] Adding edge collision: 82, 57, (9,24) <-> (10,24), t=9
[LNS] Adding edge collision: 15, 5, (11,25) <-> (10,25), t=21
[LNS] Lazy solving iteration 1...
DEBUG: CNF has 962 clauses
DEBUG: First clause: 1 
DEBUG: Adding 962 clauses to MiniSAT
[LNS] Local problem is unsatisfiable after 1 iterations
[LNS] No Solution found -> Safety run solving without assignment
[LNS] Lazy solving iteration 2...
DEBUG: CNF has 962 clauses
DEBUG: First clause: 1 
DEBUG: Adding 962 clauses to MiniSAT
[LNS] Local problem is unsatisfiable after 2 iterations
[LNS] No Solution found + Safety run failed -> UNSAT
[LNS] Failed to find local solution after 1000000 iterations
[LNS] Local problem appears to be unsatisfiable in current zone
[LNS] Local problem appears to be unsatisfiable in current zone
[LNS] Attempting resolution with expansion factor 0...
[LNS] Trying waiting time strategy with original bucket...
[LNS] Starting waiting time strategy...
[LNS] Chosen agents involved in conflicts: 15 22 57 68 75 88 
[LNS] Found 6 agents in conflicts with, all with waiting time:
[LNS] Waiting time attempt 1...
[LNS] Will expand MDD for 6 chosen agents involved in 14 conflicts
  Agent 15 used 1 waiting timesteps, 33 remaining
[LNS] Expanding MDD for agent 15 by 1 timestep
[LNS] Updated agent 15 entry/exit time: [20, 27]
  Agent 22 used 1 waiting timesteps, 45 remaining
[LNS] Expanding MDD for agent 22 by 1 timestep
[LNS] Updated agent 22 entry/exit time: [8, 16]
  Agent 57 used 1 waiting timesteps, 52 remaining
[LNS] Expanding MDD for agent 57 by 1 timestep
[LNS] Updated agent 57 entry/exit time: [8, 13]
  Agent 68 used 1 waiting timesteps, 22 remaining
[LNS] Expanding MDD for agent 68 by 1 timestep
[LNS] Updated agent 68 entry/exit time: [12, 21]
  Agent 75 used 1 waiting timesteps, 40 remaining
[LNS] Expanding MDD for agent 75 by 1 timestep
[LNS] Updated agent 75 entry/exit time: [24, 33]
  Agent 88 used 1 waiting timesteps, 24 remaining
[LNS] Expanding MDD for agent 88 by 1 timestep
[LNS] Updated agent 88 entry/exit time: [22, 31]
[LNS] Time window extended: [8, 32] -> [8, 33]
[LNS] Found 3 new agents in extended time window: 17 61 75 
[LNS] Local zone agents: 88 75 81 68 61 22 82 17 57 5 80 15 2 
[LNS] New agents already in local zone: 17 61 75 
[LNS] New agent 17 was present at the previous last timestep
[LNS] New agent 17 is a continuing agent
[LNS] New agent 17 local segment t=[32,33] len=2
[LNS] Created MDD for new agent 17
[LNS] New agent 61 was present at the previous last timestep
[LNS] New agent 61 is a continuing agent
[LNS] New agent 61 local segment t=[28,33] len=6
[LNS] Created MDD for new agent 61
[LNS] Recreating local CNF with expanded MDDs
[LNS] Attempting lazy solving with expanded MDD...
[LNS] Starting lazy solving of conflict zone...
[LNS] Adding 12 pre-discovered vertex collisions...
[LNS] Adding 2 pre-discovered edge collisions...
[LNS] Known edge collisions: 
[LNS] Adding edge collision: 82, 57, (9,24) <-> (10,24), t=9
[LNS] Adding edge collision: 15, 5, (11,25) <-> (10,25), t=21
[LNS] Lazy solving iteration 1...
DEBUG: CNF has 1544 clauses
DEBUG: First clause: 1 
DEBUG: Adding 1544 clauses to MiniSAT
DEBUG: Clause load summary: input=1544, added=1544, tautologies_skipped=0, duplicates_skipped=0, unit_clauses=31, empties=0, intra_clause_literals_removed=0, added_but_db_unchanged=39
DEBUG: After adding clauses, solver has 1474 clauses and 338 variables
DEBUG: MiniSAT found 338 variables
DEBUG: Assignment size: 338
DEBUG: First few assignment values: 1 1 0 1 1 0 1 0 0 1 
[LNS] Found solution with 338 variable assignments

=== DEBUG: cnf_assignment_to_paths ===
Input assignment size: 338
Input assignment: 1 1 0 1 1 0 1 0 0 1 0 1 1 1 0 1 0 0 1 0 0 0 0 1 0 0 0 0 1 0 0 0 0 1 0 0 0 1 0 0 1 1 0 1 1 1 1 1 0 1 0 0 1 0 0 0 1 0 0 1 0 1 1 1 0 0 0 1 0 0 0 1 0 0 1 0 0 1 1 1 1 1 0 1 0 1 0 0 1 0 0 1 0 0 1 0 1 1 1 1 0 0 1 0 0 0 1 0 0 0 0 1 0 0 0 0 1 0 0 0 1 0 0 1 0 1 1 1 0 1 0 1 0 1 1 1 1 0 0 1 0 0 0 0 1 0 0 0 0 0 0 1 0 0 0 0 0 0 1 0 0 0 0 0 1 0 0 0 1 0 0 1 1 1 1 0 1 0 1 0 0 1 0 0 1 0 0 1 0 1 0 1 1 1 0 0 1 0 0 0 0 0 0 0 1 0 0 0 0 0 0 0 0 0 0 0 0 0 1 0 0 0 0 0 0 0 0 0 0 0 0 0 0 0 0 0 0 1 0 0 0 0 0 0 0 0 0 0 0 0 0 0 0 0 0 0 0 0 0 1 0 0 0 0 0 0 0 0 0 0 0 0 0 0 0 0 0 0 0 1 0 0 0 0 0 0 0 0 0 0 0 0 1 0 0 0 0 1 1 0 1 0 0 1 0 0 1 0 0 0 0 1 0 0 0 0 0 0 0 1 0 0 0 0 0 1 0 0 0 0 0 0 1 0 0 1 0 1 
=== END DEBUG ===
[LNS] Extracted paths for 13 agents
[LNS] Adjusting collisions by start_t: 8
[LNS] Found 5 vertex collisions and 1 edge collisions
[LNS] Adding collision clauses and solving again...
  Vertex collision: 82, 22, (12,24), t=12
  Vertex collision: 82, 22, (13,24), t=13
  Vertex collision: 82, 22, (13,23), t=14
  Vertex collision: 22, 81, (14,23), t=16
  Vertex collision: 75, 88, (9,24), t=30
  Edge collision: 2, 88, (13,22) <-> (13,21), t=23
[LNS] Lazy solving iteration 2...
DEBUG: CNF has 1550 clauses
DEBUG: First clause: 1 
DEBUG: Adding 1550 clauses to MiniSAT
[LNS] Local problem is unsatisfiable after 2 iterations
[LNS] No Solution found -> Safety run solving without assignment
[LNS] Lazy solving iteration 3...
DEBUG: CNF has 1550 clauses
DEBUG: First clause: 1 
DEBUG: Adding 1550 clauses to MiniSAT
[LNS] Local problem is unsatisfiable after 3 iterations
[LNS] No Solution found + Safety run failed -> UNSAT
[LNS] Failed to find local solution after 10000 iterations
[LNS] Local problem appears to be unsatisfiable in current zone
[LNS] Expanded MDD did not resolve conflicts, trying next agent...
[LNS] Updated collision tracking: 17 vertex collisions, 3 edge collisions
[LNS] Waiting time attempt 2...
[LNS] Will expand MDD for 6 chosen agents involved in 20 conflicts
  Agent 15 used 1 waiting timesteps, 32 remaining
[LNS] Expanding MDD for agent 15 by 1 timestep
[LNS] Updated agent 15 entry/exit time: [20, 28]
  Agent 22 used 1 waiting timesteps, 44 remaining
[LNS] Expanding MDD for agent 22 by 1 timestep
[LNS] Updated agent 22 entry/exit time: [8, 17]
  Agent 57 used 1 waiting timesteps, 51 remaining
[LNS] Expanding MDD for agent 57 by 1 timestep
[LNS] Updated agent 57 entry/exit time: [8, 14]
  Agent 68 used 1 waiting timesteps, 21 remaining
[LNS] Expanding MDD for agent 68 by 1 timestep
[LNS] Updated agent 68 entry/exit time: [12, 22]
  Agent 75 used 1 waiting timesteps, 39 remaining
[LNS] Expanding MDD for agent 75 by 1 timestep
[LNS] Updated agent 75 entry/exit time: [24, 34]
  Agent 88 used 1 waiting timesteps, 23 remaining
[LNS] Expanding MDD for agent 88 by 1 timestep
[LNS] Updated agent 88 entry/exit time: [22, 32]
[LNS] Time window extended: [8, 32] -> [8, 34]
[LNS] Found 2 new agents in extended time window: 17 75 
[LNS] Local zone agents: 88 75 81 68 61 22 82 17 57 5 80 15 2 
[LNS] New agents already in local zone: 17 75 
[LNS] New agent 17 was present at the previous last timestep
[LNS] New agent 17 is a continuing agent
[LNS] New agent 17 local segment t=[32,34] len=3
[LNS] Created MDD for new agent 17
[LNS] Recreating local CNF with expanded MDDs
[LNS] Attempting lazy solving with expanded MDD...
[LNS] Starting lazy solving of conflict zone...
[LNS] Adding 17 pre-discovered vertex collisions...
[LNS] Adding 3 pre-discovered edge collisions...
[LNS] Known edge collisions: 
[LNS] Adding edge collision: 82, 57, (9,24) <-> (10,24), t=9
[LNS] Adding edge collision: 15, 5, (11,25) <-> (10,25), t=21
[LNS] Adding edge collision: 2, 88, (13,22) <-> (13,21), t=23
[LNS] Lazy solving iteration 1...
DEBUG: CNF has 2581 clauses
DEBUG: First clause: 1 
DEBUG: Adding 2581 clauses to MiniSAT
DEBUG: Clause load summary: input=2581, added=2581, tautologies_skipped=0, duplicates_skipped=0, unit_clauses=31, empties=0, intra_clause_literals_removed=0, added_but_db_unchanged=42
DEBUG: After adding clauses, solver has 2508 clauses and 476 variables
DEBUG: MiniSAT found 476 variables
DEBUG: Assignment size: 476
DEBUG: First few assignment values: 1 1 0 1 1 0 0 1 0 1 
[LNS] Found solution with 476 variable assignments

=== DEBUG: cnf_assignment_to_paths ===
Input assignment size: 476
Input assignment: 1 1 0 1 1 0 0 1 0 1 0 1 1 1 0 1 0 0 1 0 0 0 0 0 0 0 1 0 0 0 0 0 0 0 0 0 1 0 0 0 0 0 0 0 0 1 0 0 0 0 0 0 0 1 0 0 0 0 0 1 0 0 1 1 1 0 1 1 1 1 0 1 0 0 1 0 0 0 1 0 0 1 0 1 1 1 0 0 0 0 0 0 0 0 1 0 0 0 0 1 0 0 0 0 0 0 1 0 0 0 0 0 1 0 0 1 1 1 0 1 1 1 0 1 0 1 0 0 1 0 0 1 0 0 1 0 1 1 1 1 0 0 1 0 0 0 0 0 1 0 0 0 0 0 0 0 1 0 0 0 0 0 0 0 0 1 0 0 0 0 0 0 0 1 0 0 0 0 0 1 0 0 0 0 1 0 0 1 1 1 0 1 0 1 0 1 1 1 1 0 0 1 0 0 0 0 0 1 0 0 0 0 0 0 1 0 0 0 0 0 0 0 1 0 0 0 0 0 0 0 0 0 1 0 0 0 0 0 0 0 0 1 0 0 0 0 0 0 0 1 0 0 0 0 0 1 0 0 1 1 1 0 1 0 1 0 0 1 0 0 1 0 0 1 0 1 0 1 1 1 0 0 1 0 0 0 0 0 0 0 1 0 0 0 0 0 0 0 0 0 0 0 0 0 1 0 0 0 0 0 0 0 0 0 0 0 0 0 0 0 0 0 0 1 0 0 0 0 0 0 0 0 0 0 0 0 0 0 0 0 0 0 0 0 0 0 0 1 0 0 0 0 0 0 0 0 0 0 0 0 0 0 0 0 0 0 0 0 0 0 0 1 0 0 0 0 0 0 0 0 0 0 0 0 0 0 0 0 0 0 0 1 0 0 0 0 0 0 0 0 0 0 0 0 1 0 0 0 0 1 1 0 1 0 0 1 0 0 0 1 0 0 0 0 0 0 1 0 0 0 0 0 0 0 1 0 0 0 0 0 0 0 0 1 0 0 0 0 0 0 0 0 0 1 0 0 0 0 0 0 0 0 0 0 1 0 0 0 0 0 0 0 1 0 0 1 
=== END DEBUG ===
[LNS] Extracted paths for 13 agents
[LNS] Adjusting collisions by start_t: 8
[LNS] Found 5 vertex collisions and 1 edge collisions
[LNS] Adding collision clauses and solving again...
  Vertex collision: 57, 82, (10,24), t=10
  Vertex collision: 57, 81, (10,24), t=11
  Vertex collision: 5, 68, (10,25), t=21
  Vertex collision: 2, 88, (13,21), t=24
  Vertex collision: 5, 88, (12,22), t=26
  Edge collision: 15, 5, (12,25) <-> (11,25), t=22
[LNS] Lazy solving iteration 2...
DEBUG: CNF has 2587 clauses
DEBUG: First clause: 1 
DEBUG: Adding 2587 clauses to MiniSAT
[LNS] Local problem is unsatisfiable after 2 iterations
[LNS] No Solution found -> Safety run solving without assignment
[LNS] Lazy solving iteration 3...
DEBUG: CNF has 2587 clauses
DEBUG: First clause: 1 
DEBUG: Adding 2587 clauses to MiniSAT
[LNS] Local problem is unsatisfiable after 3 iterations
[LNS] No Solution found + Safety run failed -> UNSAT
[LNS] Failed to find local solution after 10000 iterations
[LNS] Local problem appears to be unsatisfiable in current zone
[LNS] Expanded MDD did not resolve conflicts, trying next agent...
[LNS] Updated collision tracking: 22 vertex collisions, 4 edge collisions
[LNS] Waiting time attempt 3...
[LNS] Will expand MDD for 6 chosen agents involved in 26 conflicts
  Agent 15 used 1 waiting timesteps, 31 remaining
[LNS] Expanding MDD for agent 15 by 1 timestep
[LNS] Updated agent 15 entry/exit time: [20, 29]
  Agent 22 used 1 waiting timesteps, 43 remaining
[LNS] Expanding MDD for agent 22 by 1 timestep
[LNS] Updated agent 22 entry/exit time: [8, 18]
  Agent 57 used 1 waiting timesteps, 50 remaining
[LNS] Expanding MDD for agent 57 by 1 timestep
[LNS] Updated agent 57 entry/exit time: [8, 15]
  Agent 68 used 1 waiting timesteps, 20 remaining
[LNS] Expanding MDD for agent 68 by 1 timestep
[LNS] Updated agent 68 entry/exit time: [12, 23]
  Agent 75 used 1 waiting timesteps, 38 remaining
[LNS] Expanding MDD for agent 75 by 1 timestep
[LNS] Updated agent 75 entry/exit time: [24, 35]
  Agent 88 used 1 waiting timesteps, 22 remaining
[LNS] Expanding MDD for agent 88 by 1 timestep
[LNS] Updated agent 88 entry/exit time: [22, 33]
[LNS] Time window extended: [8, 32] -> [8, 35]
[LNS] Found 2 new agents in extended time window: 17 75 
[LNS] Local zone agents: 88 75 81 68 61 22 82 17 57 5 80 15 2 
[LNS] New agents already in local zone: 17 75 
[LNS] New agent 17 was present at the previous last timestep
[LNS] New agent 17 is a continuing agent
[LNS] New agent 17 local segment t=[32,35] len=4
[LNS] Created MDD for new agent 17
[LNS] Recreating local CNF with expanded MDDs
[LNS] Attempting lazy solving with expanded MDD...
[LNS] Starting lazy solving of conflict zone...
[LNS] Adding 22 pre-discovered vertex collisions...
[LNS] Adding 4 pre-discovered edge collisions...
[LNS] Known edge collisions: 
[LNS] Adding edge collision: 82, 57, (9,24) <-> (10,24), t=9
[LNS] Adding edge collision: 15, 5, (11,25) <-> (10,25), t=21
[LNS] Adding edge collision: 2, 88, (13,22) <-> (13,21), t=23
[LNS] Adding edge collision: 15, 5, (12,25) <-> (11,25), t=22
[LNS] Lazy solving iteration 1...
DEBUG: CNF has 3877 clauses
DEBUG: First clause: 1 
DEBUG: Adding 3877 clauses to MiniSAT
[LNS] Local problem is unsatisfiable after 1 iterations
[LNS] No Solution found -> Safety run solving without assignment
[LNS] Lazy solving iteration 2...
DEBUG: CNF has 3877 clauses
DEBUG: First clause: 1 
DEBUG: Adding 3877 clauses to MiniSAT
[LNS] Local problem is unsatisfiable after 2 iterations
[LNS] No Solution found + Safety run failed -> UNSAT
[LNS] Failed to find local solution after 10000 iterations
[LNS] Local problem appears to be unsatisfiable in current zone
[LNS] Expanded MDD did not resolve conflicts, trying next agent...
[LNS] Updated collision tracking: 22 vertex collisions, 4 edge collisions
[LNS] Waiting time attempt 4...
[LNS] Will expand MDD for 6 chosen agents involved in 26 conflicts
  Agent 15 used 1 waiting timesteps, 30 remaining
[LNS] Expanding MDD for agent 15 by 1 timestep
[LNS] Updated agent 15 entry/exit time: [20, 30]
  Agent 22 used 1 waiting timesteps, 42 remaining
[LNS] Expanding MDD for agent 22 by 1 timestep
[LNS] Updated agent 22 entry/exit time: [8, 19]
  Agent 57 used 1 waiting timesteps, 49 remaining
[LNS] Expanding MDD for agent 57 by 1 timestep
[LNS] Updated agent 57 entry/exit time: [8, 16]
  Agent 68 used 1 waiting timesteps, 19 remaining
[LNS] Expanding MDD for agent 68 by 1 timestep
[LNS] Updated agent 68 entry/exit time: [12, 24]
  Agent 75 used 1 waiting timesteps, 37 remaining
[LNS] Expanding MDD for agent 75 by 1 timestep
[LNS] Updated agent 75 entry/exit time: [24, 36]
  Agent 88 used 1 waiting timesteps, 21 remaining
[LNS] Expanding MDD for agent 88 by 1 timestep
[LNS] Updated agent 88 entry/exit time: [22, 34]
[LNS] Time window extended: [8, 32] -> [8, 36]
[LNS] Found 2 new agents in extended time window: 17 75 
[LNS] Local zone agents: 88 75 81 68 61 22 82 17 57 5 80 15 2 
[LNS] New agents already in local zone: 17 75 
[LNS] New agent 17 was present at the previous last timestep
[LNS] New agent 17 is a continuing agent
[LNS] New agent 17 local segment t=[32,36] len=5
[LNS] Created MDD for new agent 17
[LNS] Recreating local CNF with expanded MDDs
[LNS] Attempting lazy solving with expanded MDD...
[LNS] Starting lazy solving of conflict zone...
[LNS] Adding 22 pre-discovered vertex collisions...
[LNS] Adding 4 pre-discovered edge collisions...
[LNS] Known edge collisions: 
[LNS] Adding edge collision: 82, 57, (9,24) <-> (10,24), t=9
[LNS] Adding edge collision: 15, 5, (11,25) <-> (10,25), t=21
[LNS] Adding edge collision: 2, 88, (13,22) <-> (13,21), t=23
[LNS] Adding edge collision: 15, 5, (12,25) <-> (11,25), t=22
[LNS] Lazy solving iteration 1...
DEBUG: CNF has 5544 clauses
DEBUG: First clause: 1 
DEBUG: Adding 5544 clauses to MiniSAT
[LNS] Local problem is unsatisfiable after 1 iterations
[LNS] No Solution found -> Safety run solving without assignment
[LNS] Lazy solving iteration 2...
DEBUG: CNF has 5544 clauses
DEBUG: First clause: 1 
DEBUG: Adding 5544 clauses to MiniSAT
[LNS] Local problem is unsatisfiable after 2 iterations
[LNS] No Solution found + Safety run failed -> UNSAT
[LNS] Failed to find local solution after 10000 iterations
[LNS] Local problem appears to be unsatisfiable in current zone
[LNS] Expanded MDD did not resolve conflicts, trying next agent...
[LNS] Updated collision tracking: 22 vertex collisions, 4 edge collisions
[LNS] Waiting time attempt 5...
[LNS] Will expand MDD for 6 chosen agents involved in 26 conflicts
  Agent 15 used 1 waiting timesteps, 29 remaining
[LNS] Expanding MDD for agent 15 by 1 timestep
[LNS] Updated agent 15 entry/exit time: [20, 31]
  Agent 22 used 1 waiting timesteps, 41 remaining
[LNS] Expanding MDD for agent 22 by 1 timestep
[LNS] Updated agent 22 entry/exit time: [8, 20]
  Agent 57 used 1 waiting timesteps, 48 remaining
[LNS] Expanding MDD for agent 57 by 1 timestep
[LNS] Updated agent 57 entry/exit time: [8, 17]
  Agent 68 used 1 waiting timesteps, 18 remaining
[LNS] Expanding MDD for agent 68 by 1 timestep
[LNS] Updated agent 68 entry/exit time: [12, 25]
  Agent 75 used 1 waiting timesteps, 36 remaining
[LNS] Expanding MDD for agent 75 by 1 timestep
[LNS] Updated agent 75 entry/exit time: [24, 37]
  Agent 88 used 1 waiting timesteps, 20 remaining
[LNS] Expanding MDD for agent 88 by 1 timestep
[LNS] Updated agent 88 entry/exit time: [22, 35]
[LNS] Time window extended: [8, 32] -> [8, 37]
[LNS] Found 2 new agents in extended time window: 17 75 
[LNS] Local zone agents: 88 75 81 68 61 22 82 17 57 5 80 15 2 
[LNS] New agents already in local zone: 17 75 
[LNS] New agent 17 was present at the previous last timestep
[LNS] New agent 17 is a continuing agent
[LNS] New agent 17 local segment t=[32,37] len=6
[LNS] Created MDD for new agent 17
[LNS] Recreating local CNF with expanded MDDs
[LNS] Attempting lazy solving with expanded MDD...
[LNS] Starting lazy solving of conflict zone...
[LNS] Adding 22 pre-discovered vertex collisions...
[LNS] Adding 4 pre-discovered edge collisions...
[LNS] Known edge collisions: 
[LNS] Adding edge collision: 82, 57, (9,24) <-> (10,24), t=9
[LNS] Adding edge collision: 15, 5, (11,25) <-> (10,25), t=21
[LNS] Adding edge collision: 2, 88, (13,22) <-> (13,21), t=23
[LNS] Adding edge collision: 15, 5, (12,25) <-> (11,25), t=22
[LNS] Lazy solving iteration 1...
DEBUG: CNF has 7398 clauses
DEBUG: First clause: 1 
DEBUG: Adding 7398 clauses to MiniSAT
[LNS] Local problem is unsatisfiable after 1 iterations
[LNS] No Solution found -> Safety run solving without assignment
[LNS] Lazy solving iteration 2...
DEBUG: CNF has 7398 clauses
DEBUG: First clause: 1 
DEBUG: Adding 7398 clauses to MiniSAT
[LNS] Local problem is unsatisfiable after 2 iterations
[LNS] No Solution found + Safety run failed -> UNSAT
[LNS] Failed to find local solution after 10000 iterations
[LNS] Local problem appears to be unsatisfiable in current zone
[LNS] Expanded MDD did not resolve conflicts, trying next agent...
[LNS] Updated collision tracking: 22 vertex collisions, 4 edge collisions
[LNS] Waiting time attempt 6...
[LNS] Will expand MDD for 6 chosen agents involved in 26 conflicts
  Agent 15 used 1 waiting timesteps, 28 remaining
[LNS] Expanding MDD for agent 15 by 1 timestep
[LNS] Updated agent 15 entry/exit time: [20, 32]
  Agent 22 used 1 waiting timesteps, 40 remaining
[LNS] Expanding MDD for agent 22 by 1 timestep
[LNS] Updated agent 22 entry/exit time: [8, 21]
  Agent 57 used 1 waiting timesteps, 47 remaining
[LNS] Expanding MDD for agent 57 by 1 timestep
[LNS] Updated agent 57 entry/exit time: [8, 18]
  Agent 68 used 1 waiting timesteps, 17 remaining
[LNS] Expanding MDD for agent 68 by 1 timestep
[LNS] Updated agent 68 entry/exit time: [12, 26]
  Agent 75 used 1 waiting timesteps, 35 remaining
[LNS] Expanding MDD for agent 75 by 1 timestep
[LNS] Updated agent 75 entry/exit time: [24, 38]
  Agent 88 used 1 waiting timesteps, 19 remaining
[LNS] Expanding MDD for agent 88 by 1 timestep
[LNS] Updated agent 88 entry/exit time: [22, 36]
[LNS] Time window extended: [8, 32] -> [8, 38]
[LNS] Found 2 new agents in extended time window: 17 75 
[LNS] Local zone agents: 88 75 81 68 61 22 82 17 57 5 80 15 2 
[LNS] New agents already in local zone: 17 75 
[LNS] New agent 17 was present at the previous last timestep
[LNS] New agent 17 is a continuing agent
[LNS] New agent 17 local segment t=[32,38] len=7
[LNS] Created MDD for new agent 17
[LNS] Recreating local CNF with expanded MDDs
[LNS] Attempting lazy solving with expanded MDD...
[LNS] Starting lazy solving of conflict zone...
[LNS] Adding 22 pre-discovered vertex collisions...
[LNS] Adding 4 pre-discovered edge collisions...
[LNS] Known edge collisions: 
[LNS] Adding edge collision: 82, 57, (9,24) <-> (10,24), t=9
[LNS] Adding edge collision: 15, 5, (11,25) <-> (10,25), t=21
[LNS] Adding edge collision: 2, 88, (13,22) <-> (13,21), t=23
[LNS] Adding edge collision: 15, 5, (12,25) <-> (11,25), t=22
[LNS] Lazy solving iteration 1...
DEBUG: CNF has 9430 clauses
DEBUG: First clause: 1 
DEBUG: Adding 9430 clauses to MiniSAT
[LNS] Local problem is unsatisfiable after 1 iterations
[LNS] No Solution found -> Safety run solving without assignment
[LNS] Lazy solving iteration 2...
DEBUG: CNF has 9430 clauses
DEBUG: First clause: 1 
DEBUG: Adding 9430 clauses to MiniSAT
[LNS] Local problem is unsatisfiable after 2 iterations
[LNS] No Solution found + Safety run failed -> UNSAT
[LNS] Failed to find local solution after 10000 iterations
[LNS] Local problem appears to be unsatisfiable in current zone
[LNS] Expanded MDD did not resolve conflicts, trying next agent...
[LNS] Updated collision tracking: 22 vertex collisions, 4 edge collisions
[LNS] Waiting time attempt 7...
[LNS] Will expand MDD for 6 chosen agents involved in 26 conflicts
  Agent 15 used 1 waiting timesteps, 27 remaining
[LNS] Expanding MDD for agent 15 by 1 timestep
[LNS] Updated agent 15 entry/exit time: [20, 33]
  Agent 22 used 1 waiting timesteps, 39 remaining
[LNS] Expanding MDD for agent 22 by 1 timestep
[LNS] Updated agent 22 entry/exit time: [8, 22]
  Agent 57 used 1 waiting timesteps, 46 remaining
[LNS] Expanding MDD for agent 57 by 1 timestep
[LNS] Updated agent 57 entry/exit time: [8, 19]
  Agent 68 used 1 waiting timesteps, 16 remaining
[LNS] Expanding MDD for agent 68 by 1 timestep
[LNS] Updated agent 68 entry/exit time: [12, 27]
  Agent 75 used 1 waiting timesteps, 34 remaining
[LNS] Expanding MDD for agent 75 by 1 timestep
[LNS] Updated agent 75 entry/exit time: [24, 39]
  Agent 88 used 1 waiting timesteps, 18 remaining
[LNS] Expanding MDD for agent 88 by 1 timestep
[LNS] Updated agent 88 entry/exit time: [22, 37]
[LNS] Time window extended: [8, 32] -> [8, 39]
[LNS] Found 2 new agents in extended time window: 17 75 
[LNS] Local zone agents: 88 75 81 68 61 22 82 17 57 5 80 15 2 
[LNS] New agents already in local zone: 17 75 
[LNS] New agent 17 was present at the previous last timestep
[LNS] New agent 17 is a continuing agent
[LNS] New agent 17 local segment t=[32,39] len=8
[LNS] Created MDD for new agent 17
[LNS] Recreating local CNF with expanded MDDs
[LNS] Attempting lazy solving with expanded MDD...
[LNS] Starting lazy solving of conflict zone...
[LNS] Adding 22 pre-discovered vertex collisions...
[LNS] Adding 4 pre-discovered edge collisions...
[LNS] Known edge collisions: 
[LNS] Adding edge collision: 82, 57, (9,24) <-> (10,24), t=9
[LNS] Adding edge collision: 15, 5, (11,25) <-> (10,25), t=21
[LNS] Adding edge collision: 2, 88, (13,22) <-> (13,21), t=23
[LNS] Adding edge collision: 15, 5, (12,25) <-> (11,25), t=22
[LNS] Lazy solving iteration 1...
DEBUG: CNF has 11548 clauses
DEBUG: First clause: 1 
DEBUG: Adding 11548 clauses to MiniSAT
[LNS] Local problem is unsatisfiable after 1 iterations
[LNS] No Solution found -> Safety run solving without assignment
[LNS] Lazy solving iteration 2...
DEBUG: CNF has 11548 clauses
DEBUG: First clause: 1 
DEBUG: Adding 11548 clauses to MiniSAT
[LNS] Local problem is unsatisfiable after 2 iterations
[LNS] No Solution found + Safety run failed -> UNSAT
[LNS] Failed to find local solution after 10000 iterations
[LNS] Local problem appears to be unsatisfiable in current zone
[LNS] Expanded MDD did not resolve conflicts, trying next agent...
[LNS] Updated collision tracking: 22 vertex collisions, 4 edge collisions
[LNS] Waiting time attempt 8...
[LNS] Will expand MDD for 6 chosen agents involved in 26 conflicts
  Agent 15 used 1 waiting timesteps, 26 remaining
[LNS] Expanding MDD for agent 15 by 1 timestep
[LNS] Updated agent 15 entry/exit time: [20, 34]
  Agent 22 used 1 waiting timesteps, 38 remaining
[LNS] Expanding MDD for agent 22 by 1 timestep
[LNS] Updated agent 22 entry/exit time: [8, 23]
  Agent 57 used 1 waiting timesteps, 45 remaining
[LNS] Expanding MDD for agent 57 by 1 timestep
[LNS] Updated agent 57 entry/exit time: [8, 20]
  Agent 68 used 1 waiting timesteps, 15 remaining
[LNS] Expanding MDD for agent 68 by 1 timestep
[LNS] Updated agent 68 entry/exit time: [12, 28]
  Agent 75 used 1 waiting timesteps, 33 remaining
[LNS] Expanding MDD for agent 75 by 1 timestep
[LNS] Updated agent 75 entry/exit time: [24, 40]
  Agent 88 used 1 waiting timesteps, 17 remaining
[LNS] Expanding MDD for agent 88 by 1 timestep
[LNS] Updated agent 88 entry/exit time: [22, 38]
[LNS] Time window extended: [8, 32] -> [8, 40]
[LNS] Found 2 new agents in extended time window: 17 75 
[LNS] Local zone agents: 88 75 81 68 61 22 82 17 57 5 80 15 2 
[LNS] New agents already in local zone: 17 75 
[LNS] New agent 17 was present at the previous last timestep
[LNS] New agent 17 is a continuing agent
[LNS] New agent 17 local segment t=[32,40] len=9
[LNS] Created MDD for new agent 17
[LNS] Recreating local CNF with expanded MDDs
[LNS] Attempting lazy solving with expanded MDD...
[LNS] Starting lazy solving of conflict zone...
[LNS] Adding 22 pre-discovered vertex collisions...
[LNS] Adding 4 pre-discovered edge collisions...
[LNS] Known edge collisions: 
[LNS] Adding edge collision: 82, 57, (9,24) <-> (10,24), t=9
[LNS] Adding edge collision: 15, 5, (11,25) <-> (10,25), t=21
[LNS] Adding edge collision: 2, 88, (13,22) <-> (13,21), t=23
[LNS] Adding edge collision: 15, 5, (12,25) <-> (11,25), t=22
[LNS] Lazy solving iteration 1...
DEBUG: CNF has 13739 clauses
DEBUG: First clause: 1 
DEBUG: Adding 13739 clauses to MiniSAT
[LNS] Local problem is unsatisfiable after 1 iterations
[LNS] No Solution found -> Safety run solving without assignment
[LNS] Lazy solving iteration 2...
DEBUG: CNF has 13739 clauses
DEBUG: First clause: 1 
DEBUG: Adding 13739 clauses to MiniSAT
[LNS] Local problem is unsatisfiable after 2 iterations
[LNS] No Solution found + Safety run failed -> UNSAT
[LNS] Failed to find local solution after 10000 iterations
[LNS] Local problem appears to be unsatisfiable in current zone
[LNS] Expanded MDD did not resolve conflicts, trying next agent...
[LNS] Updated collision tracking: 22 vertex collisions, 4 edge collisions
[LNS] Waiting time attempt 9...
[LNS] Will expand MDD for 6 chosen agents involved in 26 conflicts
  Agent 15 used 1 waiting timesteps, 25 remaining
[LNS] Expanding MDD for agent 15 by 1 timestep
[LNS] Updated agent 15 entry/exit time: [20, 35]
  Agent 22 used 1 waiting timesteps, 37 remaining
[LNS] Expanding MDD for agent 22 by 1 timestep
[LNS] Updated agent 22 entry/exit time: [8, 24]
  Agent 57 used 1 waiting timesteps, 44 remaining
[LNS] Expanding MDD for agent 57 by 1 timestep
[LNS] Updated agent 57 entry/exit time: [8, 21]
  Agent 68 used 1 waiting timesteps, 14 remaining
[LNS] Expanding MDD for agent 68 by 1 timestep
[LNS] Updated agent 68 entry/exit time: [12, 29]
  Agent 75 used 1 waiting timesteps, 32 remaining
[LNS] Expanding MDD for agent 75 by 1 timestep
[LNS] Updated agent 75 entry/exit time: [24, 41]
  Agent 88 used 1 waiting timesteps, 16 remaining
[LNS] Expanding MDD for agent 88 by 1 timestep
[LNS] Updated agent 88 entry/exit time: [22, 39]
[LNS] Time window extended: [8, 32] -> [8, 41]
[LNS] Found 3 new agents in extended time window: 17 30 75 
[LNS] Local zone agents: 88 75 81 68 61 22 82 17 57 5 80 15 2 
[LNS] New agents already in local zone: 17 75 
[LNS] New agent 17 was present at the previous last timestep
[LNS] New agent 17 is a continuing agent
[LNS] New agent 17 local segment t=[32,41] len=10
[LNS] Created MDD for new agent 17
  Added new agent 30 local segment t=[41,41] len=1
  Created MDD for new agent 30
[LNS] Recreating local CNF with expanded MDDs
[LNS] Attempting lazy solving with expanded MDD...
[LNS] Starting lazy solving of conflict zone...
[LNS] Adding 22 pre-discovered vertex collisions...
[LNS] Adding 4 pre-discovered edge collisions...
[LNS] Known edge collisions: 
[LNS] Adding edge collision: 82, 57, (9,24) <-> (10,24), t=9
[LNS] Adding edge collision: 15, 5, (11,25) <-> (10,25), t=21
[LNS] Adding edge collision: 2, 88, (13,22) <-> (13,21), t=23
[LNS] Adding edge collision: 15, 5, (12,25) <-> (11,25), t=22
[LNS] Lazy solving iteration 1...
DEBUG: CNF has 16015 clauses
DEBUG: First clause: 1 
DEBUG: Adding 16015 clauses to MiniSAT
[LNS] Local problem is unsatisfiable after 1 iterations
[LNS] No Solution found -> Safety run solving without assignment
[LNS] Lazy solving iteration 2...
DEBUG: CNF has 16015 clauses
DEBUG: First clause: 1 
DEBUG: Adding 16015 clauses to MiniSAT
[LNS] Local problem is unsatisfiable after 2 iterations
[LNS] No Solution found + Safety run failed -> UNSAT
[LNS] Failed to find local solution after 10000 iterations
[LNS] Local problem appears to be unsatisfiable in current zone
[LNS] Expanded MDD did not resolve conflicts, trying next agent...
[LNS] Updated collision tracking: 22 vertex collisions, 4 edge collisions
[LNS] Waiting time attempt 10...
[LNS] Will expand MDD for 6 chosen agents involved in 26 conflicts
  Agent 15 used 1 waiting timesteps, 24 remaining
[LNS] Expanding MDD for agent 15 by 1 timestep
[LNS] Updated agent 15 entry/exit time: [20, 36]
  Agent 22 used 1 waiting timesteps, 36 remaining
[LNS] Expanding MDD for agent 22 by 1 timestep
[LNS] Updated agent 22 entry/exit time: [8, 25]
  Agent 57 used 1 waiting timesteps, 43 remaining
[LNS] Expanding MDD for agent 57 by 1 timestep
[LNS] Updated agent 57 entry/exit time: [8, 22]
  Agent 68 used 1 waiting timesteps, 13 remaining
[LNS] Expanding MDD for agent 68 by 1 timestep
[LNS] Updated agent 68 entry/exit time: [12, 30]
  Agent 75 used 1 waiting timesteps, 31 remaining
[LNS] Expanding MDD for agent 75 by 1 timestep
[LNS] Updated agent 75 entry/exit time: [24, 42]
  Agent 88 used 1 waiting timesteps, 15 remaining
[LNS] Expanding MDD for agent 88 by 1 timestep
[LNS] Updated agent 88 entry/exit time: [22, 40]
[LNS] Time window extended: [8, 32] -> [8, 42]
[LNS] Found 3 new agents in extended time window: 17 30 75 
[LNS] Local zone agents: 2 15 5 57 82 80 22 61 68 81 17 75 30 88 
[LNS] New agents already in local zone: 17 30 75 
[LNS] New agent 17 was present at the previous last timestep
[LNS] New agent 17 is a continuing agent
[LNS] New agent 17 local segment t=[32,42] len=11
[LNS] Created MDD for new agent 17
[LNS] New agent 30 was present at the previous last timestep
[LNS] New agent 30 is a continuing agent
[LNS] New agent 30 local segment t=[41,42] len=2
[LNS] Created MDD for new agent 30
[LNS] Recreating local CNF with expanded MDDs
[LNS] Attempting lazy solving with expanded MDD...
[LNS] Starting lazy solving of conflict zone...
[LNS] Adding 22 pre-discovered vertex collisions...
[LNS] Adding 4 pre-discovered edge collisions...
[LNS] Known edge collisions: 
[LNS] Adding edge collision: 82, 57, (9,24) <-> (10,24), t=9
[LNS] Adding edge collision: 15, 5, (11,25) <-> (10,25), t=21
[LNS] Adding edge collision: 2, 88, (13,22) <-> (13,21), t=23
[LNS] Adding edge collision: 15, 5, (12,25) <-> (11,25), t=22
[LNS] Lazy solving iteration 1...
DEBUG: CNF has 18301 clauses
DEBUG: First clause: 1 
DEBUG: Adding 18301 clauses to MiniSAT
[LNS] Local problem is unsatisfiable after 1 iterations
[LNS] No Solution found -> Safety run solving without assignment
[LNS] Lazy solving iteration 2...
DEBUG: CNF has 18301 clauses
DEBUG: First clause: 1 
DEBUG: Adding 18301 clauses to MiniSAT
[LNS] Local problem is unsatisfiable after 2 iterations
[LNS] No Solution found + Safety run failed -> UNSAT
[LNS] Failed to find local solution after 10000 iterations
[LNS] Local problem appears to be unsatisfiable in current zone
[LNS] Expanded MDD did not resolve conflicts, trying next agent...
[LNS] Updated collision tracking: 22 vertex collisions, 4 edge collisions
[LNS] Waiting time attempt 11...
[LNS] Will expand MDD for 6 chosen agents involved in 26 conflicts
  Agent 15 used 1 waiting timesteps, 23 remaining
[LNS] Expanding MDD for agent 15 by 1 timestep
[LNS] Updated agent 15 entry/exit time: [20, 37]
  Agent 22 used 1 waiting timesteps, 35 remaining
[LNS] Expanding MDD for agent 22 by 1 timestep
[LNS] Updated agent 22 entry/exit time: [8, 26]
  Agent 57 used 1 waiting timesteps, 42 remaining
[LNS] Expanding MDD for agent 57 by 1 timestep
[LNS] Updated agent 57 entry/exit time: [8, 23]
  Agent 68 used 1 waiting timesteps, 12 remaining
[LNS] Expanding MDD for agent 68 by 1 timestep
[LNS] Updated agent 68 entry/exit time: [12, 31]
  Agent 75 used 1 waiting timesteps, 30 remaining
[LNS] Expanding MDD for agent 75 by 1 timestep
[LNS] Updated agent 75 entry/exit time: [24, 43]
  Agent 88 used 1 waiting timesteps, 14 remaining
[LNS] Expanding MDD for agent 88 by 1 timestep
[LNS] Updated agent 88 entry/exit time: [22, 41]
[LNS] Time window extended: [8, 32] -> [8, 43]
[LNS] Found 3 new agents in extended time window: 17 30 75 
[LNS] Local zone agents: 2 15 5 57 82 80 22 61 68 81 17 75 30 88 
[LNS] New agents already in local zone: 17 30 75 
[LNS] New agent 17 was present at the previous last timestep
[LNS] New agent 17 is a continuing agent
[LNS] New agent 17 local segment t=[32,43] len=12
[LNS] Created MDD for new agent 17
[LNS] New agent 30 was present at the previous last timestep
[LNS] New agent 30 is a continuing agent
[LNS] New agent 30 local segment t=[41,43] len=3
[LNS] Created MDD for new agent 30
[LNS] Recreating local CNF with expanded MDDs
[LNS] Attempting lazy solving with expanded MDD...
[LNS] Starting lazy solving of conflict zone...
[LNS] Adding 22 pre-discovered vertex collisions...
[LNS] Adding 4 pre-discovered edge collisions...
[LNS] Known edge collisions: 
[LNS] Adding edge collision: 82, 57, (9,24) <-> (10,24), t=9
[LNS] Adding edge collision: 15, 5, (11,25) <-> (10,25), t=21
[LNS] Adding edge collision: 2, 88, (13,22) <-> (13,21), t=23
[LNS] Adding edge collision: 15, 5, (12,25) <-> (11,25), t=22
[LNS] Lazy solving iteration 1...
DEBUG: CNF has 20665 clauses
DEBUG: First clause: 1 
DEBUG: Adding 20665 clauses to MiniSAT
[LNS] Local problem is unsatisfiable after 1 iterations
[LNS] No Solution found -> Safety run solving without assignment
[LNS] Lazy solving iteration 2...
DEBUG: CNF has 20665 clauses
DEBUG: First clause: 1 
DEBUG: Adding 20665 clauses to MiniSAT
[LNS] Local problem is unsatisfiable after 2 iterations
[LNS] No Solution found + Safety run failed -> UNSAT
[LNS] Failed to find local solution after 10000 iterations
[LNS] Local problem appears to be unsatisfiable in current zone
[LNS] Expanded MDD did not resolve conflicts, trying next agent...
[LNS] Updated collision tracking: 22 vertex collisions, 4 edge collisions
[LNS] Waiting time attempt 12...
[LNS] Will expand MDD for 6 chosen agents involved in 26 conflicts
  Agent 15 used 1 waiting timesteps, 22 remaining
[LNS] Expanding MDD for agent 15 by 1 timestep
[LNS] Updated agent 15 entry/exit time: [20, 38]
  Agent 22 used 1 waiting timesteps, 34 remaining
[LNS] Expanding MDD for agent 22 by 1 timestep
[LNS] Updated agent 22 entry/exit time: [8, 27]
  Agent 57 used 1 waiting timesteps, 41 remaining
[LNS] Expanding MDD for agent 57 by 1 timestep
[LNS] Updated agent 57 entry/exit time: [8, 24]
  Agent 68 used 1 waiting timesteps, 11 remaining
[LNS] Expanding MDD for agent 68 by 1 timestep
[LNS] Updated agent 68 entry/exit time: [12, 32]
  Agent 75 used 1 waiting timesteps, 29 remaining
[LNS] Expanding MDD for agent 75 by 1 timestep
[LNS] Updated agent 75 entry/exit time: [24, 44]
  Agent 88 used 1 waiting timesteps, 13 remaining
[LNS] Expanding MDD for agent 88 by 1 timestep
[LNS] Updated agent 88 entry/exit time: [22, 42]
[LNS] Time window extended: [8, 32] -> [8, 44]
[LNS] Found 4 new agents in extended time window: 17 30 56 75 
[LNS] Local zone agents: 2 15 5 57 82 80 22 61 68 81 17 75 30 88 
[LNS] New agents already in local zone: 17 30 75 
[LNS] New agent 17 was present at the previous last timestep
[LNS] New agent 17 is a continuing agent
[LNS] New agent 17 local segment t=[32,44] len=13
[LNS] Created MDD for new agent 17
[LNS] New agent 30 was present at the previous last timestep
[LNS] New agent 30 is a continuing agent
[LNS] New agent 30 local segment t=[41,44] len=4
[LNS] Created MDD for new agent 30
  Added new agent 56 local segment t=[44,44] len=1
  Created MDD for new agent 56
[LNS] Recreating local CNF with expanded MDDs
[LNS] Attempting lazy solving with expanded MDD...
[LNS] Starting lazy solving of conflict zone...
[LNS] Adding 22 pre-discovered vertex collisions...
[LNS] Adding 4 pre-discovered edge collisions...
[LNS] Known edge collisions: 
[LNS] Adding edge collision: 82, 57, (9,24) <-> (10,24), t=9
[LNS] Adding edge collision: 15, 5, (11,25) <-> (10,25), t=21
[LNS] Adding edge collision: 2, 88, (13,22) <-> (13,21), t=23
[LNS] Adding edge collision: 15, 5, (12,25) <-> (11,25), t=22
[LNS] Lazy solving iteration 1...
DEBUG: CNF has 23034 clauses
DEBUG: First clause: 1 
DEBUG: Adding 23034 clauses to MiniSAT
[LNS] Local problem is unsatisfiable after 1 iterations
[LNS] No Solution found -> Safety run solving without assignment
[LNS] Lazy solving iteration 2...
DEBUG: CNF has 23034 clauses
DEBUG: First clause: 1 
DEBUG: Adding 23034 clauses to MiniSAT
[LNS] Local problem is unsatisfiable after 2 iterations
[LNS] No Solution found + Safety run failed -> UNSAT
[LNS] Failed to find local solution after 10000 iterations
[LNS] Local problem appears to be unsatisfiable in current zone
[LNS] Expanded MDD did not resolve conflicts, trying next agent...
[LNS] Updated collision tracking: 22 vertex collisions, 4 edge collisions
[LNS] Waiting time attempt 13...
[LNS] Will expand MDD for 6 chosen agents involved in 26 conflicts
  Agent 15 used 1 waiting timesteps, 21 remaining
[LNS] Expanding MDD for agent 15 by 1 timestep
[LNS] Updated agent 15 entry/exit time: [20, 39]
  Agent 22 used 1 waiting timesteps, 33 remaining
[LNS] Expanding MDD for agent 22 by 1 timestep
[LNS] Updated agent 22 entry/exit time: [8, 28]
  Agent 57 used 1 waiting timesteps, 40 remaining
[LNS] Expanding MDD for agent 57 by 1 timestep
[LNS] Updated agent 57 entry/exit time: [8, 25]
  Agent 68 used 1 waiting timesteps, 10 remaining
[LNS] Expanding MDD for agent 68 by 1 timestep
[LNS] Updated agent 68 entry/exit time: [12, 33]
  Agent 75 used 1 waiting timesteps, 28 remaining
[LNS] Expanding MDD for agent 75 by 1 timestep
[LNS] Updated agent 75 entry/exit time: [24, 45]
  Agent 88 used 1 waiting timesteps, 12 remaining
[LNS] Expanding MDD for agent 88 by 1 timestep
[LNS] Updated agent 88 entry/exit time: [22, 43]
[LNS] Time window extended: [8, 32] -> [8, 45]
[LNS] Found 4 new agents in extended time window: 17 30 56 75 
[LNS] Local zone agents: 56 2 15 5 57 82 80 22 61 68 81 17 75 30 88 
[LNS] New agents already in local zone: 17 30 56 75 
[LNS] New agent 17 was present at the previous last timestep
[LNS] New agent 17 is a continuing agent
[LNS] New agent 17 local segment t=[32,45] len=14
[LNS] Created MDD for new agent 17
[LNS] New agent 30 was present at the previous last timestep
[LNS] New agent 30 is a continuing agent
[LNS] New agent 30 local segment t=[41,45] len=5
[LNS] Created MDD for new agent 30
[LNS] New agent 56 was present at the previous last timestep
[LNS] New agent 56 is a continuing agent
[LNS] New agent 56 local segment t=[44,45] len=2
[LNS] Created MDD for new agent 56
[LNS] Recreating local CNF with expanded MDDs
[LNS] Attempting lazy solving with expanded MDD...
[LNS] Starting lazy solving of conflict zone...
[LNS] Adding 22 pre-discovered vertex collisions...
[LNS] Adding 4 pre-discovered edge collisions...
[LNS] Known edge collisions: 
[LNS] Adding edge collision: 82, 57, (9,24) <-> (10,24), t=9
[LNS] Adding edge collision: 15, 5, (11,25) <-> (10,25), t=21
[LNS] Adding edge collision: 2, 88, (13,22) <-> (13,21), t=23
[LNS] Adding edge collision: 15, 5, (12,25) <-> (11,25), t=22
[LNS] Lazy solving iteration 1...
DEBUG: CNF has 25451 clauses
DEBUG: First clause: 1 
DEBUG: Adding 25451 clauses to MiniSAT
[LNS] Local problem is unsatisfiable after 1 iterations
[LNS] No Solution found -> Safety run solving without assignment
[LNS] Lazy solving iteration 2...
DEBUG: CNF has 25451 clauses
DEBUG: First clause: 1 
DEBUG: Adding 25451 clauses to MiniSAT
[LNS] Local problem is unsatisfiable after 2 iterations
[LNS] No Solution found + Safety run failed -> UNSAT
[LNS] Failed to find local solution after 10000 iterations
[LNS] Local problem appears to be unsatisfiable in current zone
[LNS] Expanded MDD did not resolve conflicts, trying next agent...
[LNS] Updated collision tracking: 22 vertex collisions, 4 edge collisions
[LNS] Waiting time attempt 14...
[LNS] Will expand MDD for 6 chosen agents involved in 26 conflicts
  Agent 5 used 1 waiting timesteps, 21 remaining
[LNS] Expanding MDD for agent 5 by 1 timestep
[LNS] Updated agent 5 entry/exit time: [20, 27]
  Agent 22 used 1 waiting timesteps, 32 remaining
[LNS] Expanding MDD for agent 22 by 1 timestep
[LNS] Updated agent 22 entry/exit time: [8, 29]
  Agent 57 used 1 waiting timesteps, 39 remaining
[LNS] Expanding MDD for agent 57 by 1 timestep
[LNS] Updated agent 57 entry/exit time: [8, 26]
  Agent 68 used 1 waiting timesteps, 9 remaining
[LNS] Expanding MDD for agent 68 by 1 timestep
[LNS] Updated agent 68 entry/exit time: [12, 34]
  Agent 75 used 1 waiting timesteps, 27 remaining
[LNS] Expanding MDD for agent 75 by 1 timestep
[LNS] Updated agent 75 entry/exit time: [24, 46]
  Agent 88 used 1 waiting timesteps, 11 remaining
[LNS] Expanding MDD for agent 88 by 1 timestep
[LNS] Updated agent 88 entry/exit time: [22, 44]
[LNS] Time window extended: [8, 32] -> [8, 46]
[LNS] Found 3 new agents in extended time window: 17 30 75 
[LNS] Local zone agents: 56 2 15 5 57 82 80 22 61 68 81 17 75 30 88 
[LNS] New agents already in local zone: 17 30 75 
[LNS] New agent 17 was present at the previous last timestep
[LNS] New agent 17 is a continuing agent
[LNS] New agent 17 local segment t=[32,46] len=15
[LNS] Created MDD for new agent 17
[LNS] New agent 30 was present at the previous last timestep
[LNS] New agent 30 is a continuing agent
[LNS] New agent 30 local segment t=[41,46] len=6
[LNS] Created MDD for new agent 30
[LNS] Recreating local CNF with expanded MDDs
[LNS] Attempting lazy solving with expanded MDD...
[LNS] Starting lazy solving of conflict zone...
[LNS] Adding 22 pre-discovered vertex collisions...
[LNS] Adding 4 pre-discovered edge collisions...
[LNS] Known edge collisions: 
[LNS] Adding edge collision: 82, 57, (9,24) <-> (10,24), t=9
[LNS] Adding edge collision: 15, 5, (11,25) <-> (10,25), t=21
[LNS] Adding edge collision: 2, 88, (13,22) <-> (13,21), t=23
[LNS] Adding edge collision: 15, 5, (12,25) <-> (11,25), t=22
[LNS] Lazy solving iteration 1...
DEBUG: CNF has 27585 clauses
DEBUG: First clause: 1 
DEBUG: Adding 27585 clauses to MiniSAT
[LNS] Local problem is unsatisfiable after 1 iterations
[LNS] No Solution found -> Safety run solving without assignment
[LNS] Lazy solving iteration 2...
DEBUG: CNF has 27585 clauses
DEBUG: First clause: 1 
DEBUG: Adding 27585 clauses to MiniSAT
[LNS] Local problem is unsatisfiable after 2 iterations
[LNS] No Solution found + Safety run failed -> UNSAT
[LNS] Failed to find local solution after 10000 iterations
[LNS] Local problem appears to be unsatisfiable in current zone
[LNS] Expanded MDD did not resolve conflicts, trying next agent...
[LNS] Updated collision tracking: 22 vertex collisions, 4 edge collisions
[LNS] Waiting time attempt 15...
[LNS] Will expand MDD for 6 chosen agents involved in 26 conflicts
  Agent 15 used 1 waiting timesteps, 20 remaining
[LNS] Expanding MDD for agent 15 by 1 timestep
[LNS] Updated agent 15 entry/exit time: [20, 40]
  Agent 22 used 1 waiting timesteps, 31 remaining
[LNS] Expanding MDD for agent 22 by 1 timestep
[LNS] Updated agent 22 entry/exit time: [8, 30]
  Agent 57 used 1 waiting timesteps, 38 remaining
[LNS] Expanding MDD for agent 57 by 1 timestep
[LNS] Updated agent 57 entry/exit time: [8, 27]
  Agent 68 used 1 waiting timesteps, 8 remaining
[LNS] Expanding MDD for agent 68 by 1 timestep
[LNS] Updated agent 68 entry/exit time: [12, 35]
  Agent 75 used 1 waiting timesteps, 26 remaining
[LNS] Expanding MDD for agent 75 by 1 timestep
[LNS] Updated agent 75 entry/exit time: [24, 47]
  Agent 88 used 1 waiting timesteps, 10 remaining
[LNS] Expanding MDD for agent 88 by 1 timestep
[LNS] Updated agent 88 entry/exit time: [22, 45]
[LNS] Time window extended: [8, 32] -> [8, 47]
[LNS] Found 3 new agents in extended time window: 17 30 75 
[LNS] Local zone agents: 56 2 15 5 57 82 80 22 61 68 81 17 75 30 88 
[LNS] New agents already in local zone: 17 30 75 
[LNS] New agent 17 was present at the previous last timestep
[LNS] New agent 17 is a continuing agent
[LNS] New agent 17 local segment t=[32,47] len=16
[LNS] Created MDD for new agent 17
[LNS] New agent 30 was present at the previous last timestep
[LNS] New agent 30 is a continuing agent
[LNS] New agent 30 local segment t=[41,47] len=7
[LNS] Created MDD for new agent 30
[LNS] Recreating local CNF with expanded MDDs
[LNS] Attempting lazy solving with expanded MDD...
[LNS] Starting lazy solving of conflict zone...
[LNS] Adding 22 pre-discovered vertex collisions...
[LNS] Adding 4 pre-discovered edge collisions...
[LNS] Known edge collisions: 
[LNS] Adding edge collision: 82, 57, (9,24) <-> (10,24), t=9
[LNS] Adding edge collision: 15, 5, (11,25) <-> (10,25), t=21
[LNS] Adding edge collision: 2, 88, (13,22) <-> (13,21), t=23
[LNS] Adding edge collision: 15, 5, (12,25) <-> (11,25), t=22
[LNS] Lazy solving iteration 1...
DEBUG: CNF has 30051 clauses
DEBUG: First clause: 1 
DEBUG: Adding 30051 clauses to MiniSAT
[LNS] Local problem is unsatisfiable after 1 iterations
[LNS] No Solution found -> Safety run solving without assignment
[LNS] Lazy solving iteration 2...
DEBUG: CNF has 30051 clauses
DEBUG: First clause: 1 
DEBUG: Adding 30051 clauses to MiniSAT
[LNS] Local problem is unsatisfiable after 2 iterations
[LNS] No Solution found + Safety run failed -> UNSAT
[LNS] Failed to find local solution after 10000 iterations
[LNS] Local problem appears to be unsatisfiable in current zone
[LNS] Expanded MDD did not resolve conflicts, trying next agent...
[LNS] Updated collision tracking: 22 vertex collisions, 4 edge collisions
[LNS] Waiting time attempt 16...
[LNS] Will expand MDD for 6 chosen agents involved in 26 conflicts
  Agent 5 used 1 waiting timesteps, 20 remaining
[LNS] Expanding MDD for agent 5 by 1 timestep
[LNS] Updated agent 5 entry/exit time: [20, 28]
  Agent 22 used 1 waiting timesteps, 30 remaining
[LNS] Expanding MDD for agent 22 by 1 timestep
[LNS] Updated agent 22 entry/exit time: [8, 31]
  Agent 57 used 1 waiting timesteps, 37 remaining
[LNS] Expanding MDD for agent 57 by 1 timestep
[LNS] Updated agent 57 entry/exit time: [8, 28]
  Agent 68 used 1 waiting timesteps, 7 remaining
[LNS] Expanding MDD for agent 68 by 1 timestep
[LNS] Updated agent 68 entry/exit time: [12, 36]
  Agent 75 used 1 waiting timesteps, 25 remaining
[LNS] Expanding MDD for agent 75 by 1 timestep
[LNS] Updated agent 75 entry/exit time: [24, 48]
  Agent 88 used 1 waiting timesteps, 9 remaining
[LNS] Expanding MDD for agent 88 by 1 timestep
[LNS] Updated agent 88 entry/exit time: [22, 46]
[LNS] Time window extended: [8, 32] -> [8, 48]
[LNS] Found 3 new agents in extended time window: 17 30 75 
[LNS] Local zone agents: 56 2 15 5 57 82 80 22 61 68 81 17 75 30 88 
[LNS] New agents already in local zone: 17 30 75 
[LNS] New agent 17 was present at the previous last timestep
[LNS] New agent 17 is a continuing agent
[LNS] New agent 17 local segment t=[32,48] len=17
[LNS] Created MDD for new agent 17
[LNS] New agent 30 was present at the previous last timestep
[LNS] New agent 30 is a continuing agent
[LNS] New agent 30 local segment t=[41,48] len=8
[LNS] Created MDD for new agent 30
[LNS] Recreating local CNF with expanded MDDs
[LNS] Attempting lazy solving with expanded MDD...
[LNS] Starting lazy solving of conflict zone...
[LNS] Adding 22 pre-discovered vertex collisions...
[LNS] Adding 4 pre-discovered edge collisions...
[LNS] Known edge collisions: 
[LNS] Adding edge collision: 82, 57, (9,24) <-> (10,24), t=9
[LNS] Adding edge collision: 15, 5, (11,25) <-> (10,25), t=21
[LNS] Adding edge collision: 2, 88, (13,22) <-> (13,21), t=23
[LNS] Adding edge collision: 15, 5, (12,25) <-> (11,25), t=22
[LNS] Lazy solving iteration 1...
DEBUG: CNF has 32336 clauses
DEBUG: First clause: 1 
DEBUG: Adding 32336 clauses to MiniSAT
[LNS] Local problem is unsatisfiable after 1 iterations
[LNS] No Solution found -> Safety run solving without assignment
[LNS] Lazy solving iteration 2...
DEBUG: CNF has 32336 clauses
DEBUG: First clause: 1 
DEBUG: Adding 32336 clauses to MiniSAT
[LNS] Local problem is unsatisfiable after 2 iterations
[LNS] No Solution found + Safety run failed -> UNSAT
[LNS] Failed to find local solution after 10000 iterations
[LNS] Local problem appears to be unsatisfiable in current zone
[LNS] Expanded MDD did not resolve conflicts, trying next agent...
[LNS] Updated collision tracking: 22 vertex collisions, 4 edge collisions
[LNS] Waiting time attempt 17...
[LNS] Will expand MDD for 6 chosen agents involved in 26 conflicts
  Agent 15 used 1 waiting timesteps, 19 remaining
[LNS] Expanding MDD for agent 15 by 1 timestep
[LNS] Updated agent 15 entry/exit time: [20, 41]
  Agent 22 used 1 waiting timesteps, 29 remaining
[LNS] Expanding MDD for agent 22 by 1 timestep
[LNS] Updated agent 22 entry/exit time: [8, 32]
  Agent 57 used 1 waiting timesteps, 36 remaining
[LNS] Expanding MDD for agent 57 by 1 timestep
[LNS] Updated agent 57 entry/exit time: [8, 29]
  Agent 68 used 1 waiting timesteps, 6 remaining
[LNS] Expanding MDD for agent 68 by 1 timestep
[LNS] Updated agent 68 entry/exit time: [12, 37]
  Agent 75 used 1 waiting timesteps, 24 remaining
[LNS] Expanding MDD for agent 75 by 1 timestep
[LNS] Updated agent 75 entry/exit time: [24, 49]
  Agent 88 used 1 waiting timesteps, 8 remaining
[LNS] Expanding MDD for agent 88 by 1 timestep
[LNS] Updated agent 88 entry/exit time: [22, 47]
[LNS] Time window extended: [8, 32] -> [8, 49]
[LNS] Found 3 new agents in extended time window: 17 30 75 
[LNS] Local zone agents: 56 2 15 5 57 82 80 22 61 68 81 17 75 30 88 
[LNS] New agents already in local zone: 17 30 75 
[LNS] New agent 17 was present at the previous last timestep
[LNS] New agent 17 is a continuing agent
[LNS] New agent 17 local segment t=[32,49] len=18
[LNS] Created MDD for new agent 17
[LNS] New agent 30 was present at the previous last timestep
[LNS] New agent 30 is a continuing agent
[LNS] New agent 30 local segment t=[41,49] len=9
[LNS] Created MDD for new agent 30
[LNS] Recreating local CNF with expanded MDDs
[LNS] Attempting lazy solving with expanded MDD...
[LNS] Starting lazy solving of conflict zone...
[LNS] Adding 22 pre-discovered vertex collisions...
[LNS] Adding 4 pre-discovered edge collisions...
[LNS] Known edge collisions: 
[LNS] Adding edge collision: 82, 57, (9,24) <-> (10,24), t=9
[LNS] Adding edge collision: 15, 5, (11,25) <-> (10,25), t=21
[LNS] Adding edge collision: 2, 88, (13,22) <-> (13,21), t=23
[LNS] Adding edge collision: 15, 5, (12,25) <-> (11,25), t=22
[LNS] Lazy solving iteration 1...
DEBUG: CNF has 34870 clauses
DEBUG: First clause: 1 
DEBUG: Adding 34870 clauses to MiniSAT
[LNS] Local problem is unsatisfiable after 1 iterations
[LNS] No Solution found -> Safety run solving without assignment
[LNS] Lazy solving iteration 2...
DEBUG: CNF has 34870 clauses
DEBUG: First clause: 1 
DEBUG: Adding 34870 clauses to MiniSAT
[LNS] Local problem is unsatisfiable after 2 iterations
[LNS] No Solution found + Safety run failed -> UNSAT
[LNS] Failed to find local solution after 10000 iterations
[LNS] Local problem appears to be unsatisfiable in current zone
[LNS] Expanded MDD did not resolve conflicts, trying next agent...
[LNS] Updated collision tracking: 22 vertex collisions, 4 edge collisions
[LNS] Waiting time attempt 18...
[LNS] Will expand MDD for 6 chosen agents involved in 26 conflicts
  Agent 5 used 1 waiting timesteps, 19 remaining
[LNS] Expanding MDD for agent 5 by 1 timestep
[LNS] Updated agent 5 entry/exit time: [20, 29]
  Agent 22 used 1 waiting timesteps, 28 remaining
[LNS] Expanding MDD for agent 22 by 1 timestep
[LNS] Updated agent 22 entry/exit time: [8, 33]
  Agent 57 used 1 waiting timesteps, 35 remaining
[LNS] Expanding MDD for agent 57 by 1 timestep
[LNS] Updated agent 57 entry/exit time: [8, 30]
  Agent 68 used 1 waiting timesteps, 5 remaining
[LNS] Expanding MDD for agent 68 by 1 timestep
[LNS] Updated agent 68 entry/exit time: [12, 38]
  Agent 75 used 1 waiting timesteps, 23 remaining
[LNS] Expanding MDD for agent 75 by 1 timestep
[LNS] Updated agent 75 entry/exit time: [24, 50]
  Agent 88 used 1 waiting timesteps, 7 remaining
[LNS] Expanding MDD for agent 88 by 1 timestep
[LNS] Updated agent 88 entry/exit time: [22, 48]
[LNS] Time window extended: [8, 32] -> [8, 50]
[LNS] Found 3 new agents in extended time window: 17 30 75 
[LNS] Local zone agents: 56 2 15 5 57 82 80 22 61 68 81 17 75 30 88 
[LNS] New agents already in local zone: 17 30 75 
[LNS] New agent 17 was present at the previous last timestep
[LNS] New agent 17 is a continuing agent
[LNS] New agent 17 local segment t=[32,50] len=19
[LNS] Created MDD for new agent 17
[LNS] New agent 30 was present at the previous last timestep
[LNS] New agent 30 is a continuing agent
[LNS] New agent 30 local segment t=[41,50] len=10
[LNS] Created MDD for new agent 30
[LNS] Recreating local CNF with expanded MDDs
[LNS] Attempting lazy solving with expanded MDD...
[LNS] Starting lazy solving of conflict zone...
[LNS] Adding 22 pre-discovered vertex collisions...
[LNS] Adding 4 pre-discovered edge collisions...
[LNS] Known edge collisions: 
[LNS] Adding edge collision: 82, 57, (9,24) <-> (10,24), t=9
[LNS] Adding edge collision: 15, 5, (11,25) <-> (10,25), t=21
[LNS] Adding edge collision: 2, 88, (13,22) <-> (13,21), t=23
[LNS] Adding edge collision: 15, 5, (12,25) <-> (11,25), t=22
[LNS] Lazy solving iteration 1...
DEBUG: CNF has 37306 clauses
DEBUG: First clause: 1 
DEBUG: Adding 37306 clauses to MiniSAT
[LNS] Local problem is unsatisfiable after 1 iterations
[LNS] No Solution found -> Safety run solving without assignment
[LNS] Lazy solving iteration 2...
DEBUG: CNF has 37306 clauses
DEBUG: First clause: 1 
DEBUG: Adding 37306 clauses to MiniSAT
[LNS] Local problem is unsatisfiable after 2 iterations
[LNS] No Solution found + Safety run failed -> UNSAT
[LNS] Failed to find local solution after 10000 iterations
[LNS] Local problem appears to be unsatisfiable in current zone
[LNS] Expanded MDD did not resolve conflicts, trying next agent...
[LNS] Updated collision tracking: 22 vertex collisions, 4 edge collisions
[LNS] Waiting time attempt 19...
[LNS] Will expand MDD for 6 chosen agents involved in 26 conflicts
  Agent 15 used 1 waiting timesteps, 18 remaining
[LNS] Expanding MDD for agent 15 by 1 timestep
[LNS] Updated agent 15 entry/exit time: [20, 42]
  Agent 22 used 1 waiting timesteps, 27 remaining
[LNS] Expanding MDD for agent 22 by 1 timestep
[LNS] Updated agent 22 entry/exit time: [8, 34]
  Agent 57 used 1 waiting timesteps, 34 remaining
[LNS] Expanding MDD for agent 57 by 1 timestep
[LNS] Updated agent 57 entry/exit time: [8, 31]
  Agent 68 used 1 waiting timesteps, 4 remaining
[LNS] Expanding MDD for agent 68 by 1 timestep
[LNS] Updated agent 68 entry/exit time: [12, 39]
  Agent 75 used 1 waiting timesteps, 22 remaining
[LNS] Expanding MDD for agent 75 by 1 timestep
[LNS] Updated agent 75 entry/exit time: [24, 51]
  Agent 88 used 1 waiting timesteps, 6 remaining
[LNS] Expanding MDD for agent 88 by 1 timestep
[LNS] Updated agent 88 entry/exit time: [22, 49]
[LNS] Time window extended: [8, 32] -> [8, 51]
[LNS] Found 3 new agents in extended time window: 17 30 75 
[LNS] Local zone agents: 56 2 15 5 57 82 80 22 61 68 81 17 75 30 88 
[LNS] New agents already in local zone: 17 30 75 
[LNS] New agent 17 was present at the previous last timestep
[LNS] New agent 17 is a continuing agent
[LNS] New agent 17 local segment t=[32,51] len=20
[LNS] Created MDD for new agent 17
[LNS] New agent 30 was present at the previous last timestep
[LNS] New agent 30 is a continuing agent
[LNS] New agent 30 local segment t=[41,51] len=11
[LNS] Created MDD for new agent 30
[LNS] Recreating local CNF with expanded MDDs
[LNS] Attempting lazy solving with expanded MDD...
[LNS] Starting lazy solving of conflict zone...
[LNS] Adding 22 pre-discovered vertex collisions...
[LNS] Adding 4 pre-discovered edge collisions...
[LNS] Known edge collisions: 
[LNS] Adding edge collision: 82, 57, (9,24) <-> (10,24), t=9
[LNS] Adding edge collision: 15, 5, (11,25) <-> (10,25), t=21
[LNS] Adding edge collision: 2, 88, (13,22) <-> (13,21), t=23
[LNS] Adding edge collision: 15, 5, (12,25) <-> (11,25), t=22
[LNS] Lazy solving iteration 1...
DEBUG: CNF has 39971 clauses
DEBUG: First clause: 1 
DEBUG: Adding 39971 clauses to MiniSAT
[LNS] Local problem is unsatisfiable after 1 iterations
[LNS] No Solution found -> Safety run solving without assignment
[LNS] Lazy solving iteration 2...
DEBUG: CNF has 39971 clauses
DEBUG: First clause: 1 
DEBUG: Adding 39971 clauses to MiniSAT
[LNS] Local problem is unsatisfiable after 2 iterations
[LNS] No Solution found + Safety run failed -> UNSAT
[LNS] Failed to find local solution after 10000 iterations
[LNS] Local problem appears to be unsatisfiable in current zone
[LNS] Expanded MDD did not resolve conflicts, trying next agent...
[LNS] Updated collision tracking: 22 vertex collisions, 4 edge collisions
[LNS] Waiting time attempt 20...
[LNS] Will expand MDD for 6 chosen agents involved in 26 conflicts
  Agent 5 used 1 waiting timesteps, 18 remaining
[LNS] Expanding MDD for agent 5 by 1 timestep
[LNS] Updated agent 5 entry/exit time: [20, 30]
  Agent 22 used 1 waiting timesteps, 26 remaining
[LNS] Expanding MDD for agent 22 by 1 timestep
[LNS] Updated agent 22 entry/exit time: [8, 35]
  Agent 57 used 1 waiting timesteps, 33 remaining
[LNS] Expanding MDD for agent 57 by 1 timestep
[LNS] Updated agent 57 entry/exit time: [8, 32]
  Agent 68 used 1 waiting timesteps, 3 remaining
[LNS] Expanding MDD for agent 68 by 1 timestep
[LNS] Updated agent 68 entry/exit time: [12, 40]
  Agent 75 used 1 waiting timesteps, 21 remaining
[LNS] Expanding MDD for agent 75 by 1 timestep
[LNS] Updated agent 75 entry/exit time: [24, 52]
  Agent 88 used 1 waiting timesteps, 5 remaining
[LNS] Expanding MDD for agent 88 by 1 timestep
[LNS] Updated agent 88 entry/exit time: [22, 50]
[LNS] Time window extended: [8, 32] -> [8, 52]
[LNS] Found 3 new agents in extended time window: 17 30 75 
[LNS] Local zone agents: 56 2 15 5 57 82 80 22 61 68 81 17 75 30 88 
[LNS] New agents already in local zone: 17 30 75 
[LNS] New agent 17 was present at the previous last timestep
[LNS] New agent 17 is a continuing agent
[LNS] New agent 17 local segment t=[32,52] len=21
[LNS] Created MDD for new agent 17
[LNS] New agent 30 was present at the previous last timestep
[LNS] New agent 30 is a continuing agent
[LNS] New agent 30 local segment t=[41,52] len=12
[LNS] Created MDD for new agent 30
[LNS] Recreating local CNF with expanded MDDs
[LNS] Attempting lazy solving with expanded MDD...
[LNS] Starting lazy solving of conflict zone...
[LNS] Adding 22 pre-discovered vertex collisions...
[LNS] Adding 4 pre-discovered edge collisions...
[LNS] Known edge collisions: 
[LNS] Adding edge collision: 82, 57, (9,24) <-> (10,24), t=9
[LNS] Adding edge collision: 15, 5, (11,25) <-> (10,25), t=21
[LNS] Adding edge collision: 2, 88, (13,22) <-> (13,21), t=23
[LNS] Adding edge collision: 15, 5, (12,25) <-> (11,25), t=22
[LNS] Lazy solving iteration 1...
DEBUG: CNF has 42609 clauses
DEBUG: First clause: 1 
DEBUG: Adding 42609 clauses to MiniSAT
[LNS] Local problem is unsatisfiable after 1 iterations
[LNS] No Solution found -> Safety run solving without assignment
[LNS] Lazy solving iteration 2...
DEBUG: CNF has 42609 clauses
DEBUG: First clause: 1 
DEBUG: Adding 42609 clauses to MiniSAT
[LNS] Local problem is unsatisfiable after 2 iterations
[LNS] No Solution found + Safety run failed -> UNSAT
[LNS] Failed to find local solution after 10000 iterations
[LNS] Local problem appears to be unsatisfiable in current zone
[LNS] Expanded MDD did not resolve conflicts, trying next agent...
[LNS] Updated collision tracking: 22 vertex collisions, 4 edge collisions
[LNS] Waiting time attempt 21...
[LNS] Will expand MDD for 6 chosen agents involved in 26 conflicts
  Agent 15 used 1 waiting timesteps, 17 remaining
[LNS] Expanding MDD for agent 15 by 1 timestep
[LNS] Updated agent 15 entry/exit time: [20, 43]
  Agent 22 used 1 waiting timesteps, 25 remaining
[LNS] Expanding MDD for agent 22 by 1 timestep
[LNS] Updated agent 22 entry/exit time: [8, 36]
  Agent 57 used 1 waiting timesteps, 32 remaining
[LNS] Expanding MDD for agent 57 by 1 timestep
[LNS] Updated agent 57 entry/exit time: [8, 33]
  Agent 68 used 1 waiting timesteps, 2 remaining
[LNS] Expanding MDD for agent 68 by 1 timestep
[LNS] Updated agent 68 entry/exit time: [12, 41]
  Agent 75 used 1 waiting timesteps, 20 remaining
[LNS] Expanding MDD for agent 75 by 1 timestep
[LNS] Updated agent 75 entry/exit time: [24, 53]
  Agent 88 used 1 waiting timesteps, 4 remaining
[LNS] Expanding MDD for agent 88 by 1 timestep
[LNS] Updated agent 88 entry/exit time: [22, 51]
[LNS] Time window extended: [8, 32] -> [8, 53]
[LNS] Found 3 new agents in extended time window: 17 30 75 
[LNS] Local zone agents: 56 2 15 5 57 82 80 22 61 68 81 17 75 30 88 
[LNS] New agents already in local zone: 17 30 75 
[LNS] New agent 17 was present at the previous last timestep
[LNS] New agent 17 is a continuing agent
[LNS] New agent 17 local segment t=[32,53] len=22
[LNS] Created MDD for new agent 17
[LNS] New agent 30 was present at the previous last timestep
[LNS] New agent 30 is a continuing agent
[LNS] New agent 30 local segment t=[41,53] len=13
[LNS] Created MDD for new agent 30
[LNS] Recreating local CNF with expanded MDDs
[LNS] Attempting lazy solving with expanded MDD...
[LNS] Starting lazy solving of conflict zone...
[LNS] Adding 22 pre-discovered vertex collisions...
[LNS] Adding 4 pre-discovered edge collisions...
[LNS] Known edge collisions: 
[LNS] Adding edge collision: 82, 57, (9,24) <-> (10,24), t=9
[LNS] Adding edge collision: 15, 5, (11,25) <-> (10,25), t=21
[LNS] Adding edge collision: 2, 88, (13,22) <-> (13,21), t=23
[LNS] Adding edge collision: 15, 5, (12,25) <-> (11,25), t=22
[LNS] Lazy solving iteration 1...
DEBUG: CNF has 45394 clauses
DEBUG: First clause: 1 
DEBUG: Adding 45394 clauses to MiniSAT
[LNS] Local problem is unsatisfiable after 1 iterations
[LNS] No Solution found -> Safety run solving without assignment
[LNS] Lazy solving iteration 2...
DEBUG: CNF has 45394 clauses
DEBUG: First clause: 1 
DEBUG: Adding 45394 clauses to MiniSAT
[LNS] Local problem is unsatisfiable after 2 iterations
[LNS] No Solution found + Safety run failed -> UNSAT
[LNS] Failed to find local solution after 10000 iterations
[LNS] Local problem appears to be unsatisfiable in current zone
[LNS] Expanded MDD did not resolve conflicts, trying next agent...
[LNS] Updated collision tracking: 22 vertex collisions, 4 edge collisions
[LNS] Waiting time attempt 22...
[LNS] Will expand MDD for 6 chosen agents involved in 26 conflicts
  Agent 5 used 1 waiting timesteps, 17 remaining
[LNS] Expanding MDD for agent 5 by 1 timestep
[LNS] Updated agent 5 entry/exit time: [20, 31]
  Agent 22 used 1 waiting timesteps, 24 remaining
[LNS] Expanding MDD for agent 22 by 1 timestep
[LNS] Updated agent 22 entry/exit time: [8, 37]
  Agent 57 used 1 waiting timesteps, 31 remaining
[LNS] Expanding MDD for agent 57 by 1 timestep
[LNS] Updated agent 57 entry/exit time: [8, 34]
  Agent 68 used 1 waiting timesteps, 1 remaining
[LNS] Expanding MDD for agent 68 by 1 timestep
[LNS] Updated agent 68 entry/exit time: [12, 42]
  Agent 75 used 1 waiting timesteps, 19 remaining
[LNS] Expanding MDD for agent 75 by 1 timestep
[LNS] Updated agent 75 entry/exit time: [24, 54]
  Agent 88 used 1 waiting timesteps, 3 remaining
[LNS] Expanding MDD for agent 88 by 1 timestep
[LNS] Updated agent 88 entry/exit time: [22, 52]
[LNS] Time window extended: [8, 32] -> [8, 54]
[LNS] Found 3 new agents in extended time window: 17 30 75 
[LNS] Local zone agents: 56 2 15 5 57 82 80 22 61 68 81 17 75 30 88 
[LNS] New agents already in local zone: 17 30 75 
[LNS] New agent 17 was present at the previous last timestep
[LNS] New agent 17 is a continuing agent
[LNS] New agent 17 local segment t=[32,54] len=23
[LNS] Created MDD for new agent 17
[LNS] New agent 30 was present at the previous last timestep
[LNS] New agent 30 is a continuing agent
[LNS] New agent 30 local segment t=[41,54] len=14
[LNS] Created MDD for new agent 30
[LNS] Recreating local CNF with expanded MDDs
[LNS] Attempting lazy solving with expanded MDD...
[LNS] Starting lazy solving of conflict zone...
[LNS] Adding 22 pre-discovered vertex collisions...
[LNS] Adding 4 pre-discovered edge collisions...
[LNS] Known edge collisions: 
[LNS] Adding edge collision: 82, 57, (9,24) <-> (10,24), t=9
[LNS] Adding edge collision: 15, 5, (11,25) <-> (10,25), t=21
[LNS] Adding edge collision: 2, 88, (13,22) <-> (13,21), t=23
[LNS] Adding edge collision: 15, 5, (12,25) <-> (11,25), t=22
[LNS] Lazy solving iteration 1...
DEBUG: CNF has 48164 clauses
DEBUG: First clause: 1 
DEBUG: Adding 48164 clauses to MiniSAT
[LNS] Local problem is unsatisfiable after 1 iterations
[LNS] No Solution found -> Safety run solving without assignment
[LNS] Lazy solving iteration 2...
DEBUG: CNF has 48164 clauses
DEBUG: First clause: 1 
DEBUG: Adding 48164 clauses to MiniSAT
[LNS] Local problem is unsatisfiable after 2 iterations
[LNS] No Solution found + Safety run failed -> UNSAT
[LNS] Failed to find local solution after 10000 iterations
[LNS] Local problem appears to be unsatisfiable in current zone
[LNS] Expanded MDD did not resolve conflicts, trying next agent...
[LNS] Updated collision tracking: 22 vertex collisions, 4 edge collisions
[LNS] Waiting time attempt 23...
[LNS] Will expand MDD for 6 chosen agents involved in 26 conflicts
  Agent 15 used 1 waiting timesteps, 16 remaining
[LNS] Expanding MDD for agent 15 by 1 timestep
[LNS] Updated agent 15 entry/exit time: [20, 44]
  Agent 22 used 1 waiting timesteps, 23 remaining
[LNS] Expanding MDD for agent 22 by 1 timestep
[LNS] Updated agent 22 entry/exit time: [8, 38]
  Agent 57 used 1 waiting timesteps, 30 remaining
[LNS] Expanding MDD for agent 57 by 1 timestep
[LNS] Updated agent 57 entry/exit time: [8, 35]
  Agent 68 used 1 waiting timesteps, 0 remaining
[LNS] Expanding MDD for agent 68 by 1 timestep
[LNS] Updated agent 68 entry/exit time: [12, 43]
  Agent 75 used 1 waiting timesteps, 18 remaining
[LNS] Expanding MDD for agent 75 by 1 timestep
[LNS] Updated agent 75 entry/exit time: [24, 55]
  Agent 88 used 1 waiting timesteps, 2 remaining
[LNS] Expanding MDD for agent 88 by 1 timestep
[LNS] Updated agent 88 entry/exit time: [22, 53]
[LNS] Time window extended: [8, 32] -> [8, 55]
[LNS] Found 3 new agents in extended time window: 17 30 75 
[LNS] Local zone agents: 56 2 15 5 57 82 80 22 61 68 81 17 75 30 88 
[LNS] New agents already in local zone: 17 30 75 
[LNS] New agent 17 was present at the previous last timestep
[LNS] New agent 17 is a continuing agent
[LNS] New agent 17 local segment t=[32,55] len=24
[LNS] Created MDD for new agent 17
[LNS] New agent 30 was present at the previous last timestep
[LNS] New agent 30 is a continuing agent
[LNS] New agent 30 local segment t=[41,55] len=15
[LNS] Created MDD for new agent 30
[LNS] Recreating local CNF with expanded MDDs
[LNS] Attempting lazy solving with expanded MDD...
[LNS] Starting lazy solving of conflict zone...
[LNS] Adding 22 pre-discovered vertex collisions...
[LNS] Adding 4 pre-discovered edge collisions...
[LNS] Known edge collisions: 
[LNS] Adding edge collision: 82, 57, (9,24) <-> (10,24), t=9
[LNS] Adding edge collision: 15, 5, (11,25) <-> (10,25), t=21
[LNS] Adding edge collision: 2, 88, (13,22) <-> (13,21), t=23
[LNS] Adding edge collision: 15, 5, (12,25) <-> (11,25), t=22
[LNS] Lazy solving iteration 1...
DEBUG: CNF has 50980 clauses
DEBUG: First clause: 1 
DEBUG: Adding 50980 clauses to MiniSAT
[LNS] Local problem is unsatisfiable after 1 iterations
[LNS] No Solution found -> Safety run solving without assignment
[LNS] Lazy solving iteration 2...
DEBUG: CNF has 50980 clauses
DEBUG: First clause: 1 
DEBUG: Adding 50980 clauses to MiniSAT
[LNS] Local problem is unsatisfiable after 2 iterations
[LNS] No Solution found + Safety run failed -> UNSAT
[LNS] Failed to find local solution after 10000 iterations
[LNS] Local problem appears to be unsatisfiable in current zone
[LNS] Expanded MDD did not resolve conflicts, trying next agent...
[LNS] Updated collision tracking: 22 vertex collisions, 4 edge collisions
[LNS] Waiting time attempt 24...
[LNS] No more waiting time available for conflict resolution
[LNS] Waiting time strategies exhausted, restoring backup...
[LNS] Restored waiting times from backup
[LNS] Waiting time strategy failed, checking bucket size...
[LNS] Original bucket coverage: 1.12847% of map (26/2304 cells)
[LNS] Original bucket coverage is 1.12847%, can still expand. Will try expansion factor 1
[LNS] Attempting resolution with expansion factor 1...
[LNS] Expanding bucket with expansion factor 1...
[LNS] Restoring original waiting times...
[LNS] Restored waiting times from backup
[LNS] Creating expanded bucket with offset 2 (original: 1)
[LNS] Expanded bucket contains 44 positions (original: 26)
[LNS] Checking 18 new positions for conflicts (efficient approach)
[LNS] creating zone with expanded bucket...
[LNS] Found 22 agents in expanded zone (original: 15)
[LNS] ERROR:  Agent 2 local segment t=[15,25] len=11
[LNS] ERROR:  Agent 5 local segment t=[19,29] len=11
[LNS] ERROR:  Agent 15 local segment t=[19,27] len=9
[LNS] ERROR:  Agent 17 local segment t=[31,67] len=37
[LNS] ERROR:  Agent 22 local segment t=[7,16] len=10
[LNS] ERROR:  Agent 30 local segment t=[40,67] len=28
[LNS] ERROR:  Agent 32 local segment t=[0,0] len=1
[LNS] ERROR:  Agent 39 local segment t=[0,8] len=9
[LNS] ERROR:  Agent 41 local segment t=[10,12] len=3
[LNS] ERROR:  Agent 56 local segment t=[43,46] len=4
[LNS] ERROR:  Agent 57 local segment t=[5,13] len=9
[LNS] ERROR:  Agent 61 local segment t=[27,34] len=8
[LNS] ERROR:  Agent 62 local segment t=[12,13] len=2
[LNS] ERROR:  Agent 63 local segment t=[20,20] len=1
[LNS] ERROR:  Agent 68 local segment t=[11,21] len=11
[LNS] ERROR:  Agent 75 local segment t=[23,67] len=45
[LNS] ERROR:  Agent 76 local segment t=[4,7] len=4
[LNS] ERROR:  Agent 80 local segment t=[5,12] len=8
[LNS] ERROR:  Agent 81 local segment t=[8,18] len=11
[LNS] ERROR:  Agent 82 local segment t=[7,17] len=11
[LNS] ERROR:  Agent 88 local segment t=[21,31] len=11
[LNS] ERROR:  Agent 93 local segment t=[0,5] len=6
terminate called after throwing an instance of 'std::invalid_argument'
  what():  Goal position is not on a free cell
